<?xml version="1.0" encoding="UTF-8"?>
<testsuites name="FR_08" time="31.279" tests="2" failures="0" errors="0">
   <testsuite name="FR_08" tests="2" failures="0" errors="0" time="31.279" skipped="0" timestamp="2022-07-21 11:48:25" hostname="ASUS - LAPTOP-U8BGHACE" id="Test Suites/FR_08">
      <properties>
         <property name="deviceName" value=""/>
         <property name="devicePlatform" value=""/>
         <property name="logFolder" value="E:\\Telkom University\\SEMESTER 7\\KP\\Magang - Birutekno\\QA\\Soca-AI\\Reports\\20220721_114823\\FR_08\\20220721_114823"/>
         <property name="logFiles" value="E:\\Telkom University\\SEMESTER 7\\KP\\Magang - Birutekno\\QA\\Soca-AI\\Reports\\20220721_114823\\FR_08\\20220721_114823\\execution0.log"/>
         <property name="attachments" value=""/>
         <property name="hostName" value="ASUS - LAPTOP-U8BGHACE"/>
         <property name="os" value="Windows 10 64bit"/>
         <property name="katalonVersion" value="8.4.0.208"/>
         <property name="browser" value="Chrome 103.0.5060.134"/>
         <property name="hostAddress" value="192.168.0.5"/>
         <property name="sessionId" value="abc69a7508991933b1c3645ac77e336e"/>
         <property name="seleniumVersion" value="3.141.59"/>
         <property name="proxyInformation" value="ProxyInformation { proxyOption=NO_PROXY, proxyServerType=HTTP, username=, password=********, proxyServerAddress=, proxyServerPort=0, executionList=&quot;&quot;, isApplyToDesiredCapabilities=true }"/>
         <property name="platform" value="Windows 10"/>
      </properties>
      <testcase name="Test Cases/TC_58" time="15.989" classname="Test Cases/TC_58" status="PASSED">
         <system-out><![CDATA[2022-07-21 11:48:25 - [TEST_CASE][PASSED] - Test Cases/TC_58: Test Cases/TC_58

2022-07-21 11:48:26 - [TEST_STEP][PASSED] - openBrowser(""): Browser is opened with url: ''

2022-07-21 11:48:26 - [MESSAGE][INFO] - Starting 'Chrome' driver

2022-07-21 11:48:26 - [MESSAGE][INFO] - Action delay is set to 0 milliseconds

2022-07-21 11:48:28 - [MESSAGE][PASSED] - Browser is opened with url: ''

2022-07-21 11:48:28 - [TEST_STEP][PASSED] - navigateToUrl("https://soca.ai/home"): Navigate to 'https://soca.ai/home' successfully

2022-07-21 11:48:29 - [MESSAGE][PASSED] - Navigate to 'https://soca.ai/home' successfully

2022-07-21 11:48:29 - [TEST_STEP][PASSED] - click(findTestObject("Object Repository/tc58/Page_soca.ai/a_Sign In")): Object: 'Object Repository/tc58/Page_soca.ai/a_Sign In' is clicked on

2022-07-21 11:48:31 - [MESSAGE][PASSED] - Object: 'Object Repository/tc58/Page_soca.ai/a_Sign In' is clicked on

2022-07-21 11:48:31 - [TEST_STEP][PASSED] - setText(findTestObject("Object Repository/tc58/Page_soca-dashboarduser/input_Email_form-control"), "kp3skp.dev@gmail.com"): Text 'kp3skp.dev@gmail.com' is set on object 'Object Repository/tc58/Page_soca-dashboarduser/input_Email_form-control'

2022-07-21 11:48:31 - [MESSAGE][PASSED] - Text 'kp3skp.dev@gmail.com' is set on object 'Object Repository/tc58/Page_soca-dashboarduser/input_Email_form-control'

2022-07-21 11:48:31 - [TEST_STEP][PASSED] - setEncryptedText(findTestObject("Object Repository/tc58/Page_soca-dashboarduser/input_Password_form-control mb-2"), "RigbBhfdqODKcAsiUrg+1Q=="): Text ****** has been set on object 'Object Repository/tc58/Page_soca-dashboarduser/input_Password_form-control mb-2'

2022-07-21 11:48:32 - [MESSAGE][PASSED] - Text ****** has been set on object 'Object Repository/tc58/Page_soca-dashboarduser/input_Password_form-control mb-2'

2022-07-21 11:48:32 - [TEST_STEP][PASSED] - click(findTestObject("Object Repository/tc58/Page_soca-dashboarduser/button_Sign In")): Object: 'Object Repository/tc58/Page_soca-dashboarduser/button_Sign In' is clicked on

2022-07-21 11:48:32 - [MESSAGE][PASSED] - Object: 'Object Repository/tc58/Page_soca-dashboarduser/button_Sign In' is clicked on

2022-07-21 11:48:32 - [TEST_STEP][PASSED] - click(findTestObject("Object Repository/tc58/Page_soca-dashboarduser/button_OK")): Object: 'Object Repository/tc58/Page_soca-dashboarduser/button_OK' is clicked on

2022-07-21 11:48:33 - [MESSAGE][PASSED] - Object: 'Object Repository/tc58/Page_soca-dashboarduser/button_OK' is clicked on

2022-07-21 11:48:33 - [TEST_STEP][PASSED] - click(findTestObject("Object Repository/tc58/Page_soca-dashboarduser/a_Projects")): Object: 'Object Repository/tc58/Page_soca-dashboarduser/a_Projects' is clicked on

2022-07-21 11:48:35 - [MESSAGE][PASSED] - Object: 'Object Repository/tc58/Page_soca-dashboarduser/a_Projects' is clicked on

2022-07-21 11:48:35 - [TEST_STEP][PASSED] - click(findTestObject("Object Repository/tc58/Page_soca-dashboarduser/button_Dashboard")): Object: 'Object Repository/tc58/Page_soca-dashboarduser/button_Dashboard' is clicked on

2022-07-21 11:48:36 - [MESSAGE][PASSED] - Object: 'Object Repository/tc58/Page_soca-dashboarduser/button_Dashboard' is clicked on

2022-07-21 11:48:36 - [TEST_STEP][PASSED] - click(findTestObject("Object Repository/tc58/Page_soca-ai-proctoring-dashboard/span_Schedule")): Object: 'Object Repository/tc58/Page_soca-ai-proctoring-dashboard/span_Schedule' is clicked on

2022-07-21 11:48:38 - [MESSAGE][PASSED] - Object: 'Object Repository/tc58/Page_soca-ai-proctoring-dashboard/span_Schedule' is clicked on

2022-07-21 11:48:38 - [TEST_STEP][PASSED] - click(findTestObject("Object Repository/tc58/Page_soca-ai-proctoring-dashboard/svg_-_bi-trash-fill b-icon bi")): Object: 'Object Repository/tc58/Page_soca-ai-proctoring-dashboard/svg_-_bi-trash-fill b-icon bi' is clicked on

2022-07-21 11:48:39 - [MESSAGE][PASSED] - Object: 'Object Repository/tc58/Page_soca-ai-proctoring-dashboard/svg_-_bi-trash-fill b-icon bi' is clicked on

2022-07-21 11:48:39 - [TEST_STEP][PASSED] - click(findTestObject("Object Repository/tc58/Page_soca-ai-proctoring-dashboard/button_Delete")): Object: 'Object Repository/tc58/Page_soca-ai-proctoring-dashboard/button_Delete' is clicked on

2022-07-21 11:48:40 - [MESSAGE][PASSED] - Object: 'Object Repository/tc58/Page_soca-ai-proctoring-dashboard/button_Delete' is clicked on

2022-07-21 11:48:40 - [TEST_STEP][PASSED] - click(findTestObject("Object Repository/tc58/Page_soca-ai-proctoring-dashboard/button_OK")): Object: 'Object Repository/tc58/Page_soca-ai-proctoring-dashboard/button_OK' is clicked on

2022-07-21 11:48:41 - [MESSAGE][PASSED] - Object: 'Object Repository/tc58/Page_soca-ai-proctoring-dashboard/button_OK' is clicked on

2022-07-21 11:48:41 - [TEST_STEP][PASSED] - closeBrowser(): Browser is closed

2022-07-21 11:48:41 - [MESSAGE][PASSED] - Browser is closed]]></system-out>
         <system-err><![CDATA[]]></system-err>
      </testcase>
      <testcase name="Test Cases/TC_59" time="15.057" classname="Test Cases/TC_59" status="PASSED">
         <system-out><![CDATA[2022-07-21 11:48:41 - [TEST_CASE][PASSED] - Test Cases/TC_59: Test Cases/TC_59

2022-07-21 11:48:42 - [TEST_STEP][PASSED] - openBrowser(""): Browser is opened with url: ''

2022-07-21 11:48:42 - [MESSAGE][INFO] - Starting 'Chrome' driver

2022-07-21 11:48:42 - [MESSAGE][INFO] - Action delay is set to 0 milliseconds

2022-07-21 11:48:43 - [MESSAGE][PASSED] - Browser is opened with url: ''

2022-07-21 11:48:43 - [TEST_STEP][PASSED] - navigateToUrl("https://soca.ai/home"): Navigate to 'https://soca.ai/home' successfully

2022-07-21 11:48:44 - [MESSAGE][PASSED] - Navigate to 'https://soca.ai/home' successfully

2022-07-21 11:48:44 - [TEST_STEP][PASSED] - click(findTestObject("Object Repository/tc59/Page_soca.ai/a_Sign In")): Object: 'Object Repository/tc59/Page_soca.ai/a_Sign In' is clicked on

2022-07-21 11:48:46 - [MESSAGE][PASSED] - Object: 'Object Repository/tc59/Page_soca.ai/a_Sign In' is clicked on

2022-07-21 11:48:46 - [TEST_STEP][PASSED] - setText(findTestObject("Object Repository/tc59/Page_soca-dashboarduser/input_Email_form-control"), "kp3skp.dev@gmail.com"): Text 'kp3skp.dev@gmail.com' is set on object 'Object Repository/tc59/Page_soca-dashboarduser/input_Email_form-control'

2022-07-21 11:48:46 - [MESSAGE][PASSED] - Text 'kp3skp.dev@gmail.com' is set on object 'Object Repository/tc59/Page_soca-dashboarduser/input_Email_form-control'

2022-07-21 11:48:46 - [TEST_STEP][PASSED] - setEncryptedText(findTestObject("Object Repository/tc59/Page_soca-dashboarduser/input_Password_form-control mb-2"), "RigbBhfdqODKcAsiUrg+1Q=="): Text ****** has been set on object 'Object Repository/tc59/Page_soca-dashboarduser/input_Password_form-control mb-2'

2022-07-21 11:48:47 - [MESSAGE][PASSED] - Text ****** has been set on object 'Object Repository/tc59/Page_soca-dashboarduser/input_Password_form-control mb-2'

2022-07-21 11:48:47 - [TEST_STEP][PASSED] - click(findTestObject("Object Repository/tc59/Page_soca-dashboarduser/button_Sign In")): Object: 'Object Repository/tc59/Page_soca-dashboarduser/button_Sign In' is clicked on

2022-07-21 11:48:47 - [MESSAGE][PASSED] - Object: 'Object Repository/tc59/Page_soca-dashboarduser/button_Sign In' is clicked on

2022-07-21 11:48:47 - [TEST_STEP][PASSED] - click(findTestObject("Object Repository/tc59/Page_soca-dashboarduser/button_OK")): Object: 'Object Repository/tc59/Page_soca-dashboarduser/button_OK' is clicked on

2022-07-21 11:48:48 - [MESSAGE][PASSED] - Object: 'Object Repository/tc59/Page_soca-dashboarduser/button_OK' is clicked on

2022-07-21 11:48:48 - [TEST_STEP][PASSED] - click(findTestObject("Object Repository/tc59/Page_soca-dashboarduser/a_Projects")): Object: 'Object Repository/tc59/Page_soca-dashboarduser/a_Projects' is clicked on

2022-07-21 11:48:50 - [MESSAGE][PASSED] - Object: 'Object Repository/tc59/Page_soca-dashboarduser/a_Projects' is clicked on

2022-07-21 11:48:50 - [TEST_STEP][PASSED] - click(findTestObject("Object Repository/tc59/Page_soca-dashboarduser/button_Dashboard")): Object: 'Object Repository/tc59/Page_soca-dashboarduser/button_Dashboard' is clicked on

2022-07-21 11:48:51 - [MESSAGE][PASSED] - Object: 'Object Repository/tc59/Page_soca-dashboarduser/button_Dashboard' is clicked on

2022-07-21 11:48:51 - [TEST_STEP][PASSED] - click(findTestObject("Object Repository/tc59/Page_soca-ai-proctoring-dashboard/span_Schedule")): Object: 'Object Repository/tc59/Page_soca-ai-proctoring-dashboard/span_Schedule' is clicked on

2022-07-21 11:48:53 - [MESSAGE][PASSED] - Object: 'Object Repository/tc59/Page_soca-ai-proctoring-dashboard/span_Schedule' is clicked on

2022-07-21 11:48:53 - [TEST_STEP][PASSED] - click(findTestObject("Object Repository/tc59/Page_soca-ai-proctoring-dashboard/svg_-_bi-trash-fill b-icon bi")): Object: 'Object Repository/tc59/Page_soca-ai-proctoring-dashboard/svg_-_bi-trash-fill b-icon bi' is clicked on

2022-07-21 11:48:54 - [MESSAGE][PASSED] - Object: 'Object Repository/tc59/Page_soca-ai-proctoring-dashboard/svg_-_bi-trash-fill b-icon bi' is clicked on

2022-07-21 11:48:54 - [TEST_STEP][PASSED] - click(findTestObject("Object Repository/tc59/Page_soca-ai-proctoring-dashboard/button_Delete")): Object: 'Object Repository/tc59/Page_soca-ai-proctoring-dashboard/button_Delete' is clicked on

2022-07-21 11:48:55 - [MESSAGE][PASSED] - Object: 'Object Repository/tc59/Page_soca-ai-proctoring-dashboard/button_Delete' is clicked on

2022-07-21 11:48:55 - [TEST_STEP][PASSED] - click(findTestObject("Object Repository/tc59/Page_soca-ai-proctoring-dashboard/button_OK")): Object: 'Object Repository/tc59/Page_soca-ai-proctoring-dashboard/button_OK' is clicked on

2022-07-21 11:48:56 - [MESSAGE][PASSED] - Object: 'Object Repository/tc59/Page_soca-ai-proctoring-dashboard/button_OK' is clicked on

2022-07-21 11:48:56 - [TEST_STEP][PASSED] - closeBrowser(): Browser is closed

2022-07-21 11:48:56 - [MESSAGE][PASSED] - Browser is closed]]></system-out>
         <system-err><![CDATA[]]></system-err>
      </testcase>
      <system-out><![CDATA[2022-07-21 11:48:25 - [TEST_SUITE][PASSED] - FR_08: Test Cases/TC_59]]></system-out>
      <system-err><![CDATA[]]></system-err>
   </testsuite>
</testsuites>
