<?xml version="1.0" encoding="UTF-8"?>
<testsuites name="FR_07" time="162.688" tests="9" failures="0" errors="0">
   <testsuite name="FR_07" tests="9" failures="0" errors="0" time="162.688" skipped="0" timestamp="2022-07-21 11:27:30" hostname="ASUS - LAPTOP-U8BGHACE" id="Test Suites/FR_07">
      <properties>
         <property name="deviceName" value=""/>
         <property name="devicePlatform" value=""/>
         <property name="logFolder" value="E:\\Telkom University\\SEMESTER 7\\KP\\Magang - Birutekno\\QA\\Soca-AI\\Reports\\20220721_112728\\FR_07\\20220721_112728"/>
         <property name="logFiles" value="E:\\Telkom University\\SEMESTER 7\\KP\\Magang - Birutekno\\QA\\Soca-AI\\Reports\\20220721_112728\\FR_07\\20220721_112728\\execution0.log"/>
         <property name="attachments" value=""/>
         <property name="hostName" value="ASUS - LAPTOP-U8BGHACE"/>
         <property name="os" value="Windows 10 64bit"/>
         <property name="katalonVersion" value="8.4.0.208"/>
         <property name="browser" value="Chrome 103.0.5060.134"/>
         <property name="hostAddress" value="192.168.0.5"/>
         <property name="sessionId" value="e0934281f107a47c91c10aec0ebd6952"/>
         <property name="seleniumVersion" value="3.141.59"/>
         <property name="proxyInformation" value="ProxyInformation { proxyOption=NO_PROXY, proxyServerType=HTTP, username=, password=********, proxyServerAddress=, proxyServerPort=0, executionList=&quot;&quot;, isApplyToDesiredCapabilities=true }"/>
         <property name="platform" value="Windows 10"/>
      </properties>
      <testcase name="Test Cases/TC_49" time="19.294" classname="Test Cases/TC_49" status="PASSED">
         <system-out><![CDATA[2022-07-21 11:27:30 - [TEST_CASE][PASSED] - Test Cases/TC_49: Test Cases/TC_49

2022-07-21 11:27:31 - [TEST_STEP][PASSED] - openBrowser(""): Browser is opened with url: ''

2022-07-21 11:27:31 - [MESSAGE][INFO] - Starting 'Chrome' driver

2022-07-21 11:27:31 - [MESSAGE][INFO] - Action delay is set to 0 milliseconds

2022-07-21 11:27:33 - [MESSAGE][PASSED] - Browser is opened with url: ''

2022-07-21 11:27:33 - [TEST_STEP][PASSED] - navigateToUrl("https://soca.ai/home"): Navigate to 'https://soca.ai/home' successfully

2022-07-21 11:27:35 - [MESSAGE][PASSED] - Navigate to 'https://soca.ai/home' successfully

2022-07-21 11:27:35 - [TEST_STEP][PASSED] - click(findTestObject("Object Repository/tc49/Page_soca.ai/a_Sign In")): Object: 'Object Repository/tc49/Page_soca.ai/a_Sign In' is clicked on

2022-07-21 11:27:38 - [MESSAGE][PASSED] - Object: 'Object Repository/tc49/Page_soca.ai/a_Sign In' is clicked on

2022-07-21 11:27:38 - [TEST_STEP][PASSED] - setText(findTestObject("Object Repository/tc49/Page_soca-dashboarduser/input_Email_form-control"), "kp3skp.dev@gmail.com"): Text 'kp3skp.dev@gmail.com' is set on object 'Object Repository/tc49/Page_soca-dashboarduser/input_Email_form-control'

2022-07-21 11:27:38 - [MESSAGE][PASSED] - Text 'kp3skp.dev@gmail.com' is set on object 'Object Repository/tc49/Page_soca-dashboarduser/input_Email_form-control'

2022-07-21 11:27:38 - [TEST_STEP][PASSED] - setEncryptedText(findTestObject("Object Repository/tc49/Page_soca-dashboarduser/input_Password_form-control mb-2"), "RigbBhfdqODKcAsiUrg+1Q=="): Text ****** has been set on object 'Object Repository/tc49/Page_soca-dashboarduser/input_Password_form-control mb-2'

2022-07-21 11:27:39 - [MESSAGE][PASSED] - Text ****** has been set on object 'Object Repository/tc49/Page_soca-dashboarduser/input_Password_form-control mb-2'

2022-07-21 11:27:39 - [TEST_STEP][PASSED] - click(findTestObject("Object Repository/tc49/Page_soca-dashboarduser/button_Sign In")): Object: 'Object Repository/tc49/Page_soca-dashboarduser/button_Sign In' is clicked on

2022-07-21 11:27:39 - [MESSAGE][PASSED] - Object: 'Object Repository/tc49/Page_soca-dashboarduser/button_Sign In' is clicked on

2022-07-21 11:27:39 - [TEST_STEP][PASSED] - click(findTestObject("Object Repository/tc49/Page_soca-dashboarduser/button_OK")): Object: 'Object Repository/tc49/Page_soca-dashboarduser/button_OK' is clicked on

2022-07-21 11:27:40 - [MESSAGE][PASSED] - Object: 'Object Repository/tc49/Page_soca-dashboarduser/button_OK' is clicked on

2022-07-21 11:27:40 - [TEST_STEP][PASSED] - click(findTestObject("Object Repository/tc49/Page_soca-dashboarduser/a_Projects")): Object: 'Object Repository/tc49/Page_soca-dashboarduser/a_Projects' is clicked on

2022-07-21 11:27:42 - [MESSAGE][PASSED] - Object: 'Object Repository/tc49/Page_soca-dashboarduser/a_Projects' is clicked on

2022-07-21 11:27:42 - [TEST_STEP][PASSED] - click(findTestObject("Object Repository/tc49/Page_soca-dashboarduser/button_Dashboard")): Object: 'Object Repository/tc49/Page_soca-dashboarduser/button_Dashboard' is clicked on

2022-07-21 11:27:43 - [MESSAGE][PASSED] - Object: 'Object Repository/tc49/Page_soca-dashboarduser/button_Dashboard' is clicked on

2022-07-21 11:27:43 - [TEST_STEP][PASSED] - click(findTestObject("Object Repository/tc49/Page_soca-ai-proctoring-dashboard/span_Schedule")): Object: 'Object Repository/tc49/Page_soca-ai-proctoring-dashboard/span_Schedule' is clicked on

2022-07-21 11:27:46 - [MESSAGE][PASSED] - Object: 'Object Repository/tc49/Page_soca-ai-proctoring-dashboard/span_Schedule' is clicked on

2022-07-21 11:27:46 - [TEST_STEP][PASSED] - click(findTestObject("Object Repository/tc49/Page_soca-ai-proctoring-dashboard/svg_-_bi-pencil-square b-icon bi")): Object: 'Object Repository/tc49/Page_soca-ai-proctoring-dashboard/svg_-_bi-pencil-square b-icon bi' is clicked on

2022-07-21 11:27:47 - [MESSAGE][PASSED] - Object: 'Object Repository/tc49/Page_soca-ai-proctoring-dashboard/svg_-_bi-pencil-square b-icon bi' is clicked on

2022-07-21 11:27:47 - [TEST_STEP][PASSED] - selectOptionByValue(findTestObject("Object Repository/tc49/Page_soca-ai-proctoring-dashboard/select_--Select Event Name--Ujiantesuas"), "62cce01aaed847c7e3027d7c", true): All options with value '62cce01aaed847c7e3027d7c' are selected in object 'Object Repository/tc49/Page_soca-ai-proctoring-dashboard/select_--Select Event Name--Ujiantesuas'  using regular expression

2022-07-21 11:27:48 - [MESSAGE][PASSED] - All options with value '62cce01aaed847c7e3027d7c' are selected in object 'Object Repository/tc49/Page_soca-ai-proctoring-dashboard/select_--Select Event Name--Ujiantesuas'  using regular expression

2022-07-21 11:27:48 - [TEST_STEP][PASSED] - click(findTestObject("Object Repository/tc49/Page_soca-ai-proctoring-dashboard/button_Edit")): Object: 'Object Repository/tc49/Page_soca-ai-proctoring-dashboard/button_Edit' is clicked on

2022-07-21 11:27:48 - [MESSAGE][PASSED] - Object: 'Object Repository/tc49/Page_soca-ai-proctoring-dashboard/button_Edit' is clicked on

2022-07-21 11:27:48 - [TEST_STEP][PASSED] - click(findTestObject("Object Repository/tc49/Page_soca-ai-proctoring-dashboard/button_OK")): Object: 'Object Repository/tc49/Page_soca-ai-proctoring-dashboard/button_OK' is clicked on

2022-07-21 11:27:49 - [MESSAGE][PASSED] - Object: 'Object Repository/tc49/Page_soca-ai-proctoring-dashboard/button_OK' is clicked on

2022-07-21 11:27:49 - [TEST_STEP][PASSED] - closeBrowser(): Browser is closed

2022-07-21 11:27:50 - [MESSAGE][PASSED] - Browser is closed]]></system-out>
         <system-err><![CDATA[]]></system-err>
      </testcase>
      <testcase name="Test Cases/TC_50" time="15.879" classname="Test Cases/TC_50" status="PASSED">
         <system-out><![CDATA[2022-07-21 11:27:50 - [TEST_CASE][PASSED] - Test Cases/TC_50: Test Cases/TC_50

2022-07-21 11:27:50 - [TEST_STEP][PASSED] - openBrowser(""): Browser is opened with url: ''

2022-07-21 11:27:50 - [MESSAGE][INFO] - Starting 'Chrome' driver

2022-07-21 11:27:50 - [MESSAGE][INFO] - Action delay is set to 0 milliseconds

2022-07-21 11:27:51 - [MESSAGE][PASSED] - Browser is opened with url: ''

2022-07-21 11:27:51 - [TEST_STEP][PASSED] - navigateToUrl("https://soca.ai/home"): Navigate to 'https://soca.ai/home' successfully

2022-07-21 11:27:52 - [MESSAGE][PASSED] - Navigate to 'https://soca.ai/home' successfully

2022-07-21 11:27:52 - [TEST_STEP][PASSED] - click(findTestObject("Object Repository/tc50/Page_soca.ai/a_Sign In")): Object: 'Object Repository/tc50/Page_soca.ai/a_Sign In' is clicked on

2022-07-21 11:27:54 - [MESSAGE][PASSED] - Object: 'Object Repository/tc50/Page_soca.ai/a_Sign In' is clicked on

2022-07-21 11:27:54 - [TEST_STEP][PASSED] - setText(findTestObject("Object Repository/tc50/Page_soca-dashboarduser/input_Email_form-control"), "kp3skp.dev@gmail.com"): Text 'kp3skp.dev@gmail.com' is set on object 'Object Repository/tc50/Page_soca-dashboarduser/input_Email_form-control'

2022-07-21 11:27:55 - [MESSAGE][PASSED] - Text 'kp3skp.dev@gmail.com' is set on object 'Object Repository/tc50/Page_soca-dashboarduser/input_Email_form-control'

2022-07-21 11:27:55 - [TEST_STEP][PASSED] - setEncryptedText(findTestObject("Object Repository/tc50/Page_soca-dashboarduser/input_Password_form-control mb-2"), "RigbBhfdqODKcAsiUrg+1Q=="): Text ****** has been set on object 'Object Repository/tc50/Page_soca-dashboarduser/input_Password_form-control mb-2'

2022-07-21 11:27:55 - [MESSAGE][PASSED] - Text ****** has been set on object 'Object Repository/tc50/Page_soca-dashboarduser/input_Password_form-control mb-2'

2022-07-21 11:27:55 - [TEST_STEP][PASSED] - click(findTestObject("Object Repository/tc50/Page_soca-dashboarduser/button_Sign In")): Object: 'Object Repository/tc50/Page_soca-dashboarduser/button_Sign In' is clicked on

2022-07-21 11:27:56 - [MESSAGE][PASSED] - Object: 'Object Repository/tc50/Page_soca-dashboarduser/button_Sign In' is clicked on

2022-07-21 11:27:56 - [TEST_STEP][PASSED] - click(findTestObject("Object Repository/tc50/Page_soca-dashboarduser/button_OK")): Object: 'Object Repository/tc50/Page_soca-dashboarduser/button_OK' is clicked on

2022-07-21 11:27:57 - [MESSAGE][PASSED] - Object: 'Object Repository/tc50/Page_soca-dashboarduser/button_OK' is clicked on

2022-07-21 11:27:57 - [TEST_STEP][PASSED] - click(findTestObject("Object Repository/tc50/Page_soca-dashboarduser/a_Projects")): Object: 'Object Repository/tc50/Page_soca-dashboarduser/a_Projects' is clicked on

2022-07-21 11:27:59 - [MESSAGE][PASSED] - Object: 'Object Repository/tc50/Page_soca-dashboarduser/a_Projects' is clicked on

2022-07-21 11:27:59 - [TEST_STEP][PASSED] - click(findTestObject("Object Repository/tc50/Page_soca-dashboarduser/button_Dashboard")): Object: 'Object Repository/tc50/Page_soca-dashboarduser/button_Dashboard' is clicked on

2022-07-21 11:28:00 - [MESSAGE][PASSED] - Object: 'Object Repository/tc50/Page_soca-dashboarduser/button_Dashboard' is clicked on

2022-07-21 11:28:00 - [TEST_STEP][PASSED] - click(findTestObject("Object Repository/tc50/Page_soca-ai-proctoring-dashboard/span_Schedule")): Object: 'Object Repository/tc50/Page_soca-ai-proctoring-dashboard/span_Schedule' is clicked on

2022-07-21 11:28:02 - [MESSAGE][PASSED] - Object: 'Object Repository/tc50/Page_soca-ai-proctoring-dashboard/span_Schedule' is clicked on

2022-07-21 11:28:02 - [TEST_STEP][PASSED] - click(findTestObject("Object Repository/tc50/Page_soca-ai-proctoring-dashboard/svg_-_bi-pencil-square b-icon bi")): Object: 'Object Repository/tc50/Page_soca-ai-proctoring-dashboard/svg_-_bi-pencil-square b-icon bi' is clicked on

2022-07-21 11:28:03 - [MESSAGE][PASSED] - Object: 'Object Repository/tc50/Page_soca-ai-proctoring-dashboard/svg_-_bi-pencil-square b-icon bi' is clicked on

2022-07-21 11:28:03 - [TEST_STEP][PASSED] - setText(findTestObject("Object Repository/tc50/Page_soca-ai-proctoring-dashboard/input_Schedule Name_description"), "Sesi siang"): Text 'Sesi siang' is set on object 'Object Repository/tc50/Page_soca-ai-proctoring-dashboard/input_Schedule Name_description'

2022-07-21 11:28:04 - [MESSAGE][PASSED] - Text 'Sesi siang' is set on object 'Object Repository/tc50/Page_soca-ai-proctoring-dashboard/input_Schedule Name_description'

2022-07-21 11:28:04 - [TEST_STEP][PASSED] - click(findTestObject("Object Repository/tc50/Page_soca-ai-proctoring-dashboard/button_Edit")): Object: 'Object Repository/tc50/Page_soca-ai-proctoring-dashboard/button_Edit' is clicked on

2022-07-21 11:28:04 - [MESSAGE][PASSED] - Object: 'Object Repository/tc50/Page_soca-ai-proctoring-dashboard/button_Edit' is clicked on

2022-07-21 11:28:04 - [TEST_STEP][PASSED] - click(findTestObject("Object Repository/tc50/Page_soca-ai-proctoring-dashboard/button_OK")): Object: 'Object Repository/tc50/Page_soca-ai-proctoring-dashboard/button_OK' is clicked on

2022-07-21 11:28:05 - [MESSAGE][PASSED] - Object: 'Object Repository/tc50/Page_soca-ai-proctoring-dashboard/button_OK' is clicked on

2022-07-21 11:28:05 - [TEST_STEP][PASSED] - closeBrowser(): Browser is closed

2022-07-21 11:28:06 - [MESSAGE][PASSED] - Browser is closed]]></system-out>
         <system-err><![CDATA[]]></system-err>
      </testcase>
      <testcase name="Test Cases/TC_51" time="17.195" classname="Test Cases/TC_51" status="PASSED">
         <system-out><![CDATA[2022-07-21 11:28:06 - [TEST_CASE][PASSED] - Test Cases/TC_51: Test Cases/TC_51

2022-07-21 11:28:06 - [TEST_STEP][PASSED] - openBrowser(""): Browser is opened with url: ''

2022-07-21 11:28:06 - [MESSAGE][INFO] - Starting 'Chrome' driver

2022-07-21 11:28:06 - [MESSAGE][INFO] - Action delay is set to 0 milliseconds

2022-07-21 11:28:07 - [MESSAGE][PASSED] - Browser is opened with url: ''

2022-07-21 11:28:07 - [TEST_STEP][PASSED] - navigateToUrl("https://soca.ai/home"): Navigate to 'https://soca.ai/home' successfully

2022-07-21 11:28:08 - [MESSAGE][PASSED] - Navigate to 'https://soca.ai/home' successfully

2022-07-21 11:28:08 - [TEST_STEP][PASSED] - click(findTestObject("Object Repository/tc51/Page_soca.ai/a_Sign In")): Object: 'Object Repository/tc51/Page_soca.ai/a_Sign In' is clicked on

2022-07-21 11:28:10 - [MESSAGE][PASSED] - Object: 'Object Repository/tc51/Page_soca.ai/a_Sign In' is clicked on

2022-07-21 11:28:10 - [TEST_STEP][PASSED] - setText(findTestObject("Object Repository/tc51/Page_soca-dashboarduser/input_Email_form-control"), "kp3skp.dev@gmail.com"): Text 'kp3skp.dev@gmail.com' is set on object 'Object Repository/tc51/Page_soca-dashboarduser/input_Email_form-control'

2022-07-21 11:28:11 - [MESSAGE][PASSED] - Text 'kp3skp.dev@gmail.com' is set on object 'Object Repository/tc51/Page_soca-dashboarduser/input_Email_form-control'

2022-07-21 11:28:11 - [TEST_STEP][PASSED] - setEncryptedText(findTestObject("Object Repository/tc51/Page_soca-dashboarduser/input_Password_form-control mb-2"), "RigbBhfdqODKcAsiUrg+1Q=="): Text ****** has been set on object 'Object Repository/tc51/Page_soca-dashboarduser/input_Password_form-control mb-2'

2022-07-21 11:28:12 - [MESSAGE][PASSED] - Text ****** has been set on object 'Object Repository/tc51/Page_soca-dashboarduser/input_Password_form-control mb-2'

2022-07-21 11:28:12 - [TEST_STEP][PASSED] - click(findTestObject("Object Repository/tc51/Page_soca-dashboarduser/button_Sign In")): Object: 'Object Repository/tc51/Page_soca-dashboarduser/button_Sign In' is clicked on

2022-07-21 11:28:12 - [MESSAGE][PASSED] - Object: 'Object Repository/tc51/Page_soca-dashboarduser/button_Sign In' is clicked on

2022-07-21 11:28:12 - [TEST_STEP][PASSED] - click(findTestObject("Object Repository/tc51/Page_soca-dashboarduser/button_OK")): Object: 'Object Repository/tc51/Page_soca-dashboarduser/button_OK' is clicked on

2022-07-21 11:28:13 - [MESSAGE][PASSED] - Object: 'Object Repository/tc51/Page_soca-dashboarduser/button_OK' is clicked on

2022-07-21 11:28:13 - [TEST_STEP][PASSED] - click(findTestObject("Object Repository/tc51/Page_soca-dashboarduser/a_Projects")): Object: 'Object Repository/tc51/Page_soca-dashboarduser/a_Projects' is clicked on

2022-07-21 11:28:15 - [MESSAGE][PASSED] - Object: 'Object Repository/tc51/Page_soca-dashboarduser/a_Projects' is clicked on

2022-07-21 11:28:15 - [TEST_STEP][PASSED] - click(findTestObject("Object Repository/tc51/Page_soca-dashboarduser/button_Dashboard")): Object: 'Object Repository/tc51/Page_soca-dashboarduser/button_Dashboard' is clicked on

2022-07-21 11:28:16 - [MESSAGE][PASSED] - Object: 'Object Repository/tc51/Page_soca-dashboarduser/button_Dashboard' is clicked on

2022-07-21 11:28:16 - [TEST_STEP][PASSED] - click(findTestObject("Object Repository/tc51/Page_soca-ai-proctoring-dashboard/span_Schedule")): Object: 'Object Repository/tc51/Page_soca-ai-proctoring-dashboard/span_Schedule' is clicked on

2022-07-21 11:28:19 - [MESSAGE][PASSED] - Object: 'Object Repository/tc51/Page_soca-ai-proctoring-dashboard/span_Schedule' is clicked on

2022-07-21 11:28:19 - [TEST_STEP][PASSED] - click(findTestObject("Object Repository/tc51/Page_soca-ai-proctoring-dashboard/svg_-_bi-pencil-square b-icon bi")): Object: 'Object Repository/tc51/Page_soca-ai-proctoring-dashboard/svg_-_bi-pencil-square b-icon bi' is clicked on

2022-07-21 11:28:20 - [MESSAGE][PASSED] - Object: 'Object Repository/tc51/Page_soca-ai-proctoring-dashboard/svg_-_bi-pencil-square b-icon bi' is clicked on

2022-07-21 11:28:20 - [TEST_STEP][PASSED] - click(findTestObject("Object Repository/tc51/Page_soca-ai-proctoring-dashboard/label_Thursday, July 21, 2022")): Object: 'Object Repository/tc51/Page_soca-ai-proctoring-dashboard/label_Thursday, July 21, 2022' is clicked on

2022-07-21 11:28:21 - [MESSAGE][PASSED] - Object: 'Object Repository/tc51/Page_soca-ai-proctoring-dashboard/label_Thursday, July 21, 2022' is clicked on

2022-07-21 11:28:21 - [TEST_STEP][PASSED] - click(findTestObject("Object Repository/tc51/Page_soca-ai-proctoring-dashboard/span_22")): Object: 'Object Repository/tc51/Page_soca-ai-proctoring-dashboard/span_22' is clicked on

2022-07-21 11:28:21 - [MESSAGE][PASSED] - Object: 'Object Repository/tc51/Page_soca-ai-proctoring-dashboard/span_22' is clicked on

2022-07-21 11:28:21 - [TEST_STEP][PASSED] - click(findTestObject("Object Repository/tc51/Page_soca-ai-proctoring-dashboard/button_Edit")): Object: 'Object Repository/tc51/Page_soca-ai-proctoring-dashboard/button_Edit' is clicked on

2022-07-21 11:28:22 - [MESSAGE][PASSED] - Object: 'Object Repository/tc51/Page_soca-ai-proctoring-dashboard/button_Edit' is clicked on

2022-07-21 11:28:22 - [TEST_STEP][PASSED] - click(findTestObject("Object Repository/tc51/Page_soca-ai-proctoring-dashboard/button_OK")): Object: 'Object Repository/tc51/Page_soca-ai-proctoring-dashboard/button_OK' is clicked on

2022-07-21 11:28:22 - [MESSAGE][PASSED] - Object: 'Object Repository/tc51/Page_soca-ai-proctoring-dashboard/button_OK' is clicked on

2022-07-21 11:28:22 - [TEST_STEP][PASSED] - closeBrowser(): Browser is closed

2022-07-21 11:28:23 - [MESSAGE][PASSED] - Browser is closed]]></system-out>
         <system-err><![CDATA[]]></system-err>
      </testcase>
      <testcase name="Test Cases/TC_52" time="16.593" classname="Test Cases/TC_52" status="PASSED">
         <system-out><![CDATA[2022-07-21 11:28:23 - [TEST_CASE][PASSED] - Test Cases/TC_52: Test Cases/TC_52

2022-07-21 11:28:23 - [TEST_STEP][PASSED] - openBrowser(""): Browser is opened with url: ''

2022-07-21 11:28:23 - [MESSAGE][INFO] - Starting 'Chrome' driver

2022-07-21 11:28:23 - [MESSAGE][INFO] - Action delay is set to 0 milliseconds

2022-07-21 11:28:24 - [MESSAGE][PASSED] - Browser is opened with url: ''

2022-07-21 11:28:24 - [TEST_STEP][PASSED] - navigateToUrl("https://soca.ai/home"): Navigate to 'https://soca.ai/home' successfully

2022-07-21 11:28:25 - [MESSAGE][PASSED] - Navigate to 'https://soca.ai/home' successfully

2022-07-21 11:28:25 - [TEST_STEP][PASSED] - click(findTestObject("Object Repository/tc52/Page_soca.ai/a_Sign In")): Object: 'Object Repository/tc52/Page_soca.ai/a_Sign In' is clicked on

2022-07-21 11:28:28 - [MESSAGE][PASSED] - Object: 'Object Repository/tc52/Page_soca.ai/a_Sign In' is clicked on

2022-07-21 11:28:28 - [TEST_STEP][PASSED] - setText(findTestObject("Object Repository/tc52/Page_soca-dashboarduser/input_Email_form-control"), "kp3skp.dev@gmail.com"): Text 'kp3skp.dev@gmail.com' is set on object 'Object Repository/tc52/Page_soca-dashboarduser/input_Email_form-control'

2022-07-21 11:28:28 - [MESSAGE][PASSED] - Text 'kp3skp.dev@gmail.com' is set on object 'Object Repository/tc52/Page_soca-dashboarduser/input_Email_form-control'

2022-07-21 11:28:28 - [TEST_STEP][PASSED] - setEncryptedText(findTestObject("Object Repository/tc52/Page_soca-dashboarduser/input_Password_form-control mb-2"), "RigbBhfdqODKcAsiUrg+1Q=="): Text ****** has been set on object 'Object Repository/tc52/Page_soca-dashboarduser/input_Password_form-control mb-2'

2022-07-21 11:28:29 - [MESSAGE][PASSED] - Text ****** has been set on object 'Object Repository/tc52/Page_soca-dashboarduser/input_Password_form-control mb-2'

2022-07-21 11:28:29 - [TEST_STEP][PASSED] - click(findTestObject("Object Repository/tc52/Page_soca-dashboarduser/button_Sign In")): Object: 'Object Repository/tc52/Page_soca-dashboarduser/button_Sign In' is clicked on

2022-07-21 11:28:29 - [MESSAGE][PASSED] - Object: 'Object Repository/tc52/Page_soca-dashboarduser/button_Sign In' is clicked on

2022-07-21 11:28:29 - [TEST_STEP][PASSED] - click(findTestObject("Object Repository/tc52/Page_soca-dashboarduser/button_OK")): Object: 'Object Repository/tc52/Page_soca-dashboarduser/button_OK' is clicked on

2022-07-21 11:28:30 - [MESSAGE][PASSED] - Object: 'Object Repository/tc52/Page_soca-dashboarduser/button_OK' is clicked on

2022-07-21 11:28:30 - [TEST_STEP][PASSED] - click(findTestObject("Object Repository/tc52/Page_soca-dashboarduser/a_Projects")): Object: 'Object Repository/tc52/Page_soca-dashboarduser/a_Projects' is clicked on

2022-07-21 11:28:32 - [MESSAGE][PASSED] - Object: 'Object Repository/tc52/Page_soca-dashboarduser/a_Projects' is clicked on

2022-07-21 11:28:32 - [TEST_STEP][PASSED] - click(findTestObject("Object Repository/tc52/Page_soca-dashboarduser/button_Dashboard")): Object: 'Object Repository/tc52/Page_soca-dashboarduser/button_Dashboard' is clicked on

2022-07-21 11:28:33 - [MESSAGE][PASSED] - Object: 'Object Repository/tc52/Page_soca-dashboarduser/button_Dashboard' is clicked on

2022-07-21 11:28:33 - [TEST_STEP][PASSED] - click(findTestObject("Object Repository/tc52/Page_soca-ai-proctoring-dashboard/span_Schedule")): Object: 'Object Repository/tc52/Page_soca-ai-proctoring-dashboard/span_Schedule' is clicked on

2022-07-21 11:28:35 - [MESSAGE][PASSED] - Object: 'Object Repository/tc52/Page_soca-ai-proctoring-dashboard/span_Schedule' is clicked on

2022-07-21 11:28:35 - [TEST_STEP][PASSED] - click(findTestObject("Object Repository/tc52/Page_soca-ai-proctoring-dashboard/svg_-_bi-pencil-square b-icon bi")): Object: 'Object Repository/tc52/Page_soca-ai-proctoring-dashboard/svg_-_bi-pencil-square b-icon bi' is clicked on

2022-07-21 11:28:36 - [MESSAGE][PASSED] - Object: 'Object Repository/tc52/Page_soca-ai-proctoring-dashboard/svg_-_bi-pencil-square b-icon bi' is clicked on

2022-07-21 11:28:36 - [TEST_STEP][PASSED] - click(findTestObject("Object Repository/tc52/Page_soca-ai-proctoring-dashboard/label_Monday, July 25, 2022")): Object: 'Object Repository/tc52/Page_soca-ai-proctoring-dashboard/label_Monday, July 25, 2022' is clicked on

2022-07-21 11:28:37 - [MESSAGE][PASSED] - Object: 'Object Repository/tc52/Page_soca-ai-proctoring-dashboard/label_Monday, July 25, 2022' is clicked on

2022-07-21 11:28:37 - [TEST_STEP][PASSED] - click(findTestObject("Object Repository/tc52/Page_soca-ai-proctoring-dashboard/span_26")): Object: 'Object Repository/tc52/Page_soca-ai-proctoring-dashboard/span_26' is clicked on

2022-07-21 11:28:38 - [MESSAGE][PASSED] - Object: 'Object Repository/tc52/Page_soca-ai-proctoring-dashboard/span_26' is clicked on

2022-07-21 11:28:38 - [TEST_STEP][PASSED] - click(findTestObject("Object Repository/tc52/Page_soca-ai-proctoring-dashboard/button_Edit")): Object: 'Object Repository/tc52/Page_soca-ai-proctoring-dashboard/button_Edit' is clicked on

2022-07-21 11:28:38 - [MESSAGE][PASSED] - Object: 'Object Repository/tc52/Page_soca-ai-proctoring-dashboard/button_Edit' is clicked on

2022-07-21 11:28:38 - [TEST_STEP][PASSED] - click(findTestObject("Object Repository/tc52/Page_soca-ai-proctoring-dashboard/button_OK")): Object: 'Object Repository/tc52/Page_soca-ai-proctoring-dashboard/button_OK' is clicked on

2022-07-21 11:28:39 - [MESSAGE][PASSED] - Object: 'Object Repository/tc52/Page_soca-ai-proctoring-dashboard/button_OK' is clicked on

2022-07-21 11:28:39 - [TEST_STEP][PASSED] - closeBrowser(): Browser is closed

2022-07-21 11:28:39 - [MESSAGE][PASSED] - Browser is closed]]></system-out>
         <system-err><![CDATA[]]></system-err>
      </testcase>
      <testcase name="Test Cases/TC_53" time="16.998" classname="Test Cases/TC_53" status="PASSED">
         <system-out><![CDATA[2022-07-21 11:28:39 - [TEST_CASE][PASSED] - Test Cases/TC_53: Test Cases/TC_53

2022-07-21 11:28:40 - [TEST_STEP][PASSED] - openBrowser(""): Browser is opened with url: ''

2022-07-21 11:28:40 - [MESSAGE][INFO] - Starting 'Chrome' driver

2022-07-21 11:28:40 - [MESSAGE][INFO] - Action delay is set to 0 milliseconds

2022-07-21 11:28:41 - [MESSAGE][PASSED] - Browser is opened with url: ''

2022-07-21 11:28:41 - [TEST_STEP][PASSED] - navigateToUrl("https://soca.ai/home"): Navigate to 'https://soca.ai/home' successfully

2022-07-21 11:28:42 - [MESSAGE][PASSED] - Navigate to 'https://soca.ai/home' successfully

2022-07-21 11:28:42 - [TEST_STEP][PASSED] - click(findTestObject("Object Repository/tc53/Page_soca.ai/a_Sign In")): Object: 'Object Repository/tc53/Page_soca.ai/a_Sign In' is clicked on

2022-07-21 11:28:45 - [MESSAGE][PASSED] - Object: 'Object Repository/tc53/Page_soca.ai/a_Sign In' is clicked on

2022-07-21 11:28:45 - [TEST_STEP][PASSED] - setText(findTestObject("Object Repository/tc53/Page_soca-dashboarduser/input_Email_form-control"), "kp3skp.dev@gmail.com"): Text 'kp3skp.dev@gmail.com' is set on object 'Object Repository/tc53/Page_soca-dashboarduser/input_Email_form-control'

2022-07-21 11:28:46 - [MESSAGE][PASSED] - Text 'kp3skp.dev@gmail.com' is set on object 'Object Repository/tc53/Page_soca-dashboarduser/input_Email_form-control'

2022-07-21 11:28:46 - [TEST_STEP][PASSED] - setEncryptedText(findTestObject("Object Repository/tc53/Page_soca-dashboarduser/input_Password_form-control mb-2"), "RigbBhfdqODKcAsiUrg+1Q=="): Text ****** has been set on object 'Object Repository/tc53/Page_soca-dashboarduser/input_Password_form-control mb-2'

2022-07-21 11:28:46 - [MESSAGE][PASSED] - Text ****** has been set on object 'Object Repository/tc53/Page_soca-dashboarduser/input_Password_form-control mb-2'

2022-07-21 11:28:46 - [TEST_STEP][PASSED] - click(findTestObject("Object Repository/tc53/Page_soca-dashboarduser/button_Sign In")): Object: 'Object Repository/tc53/Page_soca-dashboarduser/button_Sign In' is clicked on

2022-07-21 11:28:46 - [MESSAGE][PASSED] - Object: 'Object Repository/tc53/Page_soca-dashboarduser/button_Sign In' is clicked on

2022-07-21 11:28:46 - [TEST_STEP][PASSED] - click(findTestObject("Object Repository/tc53/Page_soca-dashboarduser/button_OK")): Object: 'Object Repository/tc53/Page_soca-dashboarduser/button_OK' is clicked on

2022-07-21 11:28:47 - [MESSAGE][PASSED] - Object: 'Object Repository/tc53/Page_soca-dashboarduser/button_OK' is clicked on

2022-07-21 11:28:47 - [TEST_STEP][PASSED] - click(findTestObject("Object Repository/tc53/Page_soca-dashboarduser/a_Projects")): Object: 'Object Repository/tc53/Page_soca-dashboarduser/a_Projects' is clicked on

2022-07-21 11:28:50 - [MESSAGE][PASSED] - Object: 'Object Repository/tc53/Page_soca-dashboarduser/a_Projects' is clicked on

2022-07-21 11:28:50 - [TEST_STEP][PASSED] - click(findTestObject("Object Repository/tc53/Page_soca-dashboarduser/button_Dashboard")): Object: 'Object Repository/tc53/Page_soca-dashboarduser/button_Dashboard' is clicked on

2022-07-21 11:28:51 - [MESSAGE][PASSED] - Object: 'Object Repository/tc53/Page_soca-dashboarduser/button_Dashboard' is clicked on

2022-07-21 11:28:51 - [TEST_STEP][PASSED] - click(findTestObject("Object Repository/tc53/Page_soca-ai-proctoring-dashboard/span_Schedule")): Object: 'Object Repository/tc53/Page_soca-ai-proctoring-dashboard/span_Schedule' is clicked on

2022-07-21 11:28:53 - [MESSAGE][PASSED] - Object: 'Object Repository/tc53/Page_soca-ai-proctoring-dashboard/span_Schedule' is clicked on

2022-07-21 11:28:53 - [TEST_STEP][PASSED] - click(findTestObject("Object Repository/tc53/Page_soca-ai-proctoring-dashboard/svg_-_bi-pencil-square b-icon bi")): Object: 'Object Repository/tc53/Page_soca-ai-proctoring-dashboard/svg_-_bi-pencil-square b-icon bi' is clicked on

2022-07-21 11:28:54 - [MESSAGE][PASSED] - Object: 'Object Repository/tc53/Page_soca-ai-proctoring-dashboard/svg_-_bi-pencil-square b-icon bi' is clicked on

2022-07-21 11:28:54 - [TEST_STEP][PASSED] - click(findTestObject("Object Repository/tc53/Page_soca-ai-proctoring-dashboard/button_(Selected time)_btn btn-sm border-0 _18d4cc")): Object: 'Object Repository/tc53/Page_soca-ai-proctoring-dashboard/button_(Selected time)_btn btn-sm border-0 _18d4cc' is clicked on

2022-07-21 11:28:55 - [MESSAGE][PASSED] - Object: 'Object Repository/tc53/Page_soca-ai-proctoring-dashboard/button_(Selected time)_btn btn-sm border-0 _18d4cc' is clicked on

2022-07-21 11:28:55 - [TEST_STEP][PASSED] - click(findTestObject("Object Repository/tc53/Page_soca-ai-proctoring-dashboard/button_Edit")): Object: 'Object Repository/tc53/Page_soca-ai-proctoring-dashboard/button_Edit' is clicked on

2022-07-21 11:28:55 - [MESSAGE][PASSED] - Object: 'Object Repository/tc53/Page_soca-ai-proctoring-dashboard/button_Edit' is clicked on

2022-07-21 11:28:55 - [TEST_STEP][PASSED] - click(findTestObject("Object Repository/tc53/Page_soca-ai-proctoring-dashboard/button_OK")): Object: 'Object Repository/tc53/Page_soca-ai-proctoring-dashboard/button_OK' is clicked on

2022-07-21 11:28:56 - [MESSAGE][PASSED] - Object: 'Object Repository/tc53/Page_soca-ai-proctoring-dashboard/button_OK' is clicked on

2022-07-21 11:28:56 - [TEST_STEP][PASSED] - closeBrowser(): Browser is closed

2022-07-21 11:28:56 - [MESSAGE][PASSED] - Browser is closed]]></system-out>
         <system-err><![CDATA[]]></system-err>
      </testcase>
      <testcase name="Test Cases/TC_54" time="19.016" classname="Test Cases/TC_54" status="PASSED">
         <system-out><![CDATA[2022-07-21 11:28:56 - [TEST_CASE][PASSED] - Test Cases/TC_54: Test Cases/TC_54

2022-07-21 11:28:57 - [TEST_STEP][PASSED] - openBrowser(""): Browser is opened with url: ''

2022-07-21 11:28:57 - [MESSAGE][INFO] - Starting 'Chrome' driver

2022-07-21 11:28:57 - [MESSAGE][INFO] - Action delay is set to 0 milliseconds

2022-07-21 11:28:58 - [MESSAGE][PASSED] - Browser is opened with url: ''

2022-07-21 11:28:58 - [TEST_STEP][PASSED] - navigateToUrl("https://soca.ai/home"): Navigate to 'https://soca.ai/home' successfully

2022-07-21 11:29:00 - [MESSAGE][PASSED] - Navigate to 'https://soca.ai/home' successfully

2022-07-21 11:29:00 - [TEST_STEP][PASSED] - click(findTestObject("Object Repository/tc54/Page_soca.ai/a_Sign In")): Object: 'Object Repository/tc54/Page_soca.ai/a_Sign In' is clicked on

2022-07-21 11:29:04 - [MESSAGE][PASSED] - Object: 'Object Repository/tc54/Page_soca.ai/a_Sign In' is clicked on

2022-07-21 11:29:04 - [TEST_STEP][PASSED] - setText(findTestObject("Object Repository/tc54/Page_soca-dashboarduser/input_Email_form-control"), "kp3skp.dev@gmail.com"): Text 'kp3skp.dev@gmail.com' is set on object 'Object Repository/tc54/Page_soca-dashboarduser/input_Email_form-control'

2022-07-21 11:29:05 - [MESSAGE][PASSED] - Text 'kp3skp.dev@gmail.com' is set on object 'Object Repository/tc54/Page_soca-dashboarduser/input_Email_form-control'

2022-07-21 11:29:05 - [TEST_STEP][PASSED] - setEncryptedText(findTestObject("Object Repository/tc54/Page_soca-dashboarduser/input_Password_form-control mb-2"), "RigbBhfdqODKcAsiUrg+1Q=="): Text ****** has been set on object 'Object Repository/tc54/Page_soca-dashboarduser/input_Password_form-control mb-2'

2022-07-21 11:29:05 - [MESSAGE][PASSED] - Text ****** has been set on object 'Object Repository/tc54/Page_soca-dashboarduser/input_Password_form-control mb-2'

2022-07-21 11:29:05 - [TEST_STEP][PASSED] - click(findTestObject("Object Repository/tc54/Page_soca-dashboarduser/button_Sign In")): Object: 'Object Repository/tc54/Page_soca-dashboarduser/button_Sign In' is clicked on

2022-07-21 11:29:05 - [MESSAGE][PASSED] - Object: 'Object Repository/tc54/Page_soca-dashboarduser/button_Sign In' is clicked on

2022-07-21 11:29:05 - [TEST_STEP][PASSED] - click(findTestObject("Object Repository/tc54/Page_soca-dashboarduser/button_OK")): Object: 'Object Repository/tc54/Page_soca-dashboarduser/button_OK' is clicked on

2022-07-21 11:29:06 - [MESSAGE][PASSED] - Object: 'Object Repository/tc54/Page_soca-dashboarduser/button_OK' is clicked on

2022-07-21 11:29:06 - [TEST_STEP][PASSED] - click(findTestObject("Object Repository/tc54/Page_soca-dashboarduser/a_Projects")): Object: 'Object Repository/tc54/Page_soca-dashboarduser/a_Projects' is clicked on

2022-07-21 11:29:09 - [MESSAGE][PASSED] - Object: 'Object Repository/tc54/Page_soca-dashboarduser/a_Projects' is clicked on

2022-07-21 11:29:09 - [TEST_STEP][PASSED] - click(findTestObject("Object Repository/tc54/Page_soca-dashboarduser/button_Dashboard")): Object: 'Object Repository/tc54/Page_soca-dashboarduser/button_Dashboard' is clicked on

2022-07-21 11:29:10 - [MESSAGE][PASSED] - Object: 'Object Repository/tc54/Page_soca-dashboarduser/button_Dashboard' is clicked on

2022-07-21 11:29:10 - [TEST_STEP][PASSED] - click(findTestObject("Object Repository/tc54/Page_soca-ai-proctoring-dashboard/span_Schedule")): Object: 'Object Repository/tc54/Page_soca-ai-proctoring-dashboard/span_Schedule' is clicked on

2022-07-21 11:29:12 - [MESSAGE][PASSED] - Object: 'Object Repository/tc54/Page_soca-ai-proctoring-dashboard/span_Schedule' is clicked on

2022-07-21 11:29:12 - [TEST_STEP][PASSED] - click(findTestObject("Object Repository/tc54/Page_soca-ai-proctoring-dashboard/button_-_btn btn-warning text-white mr-2")): Object: 'Object Repository/tc54/Page_soca-ai-proctoring-dashboard/button_-_btn btn-warning text-white mr-2' is clicked on

2022-07-21 11:29:13 - [MESSAGE][PASSED] - Object: 'Object Repository/tc54/Page_soca-ai-proctoring-dashboard/button_-_btn btn-warning text-white mr-2' is clicked on

2022-07-21 11:29:13 - [TEST_STEP][PASSED] - click(findTestObject("Object Repository/tc54/Page_soca-ai-proctoring-dashboard/button_(Selected time)_btn btn-sm border-0 _18d4cc")): Object: 'Object Repository/tc54/Page_soca-ai-proctoring-dashboard/button_(Selected time)_btn btn-sm border-0 _18d4cc' is clicked on

2022-07-21 11:29:14 - [MESSAGE][PASSED] - Object: 'Object Repository/tc54/Page_soca-ai-proctoring-dashboard/button_(Selected time)_btn btn-sm border-0 _18d4cc' is clicked on

2022-07-21 11:29:14 - [TEST_STEP][PASSED] - click(findTestObject("Object Repository/tc54/Page_soca-ai-proctoring-dashboard/button_Edit")): Object: 'Object Repository/tc54/Page_soca-ai-proctoring-dashboard/button_Edit' is clicked on

2022-07-21 11:29:14 - [MESSAGE][PASSED] - Object: 'Object Repository/tc54/Page_soca-ai-proctoring-dashboard/button_Edit' is clicked on

2022-07-21 11:29:14 - [TEST_STEP][PASSED] - click(findTestObject("Object Repository/tc54/Page_soca-ai-proctoring-dashboard/button_OK")): Object: 'Object Repository/tc54/Page_soca-ai-proctoring-dashboard/button_OK' is clicked on

2022-07-21 11:29:15 - [MESSAGE][PASSED] - Object: 'Object Repository/tc54/Page_soca-ai-proctoring-dashboard/button_OK' is clicked on

2022-07-21 11:29:15 - [TEST_STEP][PASSED] - closeBrowser(): Browser is closed

2022-07-21 11:29:15 - [MESSAGE][PASSED] - Browser is closed]]></system-out>
         <system-err><![CDATA[]]></system-err>
      </testcase>
      <testcase name="Test Cases/TC_55" time="18.442" classname="Test Cases/TC_55" status="PASSED">
         <system-out><![CDATA[2022-07-21 11:29:15 - [TEST_CASE][PASSED] - Test Cases/TC_55: Test Cases/TC_55

2022-07-21 11:29:16 - [TEST_STEP][PASSED] - openBrowser(""): Browser is opened with url: ''

2022-07-21 11:29:16 - [MESSAGE][INFO] - Starting 'Chrome' driver

2022-07-21 11:29:16 - [MESSAGE][INFO] - Action delay is set to 0 milliseconds

2022-07-21 11:29:17 - [MESSAGE][PASSED] - Browser is opened with url: ''

2022-07-21 11:29:17 - [TEST_STEP][PASSED] - navigateToUrl("https://soca.ai/home"): Navigate to 'https://soca.ai/home' successfully

2022-07-21 11:29:19 - [MESSAGE][PASSED] - Navigate to 'https://soca.ai/home' successfully

2022-07-21 11:29:19 - [TEST_STEP][PASSED] - click(findTestObject("Object Repository/tc55/Page_soca.ai/a_Sign In")): Object: 'Object Repository/tc55/Page_soca.ai/a_Sign In' is clicked on

2022-07-21 11:29:21 - [MESSAGE][PASSED] - Object: 'Object Repository/tc55/Page_soca.ai/a_Sign In' is clicked on

2022-07-21 11:29:21 - [TEST_STEP][PASSED] - setText(findTestObject("Object Repository/tc55/Page_soca-dashboarduser/input_Email_form-control"), "kp3skp.dev@gmail.com"): Text 'kp3skp.dev@gmail.com' is set on object 'Object Repository/tc55/Page_soca-dashboarduser/input_Email_form-control'

2022-07-21 11:29:22 - [MESSAGE][PASSED] - Text 'kp3skp.dev@gmail.com' is set on object 'Object Repository/tc55/Page_soca-dashboarduser/input_Email_form-control'

2022-07-21 11:29:22 - [TEST_STEP][PASSED] - setEncryptedText(findTestObject("Object Repository/tc55/Page_soca-dashboarduser/input_Password_form-control mb-2"), "RigbBhfdqODKcAsiUrg+1Q=="): Text ****** has been set on object 'Object Repository/tc55/Page_soca-dashboarduser/input_Password_form-control mb-2'

2022-07-21 11:29:22 - [MESSAGE][PASSED] - Text ****** has been set on object 'Object Repository/tc55/Page_soca-dashboarduser/input_Password_form-control mb-2'

2022-07-21 11:29:22 - [TEST_STEP][PASSED] - click(findTestObject("Object Repository/tc55/Page_soca-dashboarduser/button_Sign In")): Object: 'Object Repository/tc55/Page_soca-dashboarduser/button_Sign In' is clicked on

2022-07-21 11:29:23 - [MESSAGE][PASSED] - Object: 'Object Repository/tc55/Page_soca-dashboarduser/button_Sign In' is clicked on

2022-07-21 11:29:23 - [TEST_STEP][PASSED] - click(findTestObject("Object Repository/tc55/Page_soca-dashboarduser/button_OK")): Object: 'Object Repository/tc55/Page_soca-dashboarduser/button_OK' is clicked on

2022-07-21 11:29:24 - [MESSAGE][PASSED] - Object: 'Object Repository/tc55/Page_soca-dashboarduser/button_OK' is clicked on

2022-07-21 11:29:24 - [TEST_STEP][PASSED] - click(findTestObject("Object Repository/tc55/Page_soca-dashboarduser/a_Projects")): Object: 'Object Repository/tc55/Page_soca-dashboarduser/a_Projects' is clicked on

2022-07-21 11:29:26 - [MESSAGE][PASSED] - Object: 'Object Repository/tc55/Page_soca-dashboarduser/a_Projects' is clicked on

2022-07-21 11:29:26 - [TEST_STEP][PASSED] - click(findTestObject("Object Repository/tc55/Page_soca-dashboarduser/button_Dashboard")): Object: 'Object Repository/tc55/Page_soca-dashboarduser/button_Dashboard' is clicked on

2022-07-21 11:29:27 - [MESSAGE][PASSED] - Object: 'Object Repository/tc55/Page_soca-dashboarduser/button_Dashboard' is clicked on

2022-07-21 11:29:27 - [TEST_STEP][PASSED] - click(findTestObject("Object Repository/tc55/Page_soca-ai-proctoring-dashboard/span_Schedule")): Object: 'Object Repository/tc55/Page_soca-ai-proctoring-dashboard/span_Schedule' is clicked on

2022-07-21 11:29:30 - [MESSAGE][PASSED] - Object: 'Object Repository/tc55/Page_soca-ai-proctoring-dashboard/span_Schedule' is clicked on

2022-07-21 11:29:30 - [TEST_STEP][PASSED] - click(findTestObject("Object Repository/tc55/Page_soca-ai-proctoring-dashboard/svg_-_bi-pencil-square b-icon bi")): Object: 'Object Repository/tc55/Page_soca-ai-proctoring-dashboard/svg_-_bi-pencil-square b-icon bi' is clicked on

2022-07-21 11:29:31 - [MESSAGE][PASSED] - Object: 'Object Repository/tc55/Page_soca-ai-proctoring-dashboard/svg_-_bi-pencil-square b-icon bi' is clicked on

2022-07-21 11:29:31 - [TEST_STEP][PASSED] - selectOptionByValue(findTestObject("Object Repository/tc55/Page_soca-ai-proctoring-dashboard/select_--Select Event Name--Ujiantesuas"), "62cce01aaed847c7e3027d7c", true): All options with value '62cce01aaed847c7e3027d7c' are selected in object 'Object Repository/tc55/Page_soca-ai-proctoring-dashboard/select_--Select Event Name--Ujiantesuas'  using regular expression

2022-07-21 11:29:32 - [MESSAGE][PASSED] - All options with value '62cce01aaed847c7e3027d7c' are selected in object 'Object Repository/tc55/Page_soca-ai-proctoring-dashboard/select_--Select Event Name--Ujiantesuas'  using regular expression

2022-07-21 11:29:32 - [TEST_STEP][PASSED] - click(findTestObject("Object Repository/tc55/Page_soca-ai-proctoring-dashboard/button_Edit")): Object: 'Object Repository/tc55/Page_soca-ai-proctoring-dashboard/button_Edit' is clicked on

2022-07-21 11:29:33 - [MESSAGE][PASSED] - Object: 'Object Repository/tc55/Page_soca-ai-proctoring-dashboard/button_Edit' is clicked on

2022-07-21 11:29:33 - [TEST_STEP][PASSED] - click(findTestObject("Object Repository/tc55/Page_soca-ai-proctoring-dashboard/button_OK")): Object: 'Object Repository/tc55/Page_soca-ai-proctoring-dashboard/button_OK' is clicked on

2022-07-21 11:29:33 - [MESSAGE][PASSED] - Object: 'Object Repository/tc55/Page_soca-ai-proctoring-dashboard/button_OK' is clicked on

2022-07-21 11:29:33 - [TEST_STEP][PASSED] - closeBrowser(): Browser is closed

2022-07-21 11:29:34 - [MESSAGE][PASSED] - Browser is closed]]></system-out>
         <system-err><![CDATA[]]></system-err>
      </testcase>
      <testcase name="Test Cases/TC_56" time="18.825" classname="Test Cases/TC_56" status="PASSED">
         <system-out><![CDATA[2022-07-21 11:29:34 - [TEST_CASE][PASSED] - Test Cases/TC_56: Test Cases/TC_56

2022-07-21 11:29:34 - [TEST_STEP][PASSED] - openBrowser(""): Browser is opened with url: ''

2022-07-21 11:29:34 - [MESSAGE][INFO] - Starting 'Chrome' driver

2022-07-21 11:29:34 - [MESSAGE][INFO] - Action delay is set to 0 milliseconds

2022-07-21 11:29:35 - [MESSAGE][PASSED] - Browser is opened with url: ''

2022-07-21 11:29:35 - [TEST_STEP][PASSED] - navigateToUrl("https://soca.ai/home"): Navigate to 'https://soca.ai/home' successfully

2022-07-21 11:29:37 - [MESSAGE][PASSED] - Navigate to 'https://soca.ai/home' successfully

2022-07-21 11:29:37 - [TEST_STEP][PASSED] - click(findTestObject("Object Repository/tc56/Page_soca.ai/a_Sign In")): Object: 'Object Repository/tc56/Page_soca.ai/a_Sign In' is clicked on

2022-07-21 11:29:41 - [MESSAGE][PASSED] - Object: 'Object Repository/tc56/Page_soca.ai/a_Sign In' is clicked on

2022-07-21 11:29:41 - [TEST_STEP][PASSED] - setText(findTestObject("Object Repository/tc56/Page_soca-dashboarduser/input_Email_form-control"), "kp3skp.dev@gmail.com"): Text 'kp3skp.dev@gmail.com' is set on object 'Object Repository/tc56/Page_soca-dashboarduser/input_Email_form-control'

2022-07-21 11:29:41 - [MESSAGE][PASSED] - Text 'kp3skp.dev@gmail.com' is set on object 'Object Repository/tc56/Page_soca-dashboarduser/input_Email_form-control'

2022-07-21 11:29:41 - [TEST_STEP][PASSED] - setEncryptedText(findTestObject("Object Repository/tc56/Page_soca-dashboarduser/input_Password_form-control mb-2"), "RigbBhfdqODKcAsiUrg+1Q=="): Text ****** has been set on object 'Object Repository/tc56/Page_soca-dashboarduser/input_Password_form-control mb-2'

2022-07-21 11:29:42 - [MESSAGE][PASSED] - Text ****** has been set on object 'Object Repository/tc56/Page_soca-dashboarduser/input_Password_form-control mb-2'

2022-07-21 11:29:42 - [TEST_STEP][PASSED] - click(findTestObject("Object Repository/tc56/Page_soca-dashboarduser/button_Sign In")): Object: 'Object Repository/tc56/Page_soca-dashboarduser/button_Sign In' is clicked on

2022-07-21 11:29:42 - [MESSAGE][PASSED] - Object: 'Object Repository/tc56/Page_soca-dashboarduser/button_Sign In' is clicked on

2022-07-21 11:29:42 - [TEST_STEP][PASSED] - click(findTestObject("Object Repository/tc56/Page_soca-dashboarduser/button_OK")): Object: 'Object Repository/tc56/Page_soca-dashboarduser/button_OK' is clicked on

2022-07-21 11:29:43 - [MESSAGE][PASSED] - Object: 'Object Repository/tc56/Page_soca-dashboarduser/button_OK' is clicked on

2022-07-21 11:29:43 - [TEST_STEP][PASSED] - click(findTestObject("Object Repository/tc56/Page_soca-dashboarduser/a_Projects")): Object: 'Object Repository/tc56/Page_soca-dashboarduser/a_Projects' is clicked on

2022-07-21 11:29:45 - [MESSAGE][PASSED] - Object: 'Object Repository/tc56/Page_soca-dashboarduser/a_Projects' is clicked on

2022-07-21 11:29:45 - [TEST_STEP][PASSED] - click(findTestObject("Object Repository/tc56/Page_soca-dashboarduser/button_Dashboard")): Object: 'Object Repository/tc56/Page_soca-dashboarduser/button_Dashboard' is clicked on

2022-07-21 11:29:47 - [MESSAGE][PASSED] - Object: 'Object Repository/tc56/Page_soca-dashboarduser/button_Dashboard' is clicked on

2022-07-21 11:29:47 - [TEST_STEP][PASSED] - click(findTestObject("Object Repository/tc56/Page_soca-ai-proctoring-dashboard/span_Schedule")): Object: 'Object Repository/tc56/Page_soca-ai-proctoring-dashboard/span_Schedule' is clicked on

2022-07-21 11:29:49 - [MESSAGE][PASSED] - Object: 'Object Repository/tc56/Page_soca-ai-proctoring-dashboard/span_Schedule' is clicked on

2022-07-21 11:29:49 - [TEST_STEP][PASSED] - click(findTestObject("Object Repository/tc56/Page_soca-ai-proctoring-dashboard/svg_-_bi-pencil-square b-icon bi")): Object: 'Object Repository/tc56/Page_soca-ai-proctoring-dashboard/svg_-_bi-pencil-square b-icon bi' is clicked on

2022-07-21 11:29:50 - [MESSAGE][PASSED] - Object: 'Object Repository/tc56/Page_soca-ai-proctoring-dashboard/svg_-_bi-pencil-square b-icon bi' is clicked on

2022-07-21 11:29:50 - [TEST_STEP][PASSED] - setText(findTestObject("Object Repository/tc56/Page_soca-ai-proctoring-dashboard/input_Schedule Name_description"), "Sesi siang"): Text 'Sesi siang' is set on object 'Object Repository/tc56/Page_soca-ai-proctoring-dashboard/input_Schedule Name_description'

2022-07-21 11:29:51 - [MESSAGE][PASSED] - Text 'Sesi siang' is set on object 'Object Repository/tc56/Page_soca-ai-proctoring-dashboard/input_Schedule Name_description'

2022-07-21 11:29:51 - [TEST_STEP][PASSED] - click(findTestObject("Object Repository/tc56/Page_soca-ai-proctoring-dashboard/button_Edit")): Object: 'Object Repository/tc56/Page_soca-ai-proctoring-dashboard/button_Edit' is clicked on

2022-07-21 11:29:51 - [MESSAGE][PASSED] - Object: 'Object Repository/tc56/Page_soca-ai-proctoring-dashboard/button_Edit' is clicked on

2022-07-21 11:29:51 - [TEST_STEP][PASSED] - click(findTestObject("Object Repository/tc56/Page_soca-ai-proctoring-dashboard/button_OK")): Object: 'Object Repository/tc56/Page_soca-ai-proctoring-dashboard/button_OK' is clicked on

2022-07-21 11:29:52 - [MESSAGE][PASSED] - Object: 'Object Repository/tc56/Page_soca-ai-proctoring-dashboard/button_OK' is clicked on

2022-07-21 11:29:52 - [TEST_STEP][PASSED] - closeBrowser(): Browser is closed

2022-07-21 11:29:53 - [MESSAGE][PASSED] - Browser is closed]]></system-out>
         <system-err><![CDATA[]]></system-err>
      </testcase>
      <testcase name="Test Cases/TC_57" time="20.192" classname="Test Cases/TC_57" status="PASSED">
         <system-out><![CDATA[2022-07-21 11:29:53 - [TEST_CASE][PASSED] - Test Cases/TC_57: Test Cases/TC_57

2022-07-21 11:29:53 - [TEST_STEP][PASSED] - openBrowser(""): Browser is opened with url: ''

2022-07-21 11:29:53 - [MESSAGE][INFO] - Starting 'Chrome' driver

2022-07-21 11:29:53 - [MESSAGE][INFO] - Action delay is set to 0 milliseconds

2022-07-21 11:29:54 - [MESSAGE][PASSED] - Browser is opened with url: ''

2022-07-21 11:29:54 - [TEST_STEP][PASSED] - navigateToUrl("https://soca.ai/home"): Navigate to 'https://soca.ai/home' successfully

2022-07-21 11:29:56 - [MESSAGE][PASSED] - Navigate to 'https://soca.ai/home' successfully

2022-07-21 11:29:56 - [TEST_STEP][PASSED] - click(findTestObject("Object Repository/tc57/Page_soca.ai/a_Sign In")): Object: 'Object Repository/tc57/Page_soca.ai/a_Sign In' is clicked on

2022-07-21 11:30:01 - [MESSAGE][PASSED] - Object: 'Object Repository/tc57/Page_soca.ai/a_Sign In' is clicked on

2022-07-21 11:30:01 - [TEST_STEP][PASSED] - setText(findTestObject("Object Repository/tc57/Page_soca-dashboarduser/input_Email_form-control"), "kp3skp.dev@gmail.com"): Text 'kp3skp.dev@gmail.com' is set on object 'Object Repository/tc57/Page_soca-dashboarduser/input_Email_form-control'

2022-07-21 11:30:02 - [MESSAGE][PASSED] - Text 'kp3skp.dev@gmail.com' is set on object 'Object Repository/tc57/Page_soca-dashboarduser/input_Email_form-control'

2022-07-21 11:30:02 - [TEST_STEP][PASSED] - setEncryptedText(findTestObject("Object Repository/tc57/Page_soca-dashboarduser/input_Password_form-control mb-2"), "RigbBhfdqODKcAsiUrg+1Q=="): Text ****** has been set on object 'Object Repository/tc57/Page_soca-dashboarduser/input_Password_form-control mb-2'

2022-07-21 11:30:02 - [MESSAGE][PASSED] - Text ****** has been set on object 'Object Repository/tc57/Page_soca-dashboarduser/input_Password_form-control mb-2'

2022-07-21 11:30:02 - [TEST_STEP][PASSED] - click(findTestObject("Object Repository/tc57/Page_soca-dashboarduser/button_Sign In")): Object: 'Object Repository/tc57/Page_soca-dashboarduser/button_Sign In' is clicked on

2022-07-21 11:30:03 - [MESSAGE][PASSED] - Object: 'Object Repository/tc57/Page_soca-dashboarduser/button_Sign In' is clicked on

2022-07-21 11:30:03 - [TEST_STEP][PASSED] - click(findTestObject("Object Repository/tc57/Page_soca-dashboarduser/button_OK")): Object: 'Object Repository/tc57/Page_soca-dashboarduser/button_OK' is clicked on

2022-07-21 11:30:03 - [MESSAGE][PASSED] - Object: 'Object Repository/tc57/Page_soca-dashboarduser/button_OK' is clicked on

2022-07-21 11:30:03 - [TEST_STEP][PASSED] - click(findTestObject("Object Repository/tc57/Page_soca-dashboarduser/a_Projects")): Object: 'Object Repository/tc57/Page_soca-dashboarduser/a_Projects' is clicked on

2022-07-21 11:30:06 - [MESSAGE][PASSED] - Object: 'Object Repository/tc57/Page_soca-dashboarduser/a_Projects' is clicked on

2022-07-21 11:30:06 - [TEST_STEP][PASSED] - click(findTestObject("Object Repository/tc57/Page_soca-dashboarduser/button_Dashboard")): Object: 'Object Repository/tc57/Page_soca-dashboarduser/button_Dashboard' is clicked on

2022-07-21 11:30:07 - [MESSAGE][PASSED] - Object: 'Object Repository/tc57/Page_soca-dashboarduser/button_Dashboard' is clicked on

2022-07-21 11:30:07 - [TEST_STEP][PASSED] - click(findTestObject("Object Repository/tc57/Page_soca-ai-proctoring-dashboard/span_Schedule")): Object: 'Object Repository/tc57/Page_soca-ai-proctoring-dashboard/span_Schedule' is clicked on

2022-07-21 11:30:09 - [MESSAGE][PASSED] - Object: 'Object Repository/tc57/Page_soca-ai-proctoring-dashboard/span_Schedule' is clicked on

2022-07-21 11:30:09 - [TEST_STEP][PASSED] - click(findTestObject("Object Repository/tc57/Page_soca-ai-proctoring-dashboard/svg_-_bi-pencil-square b-icon bi")): Object: 'Object Repository/tc57/Page_soca-ai-proctoring-dashboard/svg_-_bi-pencil-square b-icon bi' is clicked on

2022-07-21 11:30:10 - [MESSAGE][PASSED] - Object: 'Object Repository/tc57/Page_soca-ai-proctoring-dashboard/svg_-_bi-pencil-square b-icon bi' is clicked on

2022-07-21 11:30:10 - [TEST_STEP][PASSED] - setText(findTestObject("Object Repository/tc57/Page_soca-ai-proctoring-dashboard/input_Duration (minutes)_duration"), "40"): Text '40' is set on object 'Object Repository/tc57/Page_soca-ai-proctoring-dashboard/input_Duration (minutes)_duration'

2022-07-21 11:30:11 - [MESSAGE][PASSED] - Text '40' is set on object 'Object Repository/tc57/Page_soca-ai-proctoring-dashboard/input_Duration (minutes)_duration'

2022-07-21 11:30:11 - [TEST_STEP][PASSED] - click(findTestObject("Object Repository/tc57/Page_soca-ai-proctoring-dashboard/button_Edit")): Object: 'Object Repository/tc57/Page_soca-ai-proctoring-dashboard/button_Edit' is clicked on

2022-07-21 11:30:12 - [MESSAGE][PASSED] - Object: 'Object Repository/tc57/Page_soca-ai-proctoring-dashboard/button_Edit' is clicked on

2022-07-21 11:30:12 - [TEST_STEP][PASSED] - click(findTestObject("Object Repository/tc57/Page_soca-ai-proctoring-dashboard/button_OK")): Object: 'Object Repository/tc57/Page_soca-ai-proctoring-dashboard/button_OK' is clicked on

2022-07-21 11:30:12 - [MESSAGE][PASSED] - Object: 'Object Repository/tc57/Page_soca-ai-proctoring-dashboard/button_OK' is clicked on

2022-07-21 11:30:12 - [TEST_STEP][PASSED] - closeBrowser(): Browser is closed

2022-07-21 11:30:13 - [MESSAGE][PASSED] - Browser is closed]]></system-out>
         <system-err><![CDATA[]]></system-err>
      </testcase>
      <system-out><![CDATA[2022-07-21 11:27:30 - [TEST_SUITE][PASSED] - FR_07: Test Cases/TC_57]]></system-out>
      <system-err><![CDATA[]]></system-err>
   </testsuite>
</testsuites>
