<?xml version="1.0" encoding="UTF-8"?>
<testsuites name="FR_04" time="363.775" tests="10" failures="0" errors="0">
   <testsuite name="FR_04" tests="10" failures="0" errors="0" time="363.775" skipped="0" timestamp="2022-07-19 11:50:22" hostname="ASUS - LAPTOP-U8BGHACE" id="Test Suites/FR_04">
      <properties>
         <property name="deviceName" value=""/>
         <property name="devicePlatform" value=""/>
         <property name="logFolder" value="E:\\Telkom University\\SEMESTER 7\\KP\\Magang - Birutekno\\QC\\Soca-AI\\Reports\\20220719_115018\\FR_04\\20220719_115019"/>
         <property name="logFiles" value="E:\\Telkom University\\SEMESTER 7\\KP\\Magang - Birutekno\\QC\\Soca-AI\\Reports\\20220719_115018\\FR_04\\20220719_115019\\execution0.log"/>
         <property name="attachments" value=""/>
         <property name="hostName" value="ASUS - LAPTOP-U8BGHACE"/>
         <property name="os" value="Windows 10 64bit"/>
         <property name="katalonVersion" value="8.4.0.208"/>
         <property name="browser" value="Chrome 103.0.5060.114"/>
         <property name="hostAddress" value="192.168.1.8"/>
         <property name="sessionId" value="16745463f9237d77280790d95ee95847"/>
         <property name="seleniumVersion" value="3.141.59"/>
         <property name="proxyInformation" value="ProxyInformation { proxyOption=NO_PROXY, proxyServerType=HTTP, username=, password=********, proxyServerAddress=, proxyServerPort=0, executionList=&quot;&quot;, isApplyToDesiredCapabilities=true }"/>
         <property name="platform" value="Windows 10"/>
      </properties>
      <testcase name="Test Cases/TC_24" time="52.576" classname="Test Cases/TC_24" status="PASSED">
         <system-out><![CDATA[2022-07-19 11:50:22 - [TEST_CASE][PASSED] - Test Cases/TC_24: Test Cases/TC_24

2022-07-19 11:50:22 - [TEST_STEP][PASSED] - openBrowser(""): Browser is opened with url: ''

2022-07-19 11:50:23 - [MESSAGE][INFO] - Starting 'Chrome' driver

2022-07-19 11:50:23 - [MESSAGE][INFO] - Action delay is set to 0 milliseconds

2022-07-19 11:50:25 - [MESSAGE][PASSED] - Browser is opened with url: ''

2022-07-19 11:50:25 - [TEST_STEP][PASSED] - navigateToUrl("https://soca.ai/home"): Navigate to 'https://soca.ai/home' successfully

2022-07-19 11:50:28 - [MESSAGE][PASSED] - Navigate to 'https://soca.ai/home' successfully

2022-07-19 11:50:28 - [TEST_STEP][PASSED] - click(findTestObject("Object Repository/tc24/Page_soca.ai/a_Sign In")): Object: 'Object Repository/tc24/Page_soca.ai/a_Sign In' is clicked on

2022-07-19 11:50:44 - [MESSAGE][PASSED] - Object: 'Object Repository/tc24/Page_soca.ai/a_Sign In' is clicked on

2022-07-19 11:50:44 - [TEST_STEP][PASSED] - setText(findTestObject("Object Repository/tc24/Page_soca-dashboarduser/input_Email_form-control"), "kp3skp.dev@gmail.com"): Text 'kp3skp.dev@gmail.com' is set on object 'Object Repository/tc24/Page_soca-dashboarduser/input_Email_form-control'

2022-07-19 11:50:44 - [MESSAGE][PASSED] - Text 'kp3skp.dev@gmail.com' is set on object 'Object Repository/tc24/Page_soca-dashboarduser/input_Email_form-control'

2022-07-19 11:50:44 - [TEST_STEP][PASSED] - setEncryptedText(findTestObject("Object Repository/tc24/Page_soca-dashboarduser/input_Password_form-control mb-2"), "RigbBhfdqODKcAsiUrg+1Q=="): Text ****** has been set on object 'Object Repository/tc24/Page_soca-dashboarduser/input_Password_form-control mb-2'

2022-07-19 11:50:45 - [MESSAGE][PASSED] - Text ****** has been set on object 'Object Repository/tc24/Page_soca-dashboarduser/input_Password_form-control mb-2'

2022-07-19 11:50:45 - [TEST_STEP][PASSED] - click(findTestObject("Object Repository/tc24/Page_soca-dashboarduser/button_Sign In")): Object: 'Object Repository/tc24/Page_soca-dashboarduser/button_Sign In' is clicked on

2022-07-19 11:50:45 - [MESSAGE][PASSED] - Object: 'Object Repository/tc24/Page_soca-dashboarduser/button_Sign In' is clicked on

2022-07-19 11:50:45 - [TEST_STEP][PASSED] - click(findTestObject("Object Repository/tc24/Page_soca-dashboarduser/button_OK")): Object: 'Object Repository/tc24/Page_soca-dashboarduser/button_OK' is clicked on

2022-07-19 11:50:46 - [MESSAGE][PASSED] - Object: 'Object Repository/tc24/Page_soca-dashboarduser/button_OK' is clicked on

2022-07-19 11:50:46 - [TEST_STEP][PASSED] - click(findTestObject("Object Repository/tc24/Page_soca-dashboarduser/a_Projects")): Object: 'Object Repository/tc24/Page_soca-dashboarduser/a_Projects' is clicked on

2022-07-19 11:50:50 - [MESSAGE][PASSED] - Object: 'Object Repository/tc24/Page_soca-dashboarduser/a_Projects' is clicked on

2022-07-19 11:50:50 - [TEST_STEP][PASSED] - click(findTestObject("Object Repository/tc24/Page_soca-dashboarduser/button_Dashboard")): Object: 'Object Repository/tc24/Page_soca-dashboarduser/button_Dashboard' is clicked on

2022-07-19 11:50:51 - [MESSAGE][PASSED] - Object: 'Object Repository/tc24/Page_soca-dashboarduser/button_Dashboard' is clicked on

2022-07-19 11:50:51 - [TEST_STEP][PASSED] - click(findTestObject("Object Repository/tc24/Page_soca-ai-proctoring-dashboard/span_Master Users")): Object: 'Object Repository/tc24/Page_soca-ai-proctoring-dashboard/span_Master Users' is clicked on

2022-07-19 11:51:04 - [MESSAGE][PASSED] - Object: 'Object Repository/tc24/Page_soca-ai-proctoring-dashboard/span_Master Users' is clicked on

2022-07-19 11:51:04 - [TEST_STEP][PASSED] - click(findTestObject("Object Repository/tc24/Page_soca-ai-proctoring-dashboard/button_Add Users")): Object: 'Object Repository/tc24/Page_soca-ai-proctoring-dashboard/button_Add Users' is clicked on

2022-07-19 11:51:04 - [MESSAGE][PASSED] - Object: 'Object Repository/tc24/Page_soca-ai-proctoring-dashboard/button_Add Users' is clicked on

2022-07-19 11:51:04 - [TEST_STEP][PASSED] - click(findTestObject("Object Repository/tc24/Page_soca-ai-proctoring-dashboard/button_Upload Image")): Object: 'Object Repository/tc24/Page_soca-ai-proctoring-dashboard/button_Upload Image' is clicked on

2022-07-19 11:51:05 - [MESSAGE][PASSED] - Object: 'Object Repository/tc24/Page_soca-ai-proctoring-dashboard/button_Upload Image' is clicked on

2022-07-19 11:51:05 - [TEST_STEP][PASSED] - click(findTestObject("Object Repository/tc24/Page_soca-ai-proctoring-dashboard/button_Upload Image")): Object: 'Object Repository/tc24/Page_soca-ai-proctoring-dashboard/button_Upload Image' is clicked on

2022-07-19 11:51:05 - [MESSAGE][PASSED] - Object: 'Object Repository/tc24/Page_soca-ai-proctoring-dashboard/button_Upload Image' is clicked on

2022-07-19 11:51:05 - [TEST_STEP][PASSED] - click(findTestObject("Object Repository/tc24/Page_soca-ai-proctoring-dashboard/button_Upload Image")): Object: 'Object Repository/tc24/Page_soca-ai-proctoring-dashboard/button_Upload Image' is clicked on

2022-07-19 11:51:06 - [MESSAGE][PASSED] - Object: 'Object Repository/tc24/Page_soca-ai-proctoring-dashboard/button_Upload Image' is clicked on

2022-07-19 11:51:06 - [TEST_STEP][PASSED] - setText(findTestObject("Object Repository/tc24/Page_soca-ai-proctoring-dashboard/input_Unique Code_txt-unique"), "12345"): Text '12345' is set on object 'Object Repository/tc24/Page_soca-ai-proctoring-dashboard/input_Unique Code_txt-unique'

2022-07-19 11:51:06 - [MESSAGE][PASSED] - Text '12345' is set on object 'Object Repository/tc24/Page_soca-ai-proctoring-dashboard/input_Unique Code_txt-unique'

2022-07-19 11:51:06 - [TEST_STEP][PASSED] - setText(findTestObject("Object Repository/tc24/Page_soca-ai-proctoring-dashboard/input_Full Name_txt-full-name"), "Arpriansah"): Text 'Arpriansah' is set on object 'Object Repository/tc24/Page_soca-ai-proctoring-dashboard/input_Full Name_txt-full-name'

2022-07-19 11:51:07 - [MESSAGE][PASSED] - Text 'Arpriansah' is set on object 'Object Repository/tc24/Page_soca-ai-proctoring-dashboard/input_Full Name_txt-full-name'

2022-07-19 11:51:07 - [TEST_STEP][PASSED] - setText(findTestObject("Object Repository/tc24/Page_soca-ai-proctoring-dashboard/input_Email_txt-email"), "arpriansah@gmail.com"): Text 'arpriansah@gmail.com' is set on object 'Object Repository/tc24/Page_soca-ai-proctoring-dashboard/input_Email_txt-email'

2022-07-19 11:51:08 - [MESSAGE][PASSED] - Text 'arpriansah@gmail.com' is set on object 'Object Repository/tc24/Page_soca-ai-proctoring-dashboard/input_Email_txt-email'

2022-07-19 11:51:08 - [TEST_STEP][PASSED] - click(findTestObject("Object Repository/tc24/Page_soca-ai-proctoring-dashboard/label_Male")): Object: 'Object Repository/tc24/Page_soca-ai-proctoring-dashboard/label_Male' is clicked on

2022-07-19 11:51:08 - [MESSAGE][PASSED] - Object: 'Object Repository/tc24/Page_soca-ai-proctoring-dashboard/label_Male' is clicked on

2022-07-19 11:51:08 - [TEST_STEP][PASSED] - setText(findTestObject("Object Repository/tc24/Page_soca-ai-proctoring-dashboard/input_Exam Number_txt-exam-number"), "12345"): Text '12345' is set on object 'Object Repository/tc24/Page_soca-ai-proctoring-dashboard/input_Exam Number_txt-exam-number'

2022-07-19 11:51:09 - [MESSAGE][PASSED] - Text '12345' is set on object 'Object Repository/tc24/Page_soca-ai-proctoring-dashboard/input_Exam Number_txt-exam-number'

2022-07-19 11:51:09 - [TEST_STEP][PASSED] - click(findTestObject("Object Repository/tc24/Page_soca-ai-proctoring-dashboard/label_Wednesday, July 19, 2000")): Object: 'Object Repository/tc24/Page_soca-ai-proctoring-dashboard/label_Wednesday, July 19, 2000' is clicked on

2022-07-19 11:51:09 - [MESSAGE][PASSED] - Object: 'Object Repository/tc24/Page_soca-ai-proctoring-dashboard/label_Wednesday, July 19, 2000' is clicked on

2022-07-19 11:51:09 - [TEST_STEP][PASSED] - click(findTestObject("Object Repository/tc24/Page_soca-ai-proctoring-dashboard/div")): Object: 'Object Repository/tc24/Page_soca-ai-proctoring-dashboard/div' is clicked on

2022-07-19 11:51:10 - [MESSAGE][PASSED] - Object: 'Object Repository/tc24/Page_soca-ai-proctoring-dashboard/div' is clicked on

2022-07-19 11:51:10 - [TEST_STEP][PASSED] - click(findTestObject("Object Repository/tc24/Page_soca-ai-proctoring-dashboard/span_18")): Object: 'Object Repository/tc24/Page_soca-ai-proctoring-dashboard/span_18' is clicked on

2022-07-19 11:51:10 - [MESSAGE][PASSED] - Object: 'Object Repository/tc24/Page_soca-ai-proctoring-dashboard/span_18' is clicked on

2022-07-19 11:51:10 - [TEST_STEP][PASSED] - setText(findTestObject("Object Repository/tc24/Page_soca-ai-proctoring-dashboard/textarea_Address_txt-address"), "Grand Sharon Residence"): Text 'Grand Sharon Residence' is set on object 'Object Repository/tc24/Page_soca-ai-proctoring-dashboard/textarea_Address_txt-address'

2022-07-19 11:51:11 - [MESSAGE][PASSED] - Text 'Grand Sharon Residence' is set on object 'Object Repository/tc24/Page_soca-ai-proctoring-dashboard/textarea_Address_txt-address'

2022-07-19 11:51:11 - [TEST_STEP][PASSED] - click(findTestObject("Object Repository/tc24/Page_soca-ai-proctoring-dashboard/button_Submit")): Object: 'Object Repository/tc24/Page_soca-ai-proctoring-dashboard/button_Submit' is clicked on

2022-07-19 11:51:12 - [MESSAGE][PASSED] - Object: 'Object Repository/tc24/Page_soca-ai-proctoring-dashboard/button_Submit' is clicked on

2022-07-19 11:51:12 - [TEST_STEP][PASSED] - click(findTestObject("Object Repository/tc24/Page_soca-ai-proctoring-dashboard/button_OK")): Object: 'Object Repository/tc24/Page_soca-ai-proctoring-dashboard/button_OK' is clicked on

2022-07-19 11:51:14 - [MESSAGE][PASSED] - Object: 'Object Repository/tc24/Page_soca-ai-proctoring-dashboard/button_OK' is clicked on

2022-07-19 11:51:14 - [TEST_STEP][PASSED] - closeBrowser(): Browser is closed

2022-07-19 11:51:15 - [MESSAGE][PASSED] - Browser is closed]]></system-out>
         <system-err><![CDATA[]]></system-err>
      </testcase>
      <testcase name="Test Cases/TC_25" time="59.506" classname="Test Cases/TC_25" status="PASSED">
         <system-out><![CDATA[2022-07-19 11:51:15 - [TEST_CASE][PASSED] - Test Cases/TC_25: Test Cases/TC_25

2022-07-19 11:51:15 - [TEST_STEP][PASSED] - openBrowser(""): Browser is opened with url: ''

2022-07-19 11:51:15 - [MESSAGE][INFO] - Starting 'Chrome' driver

2022-07-19 11:51:15 - [MESSAGE][INFO] - Action delay is set to 0 milliseconds

2022-07-19 11:51:16 - [MESSAGE][PASSED] - Browser is opened with url: ''

2022-07-19 11:51:16 - [TEST_STEP][PASSED] - navigateToUrl("https://soca.ai/home"): Navigate to 'https://soca.ai/home' successfully

2022-07-19 11:51:39 - [MESSAGE][PASSED] - Navigate to 'https://soca.ai/home' successfully

2022-07-19 11:51:39 - [TEST_STEP][PASSED] - click(findTestObject("Object Repository/tc25/Page_soca.ai/a_Sign In")): Object: 'Object Repository/tc25/Page_soca.ai/a_Sign In' is clicked on

2022-07-19 11:51:52 - [MESSAGE][PASSED] - Object: 'Object Repository/tc25/Page_soca.ai/a_Sign In' is clicked on

2022-07-19 11:51:52 - [TEST_STEP][PASSED] - setText(findTestObject("Object Repository/tc25/Page_soca-dashboarduser/input_Email_form-control"), "kp3skp.dev@gmail.com"): Text 'kp3skp.dev@gmail.com' is set on object 'Object Repository/tc25/Page_soca-dashboarduser/input_Email_form-control'

2022-07-19 11:51:52 - [MESSAGE][PASSED] - Text 'kp3skp.dev@gmail.com' is set on object 'Object Repository/tc25/Page_soca-dashboarduser/input_Email_form-control'

2022-07-19 11:51:52 - [TEST_STEP][PASSED] - setEncryptedText(findTestObject("Object Repository/tc25/Page_soca-dashboarduser/input_Password_form-control mb-2"), "RigbBhfdqODKcAsiUrg+1Q=="): Text ****** has been set on object 'Object Repository/tc25/Page_soca-dashboarduser/input_Password_form-control mb-2'

2022-07-19 11:51:53 - [MESSAGE][PASSED] - Text ****** has been set on object 'Object Repository/tc25/Page_soca-dashboarduser/input_Password_form-control mb-2'

2022-07-19 11:51:53 - [TEST_STEP][PASSED] - click(findTestObject("Object Repository/tc25/Page_soca-dashboarduser/button_Sign In")): Object: 'Object Repository/tc25/Page_soca-dashboarduser/button_Sign In' is clicked on

2022-07-19 11:51:53 - [MESSAGE][PASSED] - Object: 'Object Repository/tc25/Page_soca-dashboarduser/button_Sign In' is clicked on

2022-07-19 11:51:53 - [TEST_STEP][PASSED] - click(findTestObject("Object Repository/tc25/Page_soca-dashboarduser/button_OK")): Object: 'Object Repository/tc25/Page_soca-dashboarduser/button_OK' is clicked on

2022-07-19 11:51:54 - [MESSAGE][PASSED] - Object: 'Object Repository/tc25/Page_soca-dashboarduser/button_OK' is clicked on

2022-07-19 11:51:54 - [TEST_STEP][PASSED] - click(findTestObject("Object Repository/tc25/Page_soca-dashboarduser/a_Projects")): Object: 'Object Repository/tc25/Page_soca-dashboarduser/a_Projects' is clicked on

2022-07-19 11:51:56 - [MESSAGE][PASSED] - Object: 'Object Repository/tc25/Page_soca-dashboarduser/a_Projects' is clicked on

2022-07-19 11:51:56 - [TEST_STEP][PASSED] - click(findTestObject("Object Repository/tc25/Page_soca-dashboarduser/button_Dashboard")): Object: 'Object Repository/tc25/Page_soca-dashboarduser/button_Dashboard' is clicked on

2022-07-19 11:51:57 - [MESSAGE][PASSED] - Object: 'Object Repository/tc25/Page_soca-dashboarduser/button_Dashboard' is clicked on

2022-07-19 11:51:57 - [TEST_STEP][PASSED] - click(findTestObject("Object Repository/tc25/Page_soca-ai-proctoring-dashboard/span_Master Users")): Object: 'Object Repository/tc25/Page_soca-ai-proctoring-dashboard/span_Master Users' is clicked on

2022-07-19 11:52:04 - [MESSAGE][PASSED] - Object: 'Object Repository/tc25/Page_soca-ai-proctoring-dashboard/span_Master Users' is clicked on

2022-07-19 11:52:04 - [TEST_STEP][PASSED] - click(findTestObject("Object Repository/tc25/Page_soca-ai-proctoring-dashboard/button_Add Users")): Object: 'Object Repository/tc25/Page_soca-ai-proctoring-dashboard/button_Add Users' is clicked on

2022-07-19 11:52:04 - [MESSAGE][PASSED] - Object: 'Object Repository/tc25/Page_soca-ai-proctoring-dashboard/button_Add Users' is clicked on

2022-07-19 11:52:04 - [TEST_STEP][PASSED] - click(findTestObject("Object Repository/tc25/Page_soca-ai-proctoring-dashboard/button_Upload Image")): Object: 'Object Repository/tc25/Page_soca-ai-proctoring-dashboard/button_Upload Image' is clicked on

2022-07-19 11:52:05 - [MESSAGE][PASSED] - Object: 'Object Repository/tc25/Page_soca-ai-proctoring-dashboard/button_Upload Image' is clicked on

2022-07-19 11:52:05 - [TEST_STEP][PASSED] - click(findTestObject("Object Repository/tc25/Page_soca-ai-proctoring-dashboard/button_Upload Image")): Object: 'Object Repository/tc25/Page_soca-ai-proctoring-dashboard/button_Upload Image' is clicked on

2022-07-19 11:52:05 - [MESSAGE][PASSED] - Object: 'Object Repository/tc25/Page_soca-ai-proctoring-dashboard/button_Upload Image' is clicked on

2022-07-19 11:52:05 - [TEST_STEP][PASSED] - setText(findTestObject("Object Repository/tc25/Page_soca-ai-proctoring-dashboard/input_Unique Code_txt-unique"), "12345"): Text '12345' is set on object 'Object Repository/tc25/Page_soca-ai-proctoring-dashboard/input_Unique Code_txt-unique'

2022-07-19 11:52:06 - [MESSAGE][PASSED] - Text '12345' is set on object 'Object Repository/tc25/Page_soca-ai-proctoring-dashboard/input_Unique Code_txt-unique'

2022-07-19 11:52:06 - [TEST_STEP][PASSED] - setText(findTestObject("Object Repository/tc25/Page_soca-ai-proctoring-dashboard/input_Full Name_txt-full-name"), "Arpriansah"): Text 'Arpriansah' is set on object 'Object Repository/tc25/Page_soca-ai-proctoring-dashboard/input_Full Name_txt-full-name'

2022-07-19 11:52:06 - [MESSAGE][PASSED] - Text 'Arpriansah' is set on object 'Object Repository/tc25/Page_soca-ai-proctoring-dashboard/input_Full Name_txt-full-name'

2022-07-19 11:52:06 - [TEST_STEP][PASSED] - setText(findTestObject("Object Repository/tc25/Page_soca-ai-proctoring-dashboard/input_Email_txt-email"), "arpriansah@gmail.com"): Text 'arpriansah@gmail.com' is set on object 'Object Repository/tc25/Page_soca-ai-proctoring-dashboard/input_Email_txt-email'

2022-07-19 11:52:07 - [MESSAGE][PASSED] - Text 'arpriansah@gmail.com' is set on object 'Object Repository/tc25/Page_soca-ai-proctoring-dashboard/input_Email_txt-email'

2022-07-19 11:52:07 - [TEST_STEP][PASSED] - click(findTestObject("Object Repository/tc25/Page_soca-ai-proctoring-dashboard/label_Male")): Object: 'Object Repository/tc25/Page_soca-ai-proctoring-dashboard/label_Male' is clicked on

2022-07-19 11:52:07 - [MESSAGE][PASSED] - Object: 'Object Repository/tc25/Page_soca-ai-proctoring-dashboard/label_Male' is clicked on

2022-07-19 11:52:07 - [TEST_STEP][PASSED] - setText(findTestObject("Object Repository/tc25/Page_soca-ai-proctoring-dashboard/input_Exam Number_txt-exam-number"), "12345"): Text '12345' is set on object 'Object Repository/tc25/Page_soca-ai-proctoring-dashboard/input_Exam Number_txt-exam-number'

2022-07-19 11:52:08 - [MESSAGE][PASSED] - Text '12345' is set on object 'Object Repository/tc25/Page_soca-ai-proctoring-dashboard/input_Exam Number_txt-exam-number'

2022-07-19 11:52:08 - [TEST_STEP][PASSED] - click(findTestObject("Object Repository/tc25/Page_soca-ai-proctoring-dashboard/label_Wednesday, July 19, 2000")): Object: 'Object Repository/tc25/Page_soca-ai-proctoring-dashboard/label_Wednesday, July 19, 2000' is clicked on

2022-07-19 11:52:09 - [MESSAGE][PASSED] - Object: 'Object Repository/tc25/Page_soca-ai-proctoring-dashboard/label_Wednesday, July 19, 2000' is clicked on

2022-07-19 11:52:09 - [TEST_STEP][PASSED] - click(findTestObject("Object Repository/tc25/Page_soca-ai-proctoring-dashboard/svg_Wednesday, July 19, 2000_bi-chevron-lef_f041c2")): Object: 'Object Repository/tc25/Page_soca-ai-proctoring-dashboard/svg_Wednesday, July 19, 2000_bi-chevron-lef_f041c2' is clicked on

2022-07-19 11:52:09 - [MESSAGE][PASSED] - Object: 'Object Repository/tc25/Page_soca-ai-proctoring-dashboard/svg_Wednesday, July 19, 2000_bi-chevron-lef_f041c2' is clicked on

2022-07-19 11:52:09 - [TEST_STEP][PASSED] - click(findTestObject("Object Repository/tc25/Page_soca-ai-proctoring-dashboard/span_18")): Object: 'Object Repository/tc25/Page_soca-ai-proctoring-dashboard/span_18' is clicked on

2022-07-19 11:52:10 - [MESSAGE][PASSED] - Object: 'Object Repository/tc25/Page_soca-ai-proctoring-dashboard/span_18' is clicked on

2022-07-19 11:52:10 - [TEST_STEP][PASSED] - setText(findTestObject("Object Repository/tc25/Page_soca-ai-proctoring-dashboard/textarea_Address_txt-address"), "Grand Sharon Residence"): Text 'Grand Sharon Residence' is set on object 'Object Repository/tc25/Page_soca-ai-proctoring-dashboard/textarea_Address_txt-address'

2022-07-19 11:52:10 - [MESSAGE][PASSED] - Text 'Grand Sharon Residence' is set on object 'Object Repository/tc25/Page_soca-ai-proctoring-dashboard/textarea_Address_txt-address'

2022-07-19 11:52:10 - [TEST_STEP][PASSED] - click(findTestObject("Object Repository/tc25/Page_soca-ai-proctoring-dashboard/button_Submit")): Object: 'Object Repository/tc25/Page_soca-ai-proctoring-dashboard/button_Submit' is clicked on

2022-07-19 11:52:11 - [MESSAGE][PASSED] - Object: 'Object Repository/tc25/Page_soca-ai-proctoring-dashboard/button_Submit' is clicked on

2022-07-19 11:52:11 - [TEST_STEP][PASSED] - click(findTestObject("Object Repository/tc25/Page_soca-ai-proctoring-dashboard/button_OK")): Object: 'Object Repository/tc25/Page_soca-ai-proctoring-dashboard/button_OK' is clicked on

2022-07-19 11:52:13 - [MESSAGE][PASSED] - Object: 'Object Repository/tc25/Page_soca-ai-proctoring-dashboard/button_OK' is clicked on

2022-07-19 11:52:13 - [TEST_STEP][PASSED] - closeBrowser(): Browser is closed

2022-07-19 11:52:14 - [MESSAGE][PASSED] - Browser is closed]]></system-out>
         <system-err><![CDATA[]]></system-err>
      </testcase>
      <testcase name="Test Cases/TC_26" time="32.948" classname="Test Cases/TC_26" status="PASSED">
         <system-out><![CDATA[2022-07-19 11:52:14 - [TEST_CASE][PASSED] - Test Cases/TC_26: Test Cases/TC_26

2022-07-19 11:52:14 - [TEST_STEP][PASSED] - openBrowser(""): Browser is opened with url: ''

2022-07-19 11:52:14 - [MESSAGE][INFO] - Starting 'Chrome' driver

2022-07-19 11:52:14 - [MESSAGE][INFO] - Action delay is set to 0 milliseconds

2022-07-19 11:52:16 - [MESSAGE][PASSED] - Browser is opened with url: ''

2022-07-19 11:52:16 - [TEST_STEP][PASSED] - navigateToUrl("https://soca.ai/home"): Navigate to 'https://soca.ai/home' successfully

2022-07-19 11:52:19 - [MESSAGE][PASSED] - Navigate to 'https://soca.ai/home' successfully

2022-07-19 11:52:19 - [TEST_STEP][PASSED] - click(findTestObject("Object Repository/tc26/Page_soca.ai/a_Sign In")): Object: 'Object Repository/tc26/Page_soca.ai/a_Sign In' is clicked on

2022-07-19 11:52:25 - [MESSAGE][PASSED] - Object: 'Object Repository/tc26/Page_soca.ai/a_Sign In' is clicked on

2022-07-19 11:52:25 - [TEST_STEP][PASSED] - setText(findTestObject("Object Repository/tc26/Page_soca-dashboarduser/input_Email_form-control"), "kp3skp.dev@gmail.com"): Text 'kp3skp.dev@gmail.com' is set on object 'Object Repository/tc26/Page_soca-dashboarduser/input_Email_form-control'

2022-07-19 11:52:26 - [MESSAGE][PASSED] - Text 'kp3skp.dev@gmail.com' is set on object 'Object Repository/tc26/Page_soca-dashboarduser/input_Email_form-control'

2022-07-19 11:52:26 - [TEST_STEP][PASSED] - setEncryptedText(findTestObject("Object Repository/tc26/Page_soca-dashboarduser/input_Password_form-control mb-2"), "RigbBhfdqODKcAsiUrg+1Q=="): Text ****** has been set on object 'Object Repository/tc26/Page_soca-dashboarduser/input_Password_form-control mb-2'

2022-07-19 11:52:27 - [MESSAGE][PASSED] - Text ****** has been set on object 'Object Repository/tc26/Page_soca-dashboarduser/input_Password_form-control mb-2'

2022-07-19 11:52:27 - [TEST_STEP][PASSED] - click(findTestObject("Object Repository/tc26/Page_soca-dashboarduser/button_Sign In")): Object: 'Object Repository/tc26/Page_soca-dashboarduser/button_Sign In' is clicked on

2022-07-19 11:52:27 - [MESSAGE][PASSED] - Object: 'Object Repository/tc26/Page_soca-dashboarduser/button_Sign In' is clicked on

2022-07-19 11:52:27 - [TEST_STEP][PASSED] - click(findTestObject("Object Repository/tc26/Page_soca-dashboarduser/button_OK")): Object: 'Object Repository/tc26/Page_soca-dashboarduser/button_OK' is clicked on

2022-07-19 11:52:28 - [MESSAGE][PASSED] - Object: 'Object Repository/tc26/Page_soca-dashboarduser/button_OK' is clicked on

2022-07-19 11:52:28 - [TEST_STEP][PASSED] - click(findTestObject("Object Repository/tc26/Page_soca-dashboarduser/a_Projects")): Object: 'Object Repository/tc26/Page_soca-dashboarduser/a_Projects' is clicked on

2022-07-19 11:52:31 - [MESSAGE][PASSED] - Object: 'Object Repository/tc26/Page_soca-dashboarduser/a_Projects' is clicked on

2022-07-19 11:52:31 - [TEST_STEP][PASSED] - click(findTestObject("Object Repository/tc26/Page_soca-dashboarduser/button_Dashboard")): Object: 'Object Repository/tc26/Page_soca-dashboarduser/button_Dashboard' is clicked on

2022-07-19 11:52:33 - [MESSAGE][PASSED] - Object: 'Object Repository/tc26/Page_soca-dashboarduser/button_Dashboard' is clicked on

2022-07-19 11:52:33 - [TEST_STEP][PASSED] - click(findTestObject("Object Repository/tc26/Page_soca-ai-proctoring-dashboard/span_Master Users")): Object: 'Object Repository/tc26/Page_soca-ai-proctoring-dashboard/span_Master Users' is clicked on

2022-07-19 11:52:37 - [MESSAGE][PASSED] - Object: 'Object Repository/tc26/Page_soca-ai-proctoring-dashboard/span_Master Users' is clicked on

2022-07-19 11:52:37 - [TEST_STEP][PASSED] - click(findTestObject("Object Repository/tc26/Page_soca-ai-proctoring-dashboard/button_Add Users")): Object: 'Object Repository/tc26/Page_soca-ai-proctoring-dashboard/button_Add Users' is clicked on

2022-07-19 11:52:38 - [MESSAGE][PASSED] - Object: 'Object Repository/tc26/Page_soca-ai-proctoring-dashboard/button_Add Users' is clicked on

2022-07-19 11:52:38 - [TEST_STEP][PASSED] - click(findTestObject("Object Repository/tc26/Page_soca-ai-proctoring-dashboard/button_Upload Image")): Object: 'Object Repository/tc26/Page_soca-ai-proctoring-dashboard/button_Upload Image' is clicked on

2022-07-19 11:52:38 - [MESSAGE][PASSED] - Object: 'Object Repository/tc26/Page_soca-ai-proctoring-dashboard/button_Upload Image' is clicked on

2022-07-19 11:52:38 - [TEST_STEP][PASSED] - click(findTestObject("Object Repository/tc26/Page_soca-ai-proctoring-dashboard/button_Upload Image")): Object: 'Object Repository/tc26/Page_soca-ai-proctoring-dashboard/button_Upload Image' is clicked on

2022-07-19 11:52:39 - [MESSAGE][PASSED] - Object: 'Object Repository/tc26/Page_soca-ai-proctoring-dashboard/button_Upload Image' is clicked on

2022-07-19 11:52:39 - [TEST_STEP][PASSED] - setText(findTestObject("Object Repository/tc26/Page_soca-ai-proctoring-dashboard/input_Unique Code_txt-unique"), "12345"): Text '12345' is set on object 'Object Repository/tc26/Page_soca-ai-proctoring-dashboard/input_Unique Code_txt-unique'

2022-07-19 11:52:39 - [MESSAGE][PASSED] - Text '12345' is set on object 'Object Repository/tc26/Page_soca-ai-proctoring-dashboard/input_Unique Code_txt-unique'

2022-07-19 11:52:39 - [TEST_STEP][PASSED] - setText(findTestObject("Object Repository/tc26/Page_soca-ai-proctoring-dashboard/input_Full Name_txt-full-name"), "Arpriansah"): Text 'Arpriansah' is set on object 'Object Repository/tc26/Page_soca-ai-proctoring-dashboard/input_Full Name_txt-full-name'

2022-07-19 11:52:40 - [MESSAGE][PASSED] - Text 'Arpriansah' is set on object 'Object Repository/tc26/Page_soca-ai-proctoring-dashboard/input_Full Name_txt-full-name'

2022-07-19 11:52:40 - [TEST_STEP][PASSED] - setText(findTestObject("Object Repository/tc26/Page_soca-ai-proctoring-dashboard/input_Email_txt-email"), "arpriansah@gmail.com"): Text 'arpriansah@gmail.com' is set on object 'Object Repository/tc26/Page_soca-ai-proctoring-dashboard/input_Email_txt-email'

2022-07-19 11:52:41 - [MESSAGE][PASSED] - Text 'arpriansah@gmail.com' is set on object 'Object Repository/tc26/Page_soca-ai-proctoring-dashboard/input_Email_txt-email'

2022-07-19 11:52:41 - [TEST_STEP][PASSED] - click(findTestObject("Object Repository/tc26/Page_soca-ai-proctoring-dashboard/label_Male")): Object: 'Object Repository/tc26/Page_soca-ai-proctoring-dashboard/label_Male' is clicked on

2022-07-19 11:52:41 - [MESSAGE][PASSED] - Object: 'Object Repository/tc26/Page_soca-ai-proctoring-dashboard/label_Male' is clicked on

2022-07-19 11:52:41 - [TEST_STEP][PASSED] - setText(findTestObject("Object Repository/tc26/Page_soca-ai-proctoring-dashboard/input_Exam Number_txt-exam-number"), "12345"): Text '12345' is set on object 'Object Repository/tc26/Page_soca-ai-proctoring-dashboard/input_Exam Number_txt-exam-number'

2022-07-19 11:52:42 - [MESSAGE][PASSED] - Text '12345' is set on object 'Object Repository/tc26/Page_soca-ai-proctoring-dashboard/input_Exam Number_txt-exam-number'

2022-07-19 11:52:42 - [TEST_STEP][PASSED] - click(findTestObject("Object Repository/tc26/Page_soca-ai-proctoring-dashboard/label_Wednesday, July 19, 2000")): Object: 'Object Repository/tc26/Page_soca-ai-proctoring-dashboard/label_Wednesday, July 19, 2000' is clicked on

2022-07-19 11:52:42 - [MESSAGE][PASSED] - Object: 'Object Repository/tc26/Page_soca-ai-proctoring-dashboard/label_Wednesday, July 19, 2000' is clicked on

2022-07-19 11:52:42 - [TEST_STEP][PASSED] - click(findTestObject("Object Repository/tc26/Page_soca-ai-proctoring-dashboard/svg_Wednesday, July 19, 2000_bi-chevron-lef_f041c2")): Object: 'Object Repository/tc26/Page_soca-ai-proctoring-dashboard/svg_Wednesday, July 19, 2000_bi-chevron-lef_f041c2' is clicked on

2022-07-19 11:52:43 - [MESSAGE][PASSED] - Object: 'Object Repository/tc26/Page_soca-ai-proctoring-dashboard/svg_Wednesday, July 19, 2000_bi-chevron-lef_f041c2' is clicked on

2022-07-19 11:52:43 - [TEST_STEP][PASSED] - click(findTestObject("Object Repository/tc26/Page_soca-ai-proctoring-dashboard/span_18")): Object: 'Object Repository/tc26/Page_soca-ai-proctoring-dashboard/span_18' is clicked on

2022-07-19 11:52:43 - [MESSAGE][PASSED] - Object: 'Object Repository/tc26/Page_soca-ai-proctoring-dashboard/span_18' is clicked on

2022-07-19 11:52:43 - [TEST_STEP][PASSED] - setText(findTestObject("Object Repository/tc26/Page_soca-ai-proctoring-dashboard/textarea_Address_txt-address"), "Grand Sharon Residence"): Text 'Grand Sharon Residence' is set on object 'Object Repository/tc26/Page_soca-ai-proctoring-dashboard/textarea_Address_txt-address'

2022-07-19 11:52:44 - [MESSAGE][PASSED] - Text 'Grand Sharon Residence' is set on object 'Object Repository/tc26/Page_soca-ai-proctoring-dashboard/textarea_Address_txt-address'

2022-07-19 11:52:44 - [TEST_STEP][PASSED] - click(findTestObject("Object Repository/tc26/Page_soca-ai-proctoring-dashboard/button_Submit")): Object: 'Object Repository/tc26/Page_soca-ai-proctoring-dashboard/button_Submit' is clicked on

2022-07-19 11:52:45 - [MESSAGE][PASSED] - Object: 'Object Repository/tc26/Page_soca-ai-proctoring-dashboard/button_Submit' is clicked on

2022-07-19 11:52:45 - [TEST_STEP][PASSED] - click(findTestObject("Object Repository/tc26/Page_soca-ai-proctoring-dashboard/button_OK")): Object: 'Object Repository/tc26/Page_soca-ai-proctoring-dashboard/button_OK' is clicked on

2022-07-19 11:52:46 - [MESSAGE][PASSED] - Object: 'Object Repository/tc26/Page_soca-ai-proctoring-dashboard/button_OK' is clicked on

2022-07-19 11:52:46 - [TEST_STEP][PASSED] - closeBrowser(): Browser is closed

2022-07-19 11:52:47 - [MESSAGE][PASSED] - Browser is closed]]></system-out>
         <system-err><![CDATA[]]></system-err>
      </testcase>
      <testcase name="Test Cases/TC_27" time="29.419" classname="Test Cases/TC_27" status="PASSED">
         <system-out><![CDATA[2022-07-19 11:52:47 - [TEST_CASE][PASSED] - Test Cases/TC_27: Test Cases/TC_27

2022-07-19 11:52:47 - [TEST_STEP][PASSED] - openBrowser(""): Browser is opened with url: ''

2022-07-19 11:52:47 - [MESSAGE][INFO] - Starting 'Chrome' driver

2022-07-19 11:52:47 - [MESSAGE][INFO] - Action delay is set to 0 milliseconds

2022-07-19 11:52:49 - [MESSAGE][PASSED] - Browser is opened with url: ''

2022-07-19 11:52:49 - [TEST_STEP][PASSED] - navigateToUrl("https://soca.ai/home"): Navigate to 'https://soca.ai/home' successfully

2022-07-19 11:52:51 - [MESSAGE][PASSED] - Navigate to 'https://soca.ai/home' successfully

2022-07-19 11:52:51 - [TEST_STEP][PASSED] - click(findTestObject("Object Repository/tc27/Page_soca.ai/a_Sign In")): Object: 'Object Repository/tc27/Page_soca.ai/a_Sign In' is clicked on

2022-07-19 11:52:57 - [MESSAGE][PASSED] - Object: 'Object Repository/tc27/Page_soca.ai/a_Sign In' is clicked on

2022-07-19 11:52:57 - [TEST_STEP][PASSED] - setText(findTestObject("Object Repository/tc27/Page_soca-dashboarduser/input_Email_form-control"), "kp3skp.dev@gmail.com"): Text 'kp3skp.dev@gmail.com' is set on object 'Object Repository/tc27/Page_soca-dashboarduser/input_Email_form-control'

2022-07-19 11:52:58 - [MESSAGE][PASSED] - Text 'kp3skp.dev@gmail.com' is set on object 'Object Repository/tc27/Page_soca-dashboarduser/input_Email_form-control'

2022-07-19 11:52:58 - [TEST_STEP][PASSED] - setEncryptedText(findTestObject("Object Repository/tc27/Page_soca-dashboarduser/input_Password_form-control mb-2"), "RigbBhfdqODKcAsiUrg+1Q=="): Text ****** has been set on object 'Object Repository/tc27/Page_soca-dashboarduser/input_Password_form-control mb-2'

2022-07-19 11:52:58 - [MESSAGE][PASSED] - Text ****** has been set on object 'Object Repository/tc27/Page_soca-dashboarduser/input_Password_form-control mb-2'

2022-07-19 11:52:58 - [TEST_STEP][PASSED] - click(findTestObject("Object Repository/tc27/Page_soca-dashboarduser/button_Sign In")): Object: 'Object Repository/tc27/Page_soca-dashboarduser/button_Sign In' is clicked on

2022-07-19 11:52:58 - [MESSAGE][PASSED] - Object: 'Object Repository/tc27/Page_soca-dashboarduser/button_Sign In' is clicked on

2022-07-19 11:52:58 - [TEST_STEP][PASSED] - click(findTestObject("Object Repository/tc27/Page_soca-dashboarduser/button_OK")): Object: 'Object Repository/tc27/Page_soca-dashboarduser/button_OK' is clicked on

2022-07-19 11:52:59 - [MESSAGE][PASSED] - Object: 'Object Repository/tc27/Page_soca-dashboarduser/button_OK' is clicked on

2022-07-19 11:52:59 - [TEST_STEP][PASSED] - click(findTestObject("Object Repository/tc27/Page_soca-dashboarduser/a_Projects")): Object: 'Object Repository/tc27/Page_soca-dashboarduser/a_Projects' is clicked on

2022-07-19 11:53:02 - [MESSAGE][PASSED] - Object: 'Object Repository/tc27/Page_soca-dashboarduser/a_Projects' is clicked on

2022-07-19 11:53:02 - [TEST_STEP][PASSED] - click(findTestObject("Object Repository/tc27/Page_soca-dashboarduser/button_Dashboard")): Object: 'Object Repository/tc27/Page_soca-dashboarduser/button_Dashboard' is clicked on

2022-07-19 11:53:03 - [MESSAGE][PASSED] - Object: 'Object Repository/tc27/Page_soca-dashboarduser/button_Dashboard' is clicked on

2022-07-19 11:53:03 - [TEST_STEP][PASSED] - click(findTestObject("Object Repository/tc27/Page_soca-ai-proctoring-dashboard/span_Master Users")): Object: 'Object Repository/tc27/Page_soca-ai-proctoring-dashboard/span_Master Users' is clicked on

2022-07-19 11:53:07 - [MESSAGE][PASSED] - Object: 'Object Repository/tc27/Page_soca-ai-proctoring-dashboard/span_Master Users' is clicked on

2022-07-19 11:53:07 - [TEST_STEP][PASSED] - click(findTestObject("Object Repository/tc27/Page_soca-ai-proctoring-dashboard/button_Add Users")): Object: 'Object Repository/tc27/Page_soca-ai-proctoring-dashboard/button_Add Users' is clicked on

2022-07-19 11:53:07 - [MESSAGE][PASSED] - Object: 'Object Repository/tc27/Page_soca-ai-proctoring-dashboard/button_Add Users' is clicked on

2022-07-19 11:53:07 - [TEST_STEP][PASSED] - click(findTestObject("Object Repository/tc27/Page_soca-ai-proctoring-dashboard/button_Upload Image")): Object: 'Object Repository/tc27/Page_soca-ai-proctoring-dashboard/button_Upload Image' is clicked on

2022-07-19 11:53:07 - [MESSAGE][PASSED] - Object: 'Object Repository/tc27/Page_soca-ai-proctoring-dashboard/button_Upload Image' is clicked on

2022-07-19 11:53:07 - [TEST_STEP][PASSED] - click(findTestObject("Object Repository/tc27/Page_soca-ai-proctoring-dashboard/button_Upload Image")): Object: 'Object Repository/tc27/Page_soca-ai-proctoring-dashboard/button_Upload Image' is clicked on

2022-07-19 11:53:08 - [MESSAGE][PASSED] - Object: 'Object Repository/tc27/Page_soca-ai-proctoring-dashboard/button_Upload Image' is clicked on

2022-07-19 11:53:08 - [TEST_STEP][PASSED] - setText(findTestObject("Object Repository/tc27/Page_soca-ai-proctoring-dashboard/input_Unique Code_txt-unique"), "12345"): Text '12345' is set on object 'Object Repository/tc27/Page_soca-ai-proctoring-dashboard/input_Unique Code_txt-unique'

2022-07-19 11:53:08 - [MESSAGE][PASSED] - Text '12345' is set on object 'Object Repository/tc27/Page_soca-ai-proctoring-dashboard/input_Unique Code_txt-unique'

2022-07-19 11:53:08 - [TEST_STEP][PASSED] - setText(findTestObject("Object Repository/tc27/Page_soca-ai-proctoring-dashboard/input_Full Name_txt-full-name"), "Arpriansah"): Text 'Arpriansah' is set on object 'Object Repository/tc27/Page_soca-ai-proctoring-dashboard/input_Full Name_txt-full-name'

2022-07-19 11:53:09 - [MESSAGE][PASSED] - Text 'Arpriansah' is set on object 'Object Repository/tc27/Page_soca-ai-proctoring-dashboard/input_Full Name_txt-full-name'

2022-07-19 11:53:09 - [TEST_STEP][PASSED] - setText(findTestObject("Object Repository/tc27/Page_soca-ai-proctoring-dashboard/input_Email_txt-email"), "arpriansah@gmail.com"): Text 'arpriansah@gmail.com' is set on object 'Object Repository/tc27/Page_soca-ai-proctoring-dashboard/input_Email_txt-email'

2022-07-19 11:53:10 - [MESSAGE][PASSED] - Text 'arpriansah@gmail.com' is set on object 'Object Repository/tc27/Page_soca-ai-proctoring-dashboard/input_Email_txt-email'

2022-07-19 11:53:10 - [TEST_STEP][PASSED] - click(findTestObject("Object Repository/tc27/Page_soca-ai-proctoring-dashboard/label_Male")): Object: 'Object Repository/tc27/Page_soca-ai-proctoring-dashboard/label_Male' is clicked on

2022-07-19 11:53:10 - [MESSAGE][PASSED] - Object: 'Object Repository/tc27/Page_soca-ai-proctoring-dashboard/label_Male' is clicked on

2022-07-19 11:53:10 - [TEST_STEP][PASSED] - setText(findTestObject("Object Repository/tc27/Page_soca-ai-proctoring-dashboard/input_Exam Number_txt-exam-number"), "12345"): Text '12345' is set on object 'Object Repository/tc27/Page_soca-ai-proctoring-dashboard/input_Exam Number_txt-exam-number'

2022-07-19 11:53:11 - [MESSAGE][PASSED] - Text '12345' is set on object 'Object Repository/tc27/Page_soca-ai-proctoring-dashboard/input_Exam Number_txt-exam-number'

2022-07-19 11:53:11 - [TEST_STEP][PASSED] - click(findTestObject("Object Repository/tc27/Page_soca-ai-proctoring-dashboard/label_Wednesday, July 19, 2000")): Object: 'Object Repository/tc27/Page_soca-ai-proctoring-dashboard/label_Wednesday, July 19, 2000' is clicked on

2022-07-19 11:53:11 - [MESSAGE][PASSED] - Object: 'Object Repository/tc27/Page_soca-ai-proctoring-dashboard/label_Wednesday, July 19, 2000' is clicked on

2022-07-19 11:53:11 - [TEST_STEP][PASSED] - click(findTestObject("Object Repository/tc27/Page_soca-ai-proctoring-dashboard/svg_Wednesday, July 19, 2000_bi-chevron-lef_f041c2")): Object: 'Object Repository/tc27/Page_soca-ai-proctoring-dashboard/svg_Wednesday, July 19, 2000_bi-chevron-lef_f041c2' is clicked on

2022-07-19 11:53:12 - [MESSAGE][PASSED] - Object: 'Object Repository/tc27/Page_soca-ai-proctoring-dashboard/svg_Wednesday, July 19, 2000_bi-chevron-lef_f041c2' is clicked on

2022-07-19 11:53:12 - [TEST_STEP][PASSED] - click(findTestObject("Object Repository/tc27/Page_soca-ai-proctoring-dashboard/span_18")): Object: 'Object Repository/tc27/Page_soca-ai-proctoring-dashboard/span_18' is clicked on

2022-07-19 11:53:13 - [MESSAGE][PASSED] - Object: 'Object Repository/tc27/Page_soca-ai-proctoring-dashboard/span_18' is clicked on

2022-07-19 11:53:13 - [TEST_STEP][PASSED] - setText(findTestObject("Object Repository/tc27/Page_soca-ai-proctoring-dashboard/textarea_Address_txt-address"), "Grand Sharon Residence"): Text 'Grand Sharon Residence' is set on object 'Object Repository/tc27/Page_soca-ai-proctoring-dashboard/textarea_Address_txt-address'

2022-07-19 11:53:13 - [MESSAGE][PASSED] - Text 'Grand Sharon Residence' is set on object 'Object Repository/tc27/Page_soca-ai-proctoring-dashboard/textarea_Address_txt-address'

2022-07-19 11:53:13 - [TEST_STEP][PASSED] - click(findTestObject("Object Repository/tc27/Page_soca-ai-proctoring-dashboard/button_Submit")): Object: 'Object Repository/tc27/Page_soca-ai-proctoring-dashboard/button_Submit' is clicked on

2022-07-19 11:53:14 - [MESSAGE][PASSED] - Object: 'Object Repository/tc27/Page_soca-ai-proctoring-dashboard/button_Submit' is clicked on

2022-07-19 11:53:14 - [TEST_STEP][PASSED] - click(findTestObject("Object Repository/tc27/Page_soca-ai-proctoring-dashboard/button_OK")): Object: 'Object Repository/tc27/Page_soca-ai-proctoring-dashboard/button_OK' is clicked on

2022-07-19 11:53:16 - [MESSAGE][PASSED] - Object: 'Object Repository/tc27/Page_soca-ai-proctoring-dashboard/button_OK' is clicked on

2022-07-19 11:53:16 - [TEST_STEP][PASSED] - closeBrowser(): Browser is closed

2022-07-19 11:53:16 - [MESSAGE][PASSED] - Browser is closed]]></system-out>
         <system-err><![CDATA[]]></system-err>
      </testcase>
      <testcase name="Test Cases/TC_28" time="33.949" classname="Test Cases/TC_28" status="PASSED">
         <system-out><![CDATA[2022-07-19 11:53:16 - [TEST_CASE][PASSED] - Test Cases/TC_28: Test Cases/TC_28

2022-07-19 11:53:17 - [TEST_STEP][PASSED] - openBrowser(""): Browser is opened with url: ''

2022-07-19 11:53:17 - [MESSAGE][INFO] - Starting 'Chrome' driver

2022-07-19 11:53:17 - [MESSAGE][INFO] - Action delay is set to 0 milliseconds

2022-07-19 11:53:18 - [MESSAGE][PASSED] - Browser is opened with url: ''

2022-07-19 11:53:18 - [TEST_STEP][PASSED] - navigateToUrl("https://soca.ai/home"): Navigate to 'https://soca.ai/home' successfully

2022-07-19 11:53:28 - [MESSAGE][PASSED] - Navigate to 'https://soca.ai/home' successfully

2022-07-19 11:53:28 - [TEST_STEP][PASSED] - click(findTestObject("Object Repository/tc28/Page_soca.ai/a_Sign In")): Object: 'Object Repository/tc28/Page_soca.ai/a_Sign In' is clicked on

2022-07-19 11:53:34 - [MESSAGE][PASSED] - Object: 'Object Repository/tc28/Page_soca.ai/a_Sign In' is clicked on

2022-07-19 11:53:34 - [TEST_STEP][PASSED] - setText(findTestObject("Object Repository/tc28/Page_soca-dashboarduser/input_Email_form-control"), "kp3skp.dev@gmail.com"): Text 'kp3skp.dev@gmail.com' is set on object 'Object Repository/tc28/Page_soca-dashboarduser/input_Email_form-control'

2022-07-19 11:53:35 - [MESSAGE][PASSED] - Text 'kp3skp.dev@gmail.com' is set on object 'Object Repository/tc28/Page_soca-dashboarduser/input_Email_form-control'

2022-07-19 11:53:35 - [TEST_STEP][PASSED] - setEncryptedText(findTestObject("Object Repository/tc28/Page_soca-dashboarduser/input_Password_form-control mb-2"), "RigbBhfdqODKcAsiUrg+1Q=="): Text ****** has been set on object 'Object Repository/tc28/Page_soca-dashboarduser/input_Password_form-control mb-2'

2022-07-19 11:53:35 - [MESSAGE][PASSED] - Text ****** has been set on object 'Object Repository/tc28/Page_soca-dashboarduser/input_Password_form-control mb-2'

2022-07-19 11:53:35 - [TEST_STEP][PASSED] - click(findTestObject("Object Repository/tc28/Page_soca-dashboarduser/button_Sign In")): Object: 'Object Repository/tc28/Page_soca-dashboarduser/button_Sign In' is clicked on

2022-07-19 11:53:36 - [MESSAGE][PASSED] - Object: 'Object Repository/tc28/Page_soca-dashboarduser/button_Sign In' is clicked on

2022-07-19 11:53:36 - [TEST_STEP][PASSED] - click(findTestObject("Object Repository/tc28/Page_soca-dashboarduser/button_OK")): Object: 'Object Repository/tc28/Page_soca-dashboarduser/button_OK' is clicked on

2022-07-19 11:53:37 - [MESSAGE][PASSED] - Object: 'Object Repository/tc28/Page_soca-dashboarduser/button_OK' is clicked on

2022-07-19 11:53:37 - [TEST_STEP][PASSED] - click(findTestObject("Object Repository/tc28/Page_soca-dashboarduser/a_Projects")): Object: 'Object Repository/tc28/Page_soca-dashboarduser/a_Projects' is clicked on

2022-07-19 11:53:39 - [MESSAGE][PASSED] - Object: 'Object Repository/tc28/Page_soca-dashboarduser/a_Projects' is clicked on

2022-07-19 11:53:39 - [TEST_STEP][PASSED] - click(findTestObject("Object Repository/tc28/Page_soca-dashboarduser/button_Dashboard")): Object: 'Object Repository/tc28/Page_soca-dashboarduser/button_Dashboard' is clicked on

2022-07-19 11:53:40 - [MESSAGE][PASSED] - Object: 'Object Repository/tc28/Page_soca-dashboarduser/button_Dashboard' is clicked on

2022-07-19 11:53:40 - [TEST_STEP][PASSED] - click(findTestObject("Object Repository/tc28/Page_soca-ai-proctoring-dashboard/span_Master Users")): Object: 'Object Repository/tc28/Page_soca-ai-proctoring-dashboard/span_Master Users' is clicked on

2022-07-19 11:53:44 - [MESSAGE][PASSED] - Object: 'Object Repository/tc28/Page_soca-ai-proctoring-dashboard/span_Master Users' is clicked on

2022-07-19 11:53:44 - [TEST_STEP][PASSED] - click(findTestObject("Object Repository/tc28/Page_soca-ai-proctoring-dashboard/button_Add Users")): Object: 'Object Repository/tc28/Page_soca-ai-proctoring-dashboard/button_Add Users' is clicked on

2022-07-19 11:53:44 - [MESSAGE][PASSED] - Object: 'Object Repository/tc28/Page_soca-ai-proctoring-dashboard/button_Add Users' is clicked on

2022-07-19 11:53:44 - [TEST_STEP][PASSED] - click(findTestObject("Object Repository/tc28/Page_soca-ai-proctoring-dashboard/button_Upload Image")): Object: 'Object Repository/tc28/Page_soca-ai-proctoring-dashboard/button_Upload Image' is clicked on

2022-07-19 11:53:45 - [MESSAGE][PASSED] - Object: 'Object Repository/tc28/Page_soca-ai-proctoring-dashboard/button_Upload Image' is clicked on

2022-07-19 11:53:45 - [TEST_STEP][PASSED] - click(findTestObject("Object Repository/tc28/Page_soca-ai-proctoring-dashboard/button_Upload Image")): Object: 'Object Repository/tc28/Page_soca-ai-proctoring-dashboard/button_Upload Image' is clicked on

2022-07-19 11:53:45 - [MESSAGE][PASSED] - Object: 'Object Repository/tc28/Page_soca-ai-proctoring-dashboard/button_Upload Image' is clicked on

2022-07-19 11:53:45 - [TEST_STEP][PASSED] - click(findTestObject("Object Repository/tc28/Page_soca-ai-proctoring-dashboard/button_Upload Image")): Object: 'Object Repository/tc28/Page_soca-ai-proctoring-dashboard/button_Upload Image' is clicked on

2022-07-19 11:53:46 - [MESSAGE][PASSED] - Object: 'Object Repository/tc28/Page_soca-ai-proctoring-dashboard/button_Upload Image' is clicked on

2022-07-19 11:53:46 - [TEST_STEP][PASSED] - click(findTestObject("Object Repository/tc28/Page_soca-ai-proctoring-dashboard/input_Unique Code_txt-unique"), STOP_ON_FAILURE): Object: 'Object Repository/tc28/Page_soca-ai-proctoring-dashboard/input_Unique Code_txt-unique' is clicked on

2022-07-19 11:53:46 - [MESSAGE][PASSED] - Object: 'Object Repository/tc28/Page_soca-ai-proctoring-dashboard/input_Unique Code_txt-unique' is clicked on

2022-07-19 11:53:46 - [TEST_STEP][PASSED] - setText(findTestObject("Object Repository/tc28/Page_soca-ai-proctoring-dashboard/input_Full Name_txt-full-name"), "Arpriansah"): Text 'Arpriansah' is set on object 'Object Repository/tc28/Page_soca-ai-proctoring-dashboard/input_Full Name_txt-full-name'

2022-07-19 11:53:47 - [MESSAGE][PASSED] - Text 'Arpriansah' is set on object 'Object Repository/tc28/Page_soca-ai-proctoring-dashboard/input_Full Name_txt-full-name'

2022-07-19 11:53:47 - [TEST_STEP][PASSED] - setText(findTestObject("Object Repository/tc28/Page_soca-ai-proctoring-dashboard/input_Email_txt-email"), "arpriansah@gmail.com"): Text 'arpriansah@gmail.com' is set on object 'Object Repository/tc28/Page_soca-ai-proctoring-dashboard/input_Email_txt-email'

2022-07-19 11:53:48 - [MESSAGE][PASSED] - Text 'arpriansah@gmail.com' is set on object 'Object Repository/tc28/Page_soca-ai-proctoring-dashboard/input_Email_txt-email'

2022-07-19 11:53:48 - [TEST_STEP][PASSED] - click(findTestObject("Object Repository/tc28/Page_soca-ai-proctoring-dashboard/label_Male")): Object: 'Object Repository/tc28/Page_soca-ai-proctoring-dashboard/label_Male' is clicked on

2022-07-19 11:53:48 - [MESSAGE][PASSED] - Object: 'Object Repository/tc28/Page_soca-ai-proctoring-dashboard/label_Male' is clicked on

2022-07-19 11:53:48 - [TEST_STEP][PASSED] - setText(findTestObject("Object Repository/tc28/Page_soca-ai-proctoring-dashboard/input_Exam Number_txt-exam-number"), "12345"): Text '12345' is set on object 'Object Repository/tc28/Page_soca-ai-proctoring-dashboard/input_Exam Number_txt-exam-number'

2022-07-19 11:53:49 - [MESSAGE][PASSED] - Text '12345' is set on object 'Object Repository/tc28/Page_soca-ai-proctoring-dashboard/input_Exam Number_txt-exam-number'

2022-07-19 11:53:49 - [TEST_STEP][PASSED] - setText(findTestObject("Object Repository/tc28/Page_soca-ai-proctoring-dashboard/textarea_Address_txt-address"), "Grand Sharon Residence"): Text 'Grand Sharon Residence' is set on object 'Object Repository/tc28/Page_soca-ai-proctoring-dashboard/textarea_Address_txt-address'

2022-07-19 11:53:49 - [MESSAGE][PASSED] - Text 'Grand Sharon Residence' is set on object 'Object Repository/tc28/Page_soca-ai-proctoring-dashboard/textarea_Address_txt-address'

2022-07-19 11:53:49 - [TEST_STEP][PASSED] - click(findTestObject("Object Repository/tc28/Page_soca-ai-proctoring-dashboard/button_Submit")): Object: 'Object Repository/tc28/Page_soca-ai-proctoring-dashboard/button_Submit' is clicked on

2022-07-19 11:53:50 - [MESSAGE][PASSED] - Object: 'Object Repository/tc28/Page_soca-ai-proctoring-dashboard/button_Submit' is clicked on

2022-07-19 11:53:50 - [TEST_STEP][PASSED] - closeBrowser(): Browser is closed

2022-07-19 11:53:50 - [MESSAGE][PASSED] - Browser is closed]]></system-out>
         <system-err><![CDATA[]]></system-err>
      </testcase>
      <testcase name="Test Cases/TC_29" time="34.688" classname="Test Cases/TC_29" status="PASSED">
         <system-out><![CDATA[2022-07-19 11:53:50 - [TEST_CASE][PASSED] - Test Cases/TC_29: Test Cases/TC_29

2022-07-19 11:53:51 - [TEST_STEP][PASSED] - openBrowser(""): Browser is opened with url: ''

2022-07-19 11:53:51 - [MESSAGE][INFO] - Starting 'Chrome' driver

2022-07-19 11:53:51 - [MESSAGE][INFO] - Action delay is set to 0 milliseconds

2022-07-19 11:53:52 - [MESSAGE][PASSED] - Browser is opened with url: ''

2022-07-19 11:53:52 - [TEST_STEP][PASSED] - navigateToUrl("https://soca.ai/home"): Navigate to 'https://soca.ai/home' successfully

2022-07-19 11:53:58 - [MESSAGE][PASSED] - Navigate to 'https://soca.ai/home' successfully

2022-07-19 11:53:58 - [TEST_STEP][PASSED] - click(findTestObject("Object Repository/tc29/Page_soca.ai/a_Sign In")): Object: 'Object Repository/tc29/Page_soca.ai/a_Sign In' is clicked on

2022-07-19 11:54:05 - [MESSAGE][PASSED] - Object: 'Object Repository/tc29/Page_soca.ai/a_Sign In' is clicked on

2022-07-19 11:54:05 - [TEST_STEP][PASSED] - setText(findTestObject("Object Repository/tc29/Page_soca-dashboarduser/input_Email_form-control"), "kp3skp.dev@gmail.com"): Text 'kp3skp.dev@gmail.com' is set on object 'Object Repository/tc29/Page_soca-dashboarduser/input_Email_form-control'

2022-07-19 11:54:06 - [MESSAGE][PASSED] - Text 'kp3skp.dev@gmail.com' is set on object 'Object Repository/tc29/Page_soca-dashboarduser/input_Email_form-control'

2022-07-19 11:54:06 - [TEST_STEP][PASSED] - setEncryptedText(findTestObject("Object Repository/tc29/Page_soca-dashboarduser/input_Password_form-control mb-2"), "RigbBhfdqODKcAsiUrg+1Q=="): Text ****** has been set on object 'Object Repository/tc29/Page_soca-dashboarduser/input_Password_form-control mb-2'

2022-07-19 11:54:06 - [MESSAGE][PASSED] - Text ****** has been set on object 'Object Repository/tc29/Page_soca-dashboarduser/input_Password_form-control mb-2'

2022-07-19 11:54:06 - [TEST_STEP][PASSED] - click(findTestObject("Object Repository/tc29/Page_soca-dashboarduser/button_Sign In")): Object: 'Object Repository/tc29/Page_soca-dashboarduser/button_Sign In' is clicked on

2022-07-19 11:54:07 - [MESSAGE][PASSED] - Object: 'Object Repository/tc29/Page_soca-dashboarduser/button_Sign In' is clicked on

2022-07-19 11:54:07 - [TEST_STEP][PASSED] - click(findTestObject("Object Repository/tc29/Page_soca-dashboarduser/button_OK")): Object: 'Object Repository/tc29/Page_soca-dashboarduser/button_OK' is clicked on

2022-07-19 11:54:07 - [MESSAGE][PASSED] - Object: 'Object Repository/tc29/Page_soca-dashboarduser/button_OK' is clicked on

2022-07-19 11:54:07 - [TEST_STEP][PASSED] - click(findTestObject("Object Repository/tc29/Page_soca-dashboarduser/a_Projects")): Object: 'Object Repository/tc29/Page_soca-dashboarduser/a_Projects' is clicked on

2022-07-19 11:54:10 - [MESSAGE][PASSED] - Object: 'Object Repository/tc29/Page_soca-dashboarduser/a_Projects' is clicked on

2022-07-19 11:54:10 - [TEST_STEP][PASSED] - click(findTestObject("Object Repository/tc29/Page_soca-dashboarduser/button_Dashboard")): Object: 'Object Repository/tc29/Page_soca-dashboarduser/button_Dashboard' is clicked on

2022-07-19 11:54:11 - [MESSAGE][PASSED] - Object: 'Object Repository/tc29/Page_soca-dashboarduser/button_Dashboard' is clicked on

2022-07-19 11:54:11 - [TEST_STEP][PASSED] - click(findTestObject("Object Repository/tc29/Page_soca-ai-proctoring-dashboard/span_Master Users")): Object: 'Object Repository/tc29/Page_soca-ai-proctoring-dashboard/span_Master Users' is clicked on

2022-07-19 11:54:17 - [MESSAGE][PASSED] - Object: 'Object Repository/tc29/Page_soca-ai-proctoring-dashboard/span_Master Users' is clicked on

2022-07-19 11:54:17 - [TEST_STEP][PASSED] - click(findTestObject("Object Repository/tc29/Page_soca-ai-proctoring-dashboard/button_Add Users")): Object: 'Object Repository/tc29/Page_soca-ai-proctoring-dashboard/button_Add Users' is clicked on

2022-07-19 11:54:17 - [MESSAGE][PASSED] - Object: 'Object Repository/tc29/Page_soca-ai-proctoring-dashboard/button_Add Users' is clicked on

2022-07-19 11:54:17 - [TEST_STEP][PASSED] - click(findTestObject("Object Repository/tc29/Page_soca-ai-proctoring-dashboard/button_Upload Image")): Object: 'Object Repository/tc29/Page_soca-ai-proctoring-dashboard/button_Upload Image' is clicked on

2022-07-19 11:54:18 - [MESSAGE][PASSED] - Object: 'Object Repository/tc29/Page_soca-ai-proctoring-dashboard/button_Upload Image' is clicked on

2022-07-19 11:54:18 - [TEST_STEP][PASSED] - click(findTestObject("Object Repository/tc29/Page_soca-ai-proctoring-dashboard/button_Upload Image")): Object: 'Object Repository/tc29/Page_soca-ai-proctoring-dashboard/button_Upload Image' is clicked on

2022-07-19 11:54:18 - [MESSAGE][PASSED] - Object: 'Object Repository/tc29/Page_soca-ai-proctoring-dashboard/button_Upload Image' is clicked on

2022-07-19 11:54:18 - [TEST_STEP][PASSED] - click(findTestObject("Object Repository/tc29/Page_soca-ai-proctoring-dashboard/button_Upload Image")): Object: 'Object Repository/tc29/Page_soca-ai-proctoring-dashboard/button_Upload Image' is clicked on

2022-07-19 11:54:19 - [MESSAGE][PASSED] - Object: 'Object Repository/tc29/Page_soca-ai-proctoring-dashboard/button_Upload Image' is clicked on

2022-07-19 11:54:19 - [TEST_STEP][PASSED] - setText(findTestObject("Object Repository/tc29/Page_soca-ai-proctoring-dashboard/input_Unique Code_txt-unique"), "12345"): Text '12345' is set on object 'Object Repository/tc29/Page_soca-ai-proctoring-dashboard/input_Unique Code_txt-unique'

2022-07-19 11:54:19 - [MESSAGE][PASSED] - Text '12345' is set on object 'Object Repository/tc29/Page_soca-ai-proctoring-dashboard/input_Unique Code_txt-unique'

2022-07-19 11:54:19 - [TEST_STEP][PASSED] - click(findTestObject("Object Repository/tc29/Page_soca-ai-proctoring-dashboard/input_Full Name_txt-full-name")): Object: 'Object Repository/tc29/Page_soca-ai-proctoring-dashboard/input_Full Name_txt-full-name' is clicked on

2022-07-19 11:54:20 - [MESSAGE][PASSED] - Object: 'Object Repository/tc29/Page_soca-ai-proctoring-dashboard/input_Full Name_txt-full-name' is clicked on

2022-07-19 11:54:20 - [TEST_STEP][PASSED] - setText(findTestObject("Object Repository/tc29/Page_soca-ai-proctoring-dashboard/input_Email_txt-email"), "arpriansah@gmail.com"): Text 'arpriansah@gmail.com' is set on object 'Object Repository/tc29/Page_soca-ai-proctoring-dashboard/input_Email_txt-email'

2022-07-19 11:54:21 - [MESSAGE][PASSED] - Text 'arpriansah@gmail.com' is set on object 'Object Repository/tc29/Page_soca-ai-proctoring-dashboard/input_Email_txt-email'

2022-07-19 11:54:21 - [TEST_STEP][PASSED] - click(findTestObject("Object Repository/tc29/Page_soca-ai-proctoring-dashboard/label_Male")): Object: 'Object Repository/tc29/Page_soca-ai-proctoring-dashboard/label_Male' is clicked on

2022-07-19 11:54:21 - [MESSAGE][PASSED] - Object: 'Object Repository/tc29/Page_soca-ai-proctoring-dashboard/label_Male' is clicked on

2022-07-19 11:54:21 - [TEST_STEP][PASSED] - setText(findTestObject("Object Repository/tc29/Page_soca-ai-proctoring-dashboard/input_Exam Number_txt-exam-number"), "12345"): Text '12345' is set on object 'Object Repository/tc29/Page_soca-ai-proctoring-dashboard/input_Exam Number_txt-exam-number'

2022-07-19 11:54:22 - [MESSAGE][PASSED] - Text '12345' is set on object 'Object Repository/tc29/Page_soca-ai-proctoring-dashboard/input_Exam Number_txt-exam-number'

2022-07-19 11:54:22 - [TEST_STEP][PASSED] - click(findTestObject("Object Repository/tc29/Page_soca-ai-proctoring-dashboard/label_Wednesday, July 19, 2000")): Object: 'Object Repository/tc29/Page_soca-ai-proctoring-dashboard/label_Wednesday, July 19, 2000' is clicked on

2022-07-19 11:54:22 - [MESSAGE][PASSED] - Object: 'Object Repository/tc29/Page_soca-ai-proctoring-dashboard/label_Wednesday, July 19, 2000' is clicked on

2022-07-19 11:54:22 - [TEST_STEP][PASSED] - click(findTestObject("Object Repository/tc29/Page_soca-ai-proctoring-dashboard/svg_Wednesday, July 19, 2000_bi-chevron-lef_f041c2")): Object: 'Object Repository/tc29/Page_soca-ai-proctoring-dashboard/svg_Wednesday, July 19, 2000_bi-chevron-lef_f041c2' is clicked on

2022-07-19 11:54:22 - [MESSAGE][PASSED] - Object: 'Object Repository/tc29/Page_soca-ai-proctoring-dashboard/svg_Wednesday, July 19, 2000_bi-chevron-lef_f041c2' is clicked on

2022-07-19 11:54:22 - [TEST_STEP][PASSED] - click(findTestObject("Object Repository/tc29/Page_soca-ai-proctoring-dashboard/span_18")): Object: 'Object Repository/tc29/Page_soca-ai-proctoring-dashboard/span_18' is clicked on

2022-07-19 11:54:23 - [MESSAGE][PASSED] - Object: 'Object Repository/tc29/Page_soca-ai-proctoring-dashboard/span_18' is clicked on

2022-07-19 11:54:23 - [TEST_STEP][PASSED] - setText(findTestObject("Object Repository/tc29/Page_soca-ai-proctoring-dashboard/textarea_Address_txt-address"), "Grand Sharon Residence"): Text 'Grand Sharon Residence' is set on object 'Object Repository/tc29/Page_soca-ai-proctoring-dashboard/textarea_Address_txt-address'

2022-07-19 11:54:24 - [MESSAGE][PASSED] - Text 'Grand Sharon Residence' is set on object 'Object Repository/tc29/Page_soca-ai-proctoring-dashboard/textarea_Address_txt-address'

2022-07-19 11:54:24 - [TEST_STEP][PASSED] - click(findTestObject("Object Repository/tc29/Page_soca-ai-proctoring-dashboard/button_Submit")): Object: 'Object Repository/tc29/Page_soca-ai-proctoring-dashboard/button_Submit' is clicked on

2022-07-19 11:54:24 - [MESSAGE][PASSED] - Object: 'Object Repository/tc29/Page_soca-ai-proctoring-dashboard/button_Submit' is clicked on

2022-07-19 11:54:24 - [TEST_STEP][PASSED] - closeBrowser(): Browser is closed

2022-07-19 11:54:25 - [MESSAGE][PASSED] - Browser is closed]]></system-out>
         <system-err><![CDATA[]]></system-err>
      </testcase>
      <testcase name="Test Cases/TC_30" time="29.843" classname="Test Cases/TC_30" status="PASSED">
         <system-out><![CDATA[2022-07-19 11:54:25 - [TEST_CASE][PASSED] - Test Cases/TC_30: Test Cases/TC_30

2022-07-19 11:54:25 - [TEST_STEP][PASSED] - openBrowser(""): Browser is opened with url: ''

2022-07-19 11:54:25 - [MESSAGE][INFO] - Starting 'Chrome' driver

2022-07-19 11:54:25 - [MESSAGE][INFO] - Action delay is set to 0 milliseconds

2022-07-19 11:54:27 - [MESSAGE][PASSED] - Browser is opened with url: ''

2022-07-19 11:54:27 - [TEST_STEP][PASSED] - navigateToUrl("https://soca.ai/home"): Navigate to 'https://soca.ai/home' successfully

2022-07-19 11:54:31 - [MESSAGE][PASSED] - Navigate to 'https://soca.ai/home' successfully

2022-07-19 11:54:31 - [TEST_STEP][PASSED] - click(findTestObject("Object Repository/tc30/Page_soca.ai/a_Sign In")): Object: 'Object Repository/tc30/Page_soca.ai/a_Sign In' is clicked on

2022-07-19 11:54:36 - [MESSAGE][PASSED] - Object: 'Object Repository/tc30/Page_soca.ai/a_Sign In' is clicked on

2022-07-19 11:54:36 - [TEST_STEP][PASSED] - setText(findTestObject("Object Repository/tc30/Page_soca-dashboarduser/input_Email_form-control"), "kp3skp.dev@gmail.com"): Text 'kp3skp.dev@gmail.com' is set on object 'Object Repository/tc30/Page_soca-dashboarduser/input_Email_form-control'

2022-07-19 11:54:37 - [MESSAGE][PASSED] - Text 'kp3skp.dev@gmail.com' is set on object 'Object Repository/tc30/Page_soca-dashboarduser/input_Email_form-control'

2022-07-19 11:54:37 - [TEST_STEP][PASSED] - setEncryptedText(findTestObject("Object Repository/tc30/Page_soca-dashboarduser/input_Password_form-control mb-2"), "RigbBhfdqODKcAsiUrg+1Q=="): Text ****** has been set on object 'Object Repository/tc30/Page_soca-dashboarduser/input_Password_form-control mb-2'

2022-07-19 11:54:37 - [MESSAGE][PASSED] - Text ****** has been set on object 'Object Repository/tc30/Page_soca-dashboarduser/input_Password_form-control mb-2'

2022-07-19 11:54:37 - [TEST_STEP][PASSED] - click(findTestObject("Object Repository/tc30/Page_soca-dashboarduser/button_Sign In")): Object: 'Object Repository/tc30/Page_soca-dashboarduser/button_Sign In' is clicked on

2022-07-19 11:54:38 - [MESSAGE][PASSED] - Object: 'Object Repository/tc30/Page_soca-dashboarduser/button_Sign In' is clicked on

2022-07-19 11:54:38 - [TEST_STEP][PASSED] - click(findTestObject("Object Repository/tc30/Page_soca-dashboarduser/button_OK")): Object: 'Object Repository/tc30/Page_soca-dashboarduser/button_OK' is clicked on

2022-07-19 11:54:38 - [MESSAGE][PASSED] - Object: 'Object Repository/tc30/Page_soca-dashboarduser/button_OK' is clicked on

2022-07-19 11:54:38 - [TEST_STEP][PASSED] - click(findTestObject("Object Repository/tc30/Page_soca-dashboarduser/a_Projects")): Object: 'Object Repository/tc30/Page_soca-dashboarduser/a_Projects' is clicked on

2022-07-19 11:54:41 - [MESSAGE][PASSED] - Object: 'Object Repository/tc30/Page_soca-dashboarduser/a_Projects' is clicked on

2022-07-19 11:54:41 - [TEST_STEP][PASSED] - click(findTestObject("Object Repository/tc30/Page_soca-dashboarduser/button_Dashboard")): Object: 'Object Repository/tc30/Page_soca-dashboarduser/button_Dashboard' is clicked on

2022-07-19 11:54:42 - [MESSAGE][PASSED] - Object: 'Object Repository/tc30/Page_soca-dashboarduser/button_Dashboard' is clicked on

2022-07-19 11:54:42 - [TEST_STEP][PASSED] - click(findTestObject("Object Repository/tc30/Page_soca-ai-proctoring-dashboard/span_Master Users")): Object: 'Object Repository/tc30/Page_soca-ai-proctoring-dashboard/span_Master Users' is clicked on

2022-07-19 11:54:47 - [MESSAGE][PASSED] - Object: 'Object Repository/tc30/Page_soca-ai-proctoring-dashboard/span_Master Users' is clicked on

2022-07-19 11:54:47 - [TEST_STEP][PASSED] - click(findTestObject("Object Repository/tc30/Page_soca-ai-proctoring-dashboard/button_Add Users")): Object: 'Object Repository/tc30/Page_soca-ai-proctoring-dashboard/button_Add Users' is clicked on

2022-07-19 11:54:48 - [MESSAGE][PASSED] - Object: 'Object Repository/tc30/Page_soca-ai-proctoring-dashboard/button_Add Users' is clicked on

2022-07-19 11:54:48 - [TEST_STEP][PASSED] - click(findTestObject("Object Repository/tc30/Page_soca-ai-proctoring-dashboard/button_Upload Image")): Object: 'Object Repository/tc30/Page_soca-ai-proctoring-dashboard/button_Upload Image' is clicked on

2022-07-19 11:54:48 - [MESSAGE][PASSED] - Object: 'Object Repository/tc30/Page_soca-ai-proctoring-dashboard/button_Upload Image' is clicked on

2022-07-19 11:54:48 - [TEST_STEP][PASSED] - click(findTestObject("Object Repository/tc30/Page_soca-ai-proctoring-dashboard/button_Upload Image")): Object: 'Object Repository/tc30/Page_soca-ai-proctoring-dashboard/button_Upload Image' is clicked on

2022-07-19 11:54:49 - [MESSAGE][PASSED] - Object: 'Object Repository/tc30/Page_soca-ai-proctoring-dashboard/button_Upload Image' is clicked on

2022-07-19 11:54:49 - [TEST_STEP][PASSED] - click(findTestObject("Object Repository/tc30/Page_soca-ai-proctoring-dashboard/button_Upload Image")): Object: 'Object Repository/tc30/Page_soca-ai-proctoring-dashboard/button_Upload Image' is clicked on

2022-07-19 11:54:49 - [MESSAGE][PASSED] - Object: 'Object Repository/tc30/Page_soca-ai-proctoring-dashboard/button_Upload Image' is clicked on

2022-07-19 11:54:49 - [TEST_STEP][PASSED] - setText(findTestObject("Object Repository/tc30/Page_soca-ai-proctoring-dashboard/input_Unique Code_txt-unique"), "12345"): Text '12345' is set on object 'Object Repository/tc30/Page_soca-ai-proctoring-dashboard/input_Unique Code_txt-unique'

2022-07-19 11:54:50 - [MESSAGE][PASSED] - Text '12345' is set on object 'Object Repository/tc30/Page_soca-ai-proctoring-dashboard/input_Unique Code_txt-unique'

2022-07-19 11:54:50 - [TEST_STEP][PASSED] - setText(findTestObject("Object Repository/tc30/Page_soca-ai-proctoring-dashboard/input_Full Name_txt-full-name"), "Arpriansah"): Text 'Arpriansah' is set on object 'Object Repository/tc30/Page_soca-ai-proctoring-dashboard/input_Full Name_txt-full-name'

2022-07-19 11:54:50 - [MESSAGE][PASSED] - Text 'Arpriansah' is set on object 'Object Repository/tc30/Page_soca-ai-proctoring-dashboard/input_Full Name_txt-full-name'

2022-07-19 11:54:50 - [TEST_STEP][PASSED] - click(findTestObject("Object Repository/tc30/Page_soca-ai-proctoring-dashboard/input_Email_txt-email"), STOP_ON_FAILURE): Object: 'Object Repository/tc30/Page_soca-ai-proctoring-dashboard/input_Email_txt-email' is clicked on

2022-07-19 11:54:51 - [MESSAGE][PASSED] - Object: 'Object Repository/tc30/Page_soca-ai-proctoring-dashboard/input_Email_txt-email' is clicked on

2022-07-19 11:54:51 - [TEST_STEP][PASSED] - click(findTestObject("Object Repository/tc30/Page_soca-ai-proctoring-dashboard/label_Male")): Object: 'Object Repository/tc30/Page_soca-ai-proctoring-dashboard/label_Male' is clicked on

2022-07-19 11:54:51 - [MESSAGE][PASSED] - Object: 'Object Repository/tc30/Page_soca-ai-proctoring-dashboard/label_Male' is clicked on

2022-07-19 11:54:51 - [TEST_STEP][PASSED] - setText(findTestObject("Object Repository/tc30/Page_soca-ai-proctoring-dashboard/input_Exam Number_txt-exam-number"), "12345"): Text '12345' is set on object 'Object Repository/tc30/Page_soca-ai-proctoring-dashboard/input_Exam Number_txt-exam-number'

2022-07-19 11:54:52 - [MESSAGE][PASSED] - Text '12345' is set on object 'Object Repository/tc30/Page_soca-ai-proctoring-dashboard/input_Exam Number_txt-exam-number'

2022-07-19 11:54:52 - [TEST_STEP][PASSED] - click(findTestObject("Object Repository/tc30/Page_soca-ai-proctoring-dashboard/label_Wednesday, July 19, 2000")): Object: 'Object Repository/tc30/Page_soca-ai-proctoring-dashboard/label_Wednesday, July 19, 2000' is clicked on

2022-07-19 11:54:52 - [MESSAGE][PASSED] - Object: 'Object Repository/tc30/Page_soca-ai-proctoring-dashboard/label_Wednesday, July 19, 2000' is clicked on

2022-07-19 11:54:52 - [TEST_STEP][PASSED] - click(findTestObject("Object Repository/tc30/Page_soca-ai-proctoring-dashboard/div")): Object: 'Object Repository/tc30/Page_soca-ai-proctoring-dashboard/div' is clicked on

2022-07-19 11:54:52 - [MESSAGE][PASSED] - Object: 'Object Repository/tc30/Page_soca-ai-proctoring-dashboard/div' is clicked on

2022-07-19 11:54:52 - [TEST_STEP][PASSED] - click(findTestObject("Object Repository/tc30/Page_soca-ai-proctoring-dashboard/span_18")): Object: 'Object Repository/tc30/Page_soca-ai-proctoring-dashboard/span_18' is clicked on

2022-07-19 11:54:53 - [MESSAGE][PASSED] - Object: 'Object Repository/tc30/Page_soca-ai-proctoring-dashboard/span_18' is clicked on

2022-07-19 11:54:53 - [TEST_STEP][PASSED] - setText(findTestObject("Object Repository/tc30/Page_soca-ai-proctoring-dashboard/textarea_Address_txt-address"), "Grand Sharon Residence"): Text 'Grand Sharon Residence' is set on object 'Object Repository/tc30/Page_soca-ai-proctoring-dashboard/textarea_Address_txt-address'

2022-07-19 11:54:54 - [MESSAGE][PASSED] - Text 'Grand Sharon Residence' is set on object 'Object Repository/tc30/Page_soca-ai-proctoring-dashboard/textarea_Address_txt-address'

2022-07-19 11:54:54 - [TEST_STEP][PASSED] - click(findTestObject("Object Repository/tc30/Page_soca-ai-proctoring-dashboard/button_Submit")): Object: 'Object Repository/tc30/Page_soca-ai-proctoring-dashboard/button_Submit' is clicked on

2022-07-19 11:54:54 - [MESSAGE][PASSED] - Object: 'Object Repository/tc30/Page_soca-ai-proctoring-dashboard/button_Submit' is clicked on

2022-07-19 11:54:54 - [TEST_STEP][PASSED] - closeBrowser(): Browser is closed

2022-07-19 11:54:55 - [MESSAGE][PASSED] - Browser is closed]]></system-out>
         <system-err><![CDATA[]]></system-err>
      </testcase>
      <testcase name="Test Cases/TC_31" time="31.15" classname="Test Cases/TC_31" status="PASSED">
         <system-out><![CDATA[2022-07-19 11:54:55 - [TEST_CASE][PASSED] - Test Cases/TC_31: Test Cases/TC_31

2022-07-19 11:54:55 - [TEST_STEP][PASSED] - openBrowser(""): Browser is opened with url: ''

2022-07-19 11:54:55 - [MESSAGE][INFO] - Starting 'Chrome' driver

2022-07-19 11:54:55 - [MESSAGE][INFO] - Action delay is set to 0 milliseconds

2022-07-19 11:54:56 - [MESSAGE][PASSED] - Browser is opened with url: ''

2022-07-19 11:54:56 - [TEST_STEP][PASSED] - navigateToUrl("https://soca.ai/home"): Navigate to 'https://soca.ai/home' successfully

2022-07-19 11:55:01 - [MESSAGE][PASSED] - Navigate to 'https://soca.ai/home' successfully

2022-07-19 11:55:01 - [TEST_STEP][PASSED] - click(findTestObject("Object Repository/tc31/Page_soca.ai/a_Sign In")): Object: 'Object Repository/tc31/Page_soca.ai/a_Sign In' is clicked on

2022-07-19 11:55:08 - [MESSAGE][PASSED] - Object: 'Object Repository/tc31/Page_soca.ai/a_Sign In' is clicked on

2022-07-19 11:55:08 - [TEST_STEP][PASSED] - setText(findTestObject("Object Repository/tc31/Page_soca-dashboarduser/input_Email_form-control"), "kp3skp.dev@gmail.com"): Text 'kp3skp.dev@gmail.com' is set on object 'Object Repository/tc31/Page_soca-dashboarduser/input_Email_form-control'

2022-07-19 11:55:08 - [MESSAGE][PASSED] - Text 'kp3skp.dev@gmail.com' is set on object 'Object Repository/tc31/Page_soca-dashboarduser/input_Email_form-control'

2022-07-19 11:55:08 - [TEST_STEP][PASSED] - setEncryptedText(findTestObject("Object Repository/tc31/Page_soca-dashboarduser/input_Password_form-control mb-2"), "RigbBhfdqODKcAsiUrg+1Q=="): Text ****** has been set on object 'Object Repository/tc31/Page_soca-dashboarduser/input_Password_form-control mb-2'

2022-07-19 11:55:09 - [MESSAGE][PASSED] - Text ****** has been set on object 'Object Repository/tc31/Page_soca-dashboarduser/input_Password_form-control mb-2'

2022-07-19 11:55:09 - [TEST_STEP][PASSED] - click(findTestObject("Object Repository/tc31/Page_soca-dashboarduser/button_Sign In")): Object: 'Object Repository/tc31/Page_soca-dashboarduser/button_Sign In' is clicked on

2022-07-19 11:55:09 - [MESSAGE][PASSED] - Object: 'Object Repository/tc31/Page_soca-dashboarduser/button_Sign In' is clicked on

2022-07-19 11:55:09 - [TEST_STEP][PASSED] - click(findTestObject("Object Repository/tc31/Page_soca-dashboarduser/button_OK")): Object: 'Object Repository/tc31/Page_soca-dashboarduser/button_OK' is clicked on

2022-07-19 11:55:10 - [MESSAGE][PASSED] - Object: 'Object Repository/tc31/Page_soca-dashboarduser/button_OK' is clicked on

2022-07-19 11:55:10 - [TEST_STEP][PASSED] - click(findTestObject("Object Repository/tc31/Page_soca-dashboarduser/a_Projects")): Object: 'Object Repository/tc31/Page_soca-dashboarduser/a_Projects' is clicked on

2022-07-19 11:55:12 - [MESSAGE][PASSED] - Object: 'Object Repository/tc31/Page_soca-dashboarduser/a_Projects' is clicked on

2022-07-19 11:55:12 - [TEST_STEP][PASSED] - click(findTestObject("Object Repository/tc31/Page_soca-dashboarduser/button_Dashboard")): Object: 'Object Repository/tc31/Page_soca-dashboarduser/button_Dashboard' is clicked on

2022-07-19 11:55:13 - [MESSAGE][PASSED] - Object: 'Object Repository/tc31/Page_soca-dashboarduser/button_Dashboard' is clicked on

2022-07-19 11:55:13 - [TEST_STEP][PASSED] - click(findTestObject("Object Repository/tc31/Page_soca-ai-proctoring-dashboard/span_Master Users")): Object: 'Object Repository/tc31/Page_soca-ai-proctoring-dashboard/span_Master Users' is clicked on

2022-07-19 11:55:18 - [MESSAGE][PASSED] - Object: 'Object Repository/tc31/Page_soca-ai-proctoring-dashboard/span_Master Users' is clicked on

2022-07-19 11:55:18 - [TEST_STEP][PASSED] - click(findTestObject("Object Repository/tc31/Page_soca-ai-proctoring-dashboard/button_Add Users")): Object: 'Object Repository/tc31/Page_soca-ai-proctoring-dashboard/button_Add Users' is clicked on

2022-07-19 11:55:19 - [MESSAGE][PASSED] - Object: 'Object Repository/tc31/Page_soca-ai-proctoring-dashboard/button_Add Users' is clicked on

2022-07-19 11:55:19 - [TEST_STEP][PASSED] - click(findTestObject("Object Repository/tc31/Page_soca-ai-proctoring-dashboard/button_Upload Image")): Object: 'Object Repository/tc31/Page_soca-ai-proctoring-dashboard/button_Upload Image' is clicked on

2022-07-19 11:55:19 - [MESSAGE][PASSED] - Object: 'Object Repository/tc31/Page_soca-ai-proctoring-dashboard/button_Upload Image' is clicked on

2022-07-19 11:55:19 - [TEST_STEP][PASSED] - click(findTestObject("Object Repository/tc31/Page_soca-ai-proctoring-dashboard/button_Upload Image")): Object: 'Object Repository/tc31/Page_soca-ai-proctoring-dashboard/button_Upload Image' is clicked on

2022-07-19 11:55:19 - [MESSAGE][PASSED] - Object: 'Object Repository/tc31/Page_soca-ai-proctoring-dashboard/button_Upload Image' is clicked on

2022-07-19 11:55:19 - [TEST_STEP][PASSED] - click(findTestObject("Object Repository/tc31/Page_soca-ai-proctoring-dashboard/button_Upload Image")): Object: 'Object Repository/tc31/Page_soca-ai-proctoring-dashboard/button_Upload Image' is clicked on

2022-07-19 11:55:20 - [MESSAGE][PASSED] - Object: 'Object Repository/tc31/Page_soca-ai-proctoring-dashboard/button_Upload Image' is clicked on

2022-07-19 11:55:20 - [TEST_STEP][PASSED] - setText(findTestObject("Object Repository/tc31/Page_soca-ai-proctoring-dashboard/input_Unique Code_txt-unique"), "12345"): Text '12345' is set on object 'Object Repository/tc31/Page_soca-ai-proctoring-dashboard/input_Unique Code_txt-unique'

2022-07-19 11:55:20 - [MESSAGE][PASSED] - Text '12345' is set on object 'Object Repository/tc31/Page_soca-ai-proctoring-dashboard/input_Unique Code_txt-unique'

2022-07-19 11:55:20 - [TEST_STEP][PASSED] - setText(findTestObject("Object Repository/tc31/Page_soca-ai-proctoring-dashboard/input_Full Name_txt-full-name"), "Arpriansah"): Text 'Arpriansah' is set on object 'Object Repository/tc31/Page_soca-ai-proctoring-dashboard/input_Full Name_txt-full-name'

2022-07-19 11:55:21 - [MESSAGE][PASSED] - Text 'Arpriansah' is set on object 'Object Repository/tc31/Page_soca-ai-proctoring-dashboard/input_Full Name_txt-full-name'

2022-07-19 11:55:21 - [TEST_STEP][PASSED] - setText(findTestObject("Object Repository/tc31/Page_soca-ai-proctoring-dashboard/input_Email_txt-email"), "arpriansah@gmail.com"): Text 'arpriansah@gmail.com' is set on object 'Object Repository/tc31/Page_soca-ai-proctoring-dashboard/input_Email_txt-email'

2022-07-19 11:55:22 - [MESSAGE][PASSED] - Text 'arpriansah@gmail.com' is set on object 'Object Repository/tc31/Page_soca-ai-proctoring-dashboard/input_Email_txt-email'

2022-07-19 11:55:22 - [TEST_STEP][PASSED] - setText(findTestObject("Object Repository/tc31/Page_soca-ai-proctoring-dashboard/input_Exam Number_txt-exam-number"), "12345"): Text '12345' is set on object 'Object Repository/tc31/Page_soca-ai-proctoring-dashboard/input_Exam Number_txt-exam-number'

2022-07-19 11:55:23 - [MESSAGE][PASSED] - Text '12345' is set on object 'Object Repository/tc31/Page_soca-ai-proctoring-dashboard/input_Exam Number_txt-exam-number'

2022-07-19 11:55:23 - [TEST_STEP][PASSED] - click(findTestObject("Object Repository/tc31/Page_soca-ai-proctoring-dashboard/label_Wednesday, July 19, 2000")): Object: 'Object Repository/tc31/Page_soca-ai-proctoring-dashboard/label_Wednesday, July 19, 2000' is clicked on

2022-07-19 11:55:23 - [MESSAGE][PASSED] - Object: 'Object Repository/tc31/Page_soca-ai-proctoring-dashboard/label_Wednesday, July 19, 2000' is clicked on

2022-07-19 11:55:23 - [TEST_STEP][PASSED] - click(findTestObject("Object Repository/tc31/Page_soca-ai-proctoring-dashboard/svg_Wednesday, July 19, 2000_bi-chevron-lef_f041c2")): Object: 'Object Repository/tc31/Page_soca-ai-proctoring-dashboard/svg_Wednesday, July 19, 2000_bi-chevron-lef_f041c2' is clicked on

2022-07-19 11:55:23 - [MESSAGE][PASSED] - Object: 'Object Repository/tc31/Page_soca-ai-proctoring-dashboard/svg_Wednesday, July 19, 2000_bi-chevron-lef_f041c2' is clicked on

2022-07-19 11:55:23 - [TEST_STEP][PASSED] - click(findTestObject("Object Repository/tc31/Page_soca-ai-proctoring-dashboard/span_18")): Object: 'Object Repository/tc31/Page_soca-ai-proctoring-dashboard/span_18' is clicked on

2022-07-19 11:55:24 - [MESSAGE][PASSED] - Object: 'Object Repository/tc31/Page_soca-ai-proctoring-dashboard/span_18' is clicked on

2022-07-19 11:55:24 - [TEST_STEP][PASSED] - setText(findTestObject("Object Repository/tc31/Page_soca-ai-proctoring-dashboard/textarea_Address_txt-address"), "Grand Sharon Residence"): Text 'Grand Sharon Residence' is set on object 'Object Repository/tc31/Page_soca-ai-proctoring-dashboard/textarea_Address_txt-address'

2022-07-19 11:55:25 - [MESSAGE][PASSED] - Text 'Grand Sharon Residence' is set on object 'Object Repository/tc31/Page_soca-ai-proctoring-dashboard/textarea_Address_txt-address'

2022-07-19 11:55:25 - [TEST_STEP][PASSED] - click(findTestObject("Object Repository/tc31/Page_soca-ai-proctoring-dashboard/button_Submit")): Object: 'Object Repository/tc31/Page_soca-ai-proctoring-dashboard/button_Submit' is clicked on

2022-07-19 11:55:25 - [MESSAGE][PASSED] - Object: 'Object Repository/tc31/Page_soca-ai-proctoring-dashboard/button_Submit' is clicked on

2022-07-19 11:55:25 - [TEST_STEP][PASSED] - closeBrowser(): Browser is closed

2022-07-19 11:55:26 - [MESSAGE][PASSED] - Browser is closed]]></system-out>
         <system-err><![CDATA[]]></system-err>
      </testcase>
      <testcase name="Test Cases/TC_32" time="35.479" classname="Test Cases/TC_32" status="PASSED">
         <system-out><![CDATA[2022-07-19 11:55:26 - [TEST_CASE][PASSED] - Test Cases/TC_32: Test Cases/TC_32

2022-07-19 11:55:26 - [TEST_STEP][PASSED] - openBrowser(""): Browser is opened with url: ''

2022-07-19 11:55:26 - [MESSAGE][INFO] - Starting 'Chrome' driver

2022-07-19 11:55:26 - [MESSAGE][INFO] - Action delay is set to 0 milliseconds

2022-07-19 11:55:28 - [MESSAGE][PASSED] - Browser is opened with url: ''

2022-07-19 11:55:28 - [TEST_STEP][PASSED] - navigateToUrl("https://soca.ai/home"): Navigate to 'https://soca.ai/home' successfully

2022-07-19 11:55:34 - [MESSAGE][PASSED] - Navigate to 'https://soca.ai/home' successfully

2022-07-19 11:55:34 - [TEST_STEP][PASSED] - click(findTestObject("Object Repository/tc32/Page_soca.ai/a_Sign In")): Object: 'Object Repository/tc32/Page_soca.ai/a_Sign In' is clicked on

2022-07-19 11:55:43 - [MESSAGE][PASSED] - Object: 'Object Repository/tc32/Page_soca.ai/a_Sign In' is clicked on

2022-07-19 11:55:43 - [TEST_STEP][PASSED] - setText(findTestObject("Object Repository/tc32/Page_soca-dashboarduser/input_Email_form-control"), "kp3skp.dev@gmail.com"): Text 'kp3skp.dev@gmail.com' is set on object 'Object Repository/tc32/Page_soca-dashboarduser/input_Email_form-control'

2022-07-19 11:55:44 - [MESSAGE][PASSED] - Text 'kp3skp.dev@gmail.com' is set on object 'Object Repository/tc32/Page_soca-dashboarduser/input_Email_form-control'

2022-07-19 11:55:44 - [TEST_STEP][PASSED] - setEncryptedText(findTestObject("Object Repository/tc32/Page_soca-dashboarduser/input_Password_form-control mb-2"), "RigbBhfdqODKcAsiUrg+1Q=="): Text ****** has been set on object 'Object Repository/tc32/Page_soca-dashboarduser/input_Password_form-control mb-2'

2022-07-19 11:55:44 - [MESSAGE][PASSED] - Text ****** has been set on object 'Object Repository/tc32/Page_soca-dashboarduser/input_Password_form-control mb-2'

2022-07-19 11:55:44 - [TEST_STEP][PASSED] - click(findTestObject("Object Repository/tc32/Page_soca-dashboarduser/button_Sign In")): Object: 'Object Repository/tc32/Page_soca-dashboarduser/button_Sign In' is clicked on

2022-07-19 11:55:45 - [MESSAGE][PASSED] - Object: 'Object Repository/tc32/Page_soca-dashboarduser/button_Sign In' is clicked on

2022-07-19 11:55:45 - [TEST_STEP][PASSED] - click(findTestObject("Object Repository/tc32/Page_soca-dashboarduser/button_OK")): Object: 'Object Repository/tc32/Page_soca-dashboarduser/button_OK' is clicked on

2022-07-19 11:55:45 - [MESSAGE][PASSED] - Object: 'Object Repository/tc32/Page_soca-dashboarduser/button_OK' is clicked on

2022-07-19 11:55:45 - [TEST_STEP][PASSED] - click(findTestObject("Object Repository/tc32/Page_soca-dashboarduser/a_Projects")): Object: 'Object Repository/tc32/Page_soca-dashboarduser/a_Projects' is clicked on

2022-07-19 11:55:48 - [MESSAGE][PASSED] - Object: 'Object Repository/tc32/Page_soca-dashboarduser/a_Projects' is clicked on

2022-07-19 11:55:48 - [TEST_STEP][PASSED] - click(findTestObject("Object Repository/tc32/Page_soca-dashboarduser/button_Dashboard")): Object: 'Object Repository/tc32/Page_soca-dashboarduser/button_Dashboard' is clicked on

2022-07-19 11:55:50 - [MESSAGE][PASSED] - Object: 'Object Repository/tc32/Page_soca-dashboarduser/button_Dashboard' is clicked on

2022-07-19 11:55:50 - [TEST_STEP][PASSED] - click(findTestObject("Object Repository/tc32/Page_soca-ai-proctoring-dashboard/span_Master Users")): Object: 'Object Repository/tc32/Page_soca-ai-proctoring-dashboard/span_Master Users' is clicked on

2022-07-19 11:55:53 - [MESSAGE][PASSED] - Object: 'Object Repository/tc32/Page_soca-ai-proctoring-dashboard/span_Master Users' is clicked on

2022-07-19 11:55:53 - [TEST_STEP][PASSED] - click(findTestObject("Object Repository/tc32/Page_soca-ai-proctoring-dashboard/button_Add Users")): Object: 'Object Repository/tc32/Page_soca-ai-proctoring-dashboard/button_Add Users' is clicked on

2022-07-19 11:55:54 - [MESSAGE][PASSED] - Object: 'Object Repository/tc32/Page_soca-ai-proctoring-dashboard/button_Add Users' is clicked on

2022-07-19 11:55:54 - [TEST_STEP][PASSED] - click(findTestObject("Object Repository/tc32/Page_soca-ai-proctoring-dashboard/button_Upload Image")): Object: 'Object Repository/tc32/Page_soca-ai-proctoring-dashboard/button_Upload Image' is clicked on

2022-07-19 11:55:54 - [MESSAGE][PASSED] - Object: 'Object Repository/tc32/Page_soca-ai-proctoring-dashboard/button_Upload Image' is clicked on

2022-07-19 11:55:54 - [TEST_STEP][PASSED] - click(findTestObject("Object Repository/tc32/Page_soca-ai-proctoring-dashboard/button_Upload Image")): Object: 'Object Repository/tc32/Page_soca-ai-proctoring-dashboard/button_Upload Image' is clicked on

2022-07-19 11:55:55 - [MESSAGE][PASSED] - Object: 'Object Repository/tc32/Page_soca-ai-proctoring-dashboard/button_Upload Image' is clicked on

2022-07-19 11:55:55 - [TEST_STEP][PASSED] - click(findTestObject("Object Repository/tc32/Page_soca-ai-proctoring-dashboard/button_Upload Image")): Object: 'Object Repository/tc32/Page_soca-ai-proctoring-dashboard/button_Upload Image' is clicked on

2022-07-19 11:55:55 - [MESSAGE][PASSED] - Object: 'Object Repository/tc32/Page_soca-ai-proctoring-dashboard/button_Upload Image' is clicked on

2022-07-19 11:55:55 - [TEST_STEP][PASSED] - setText(findTestObject("Object Repository/tc32/Page_soca-ai-proctoring-dashboard/input_Unique Code_txt-unique"), "12345"): Text '12345' is set on object 'Object Repository/tc32/Page_soca-ai-proctoring-dashboard/input_Unique Code_txt-unique'

2022-07-19 11:55:56 - [MESSAGE][PASSED] - Text '12345' is set on object 'Object Repository/tc32/Page_soca-ai-proctoring-dashboard/input_Unique Code_txt-unique'

2022-07-19 11:55:56 - [TEST_STEP][PASSED] - setText(findTestObject("Object Repository/tc32/Page_soca-ai-proctoring-dashboard/input_Full Name_txt-full-name"), "Arpriansah"): Text 'Arpriansah' is set on object 'Object Repository/tc32/Page_soca-ai-proctoring-dashboard/input_Full Name_txt-full-name'

2022-07-19 11:55:56 - [MESSAGE][PASSED] - Text 'Arpriansah' is set on object 'Object Repository/tc32/Page_soca-ai-proctoring-dashboard/input_Full Name_txt-full-name'

2022-07-19 11:55:56 - [TEST_STEP][PASSED] - setText(findTestObject("Object Repository/tc32/Page_soca-ai-proctoring-dashboard/input_Email_txt-email"), "arpriansah@gmail.com"): Text 'arpriansah@gmail.com' is set on object 'Object Repository/tc32/Page_soca-ai-proctoring-dashboard/input_Email_txt-email'

2022-07-19 11:55:57 - [MESSAGE][PASSED] - Text 'arpriansah@gmail.com' is set on object 'Object Repository/tc32/Page_soca-ai-proctoring-dashboard/input_Email_txt-email'

2022-07-19 11:55:57 - [TEST_STEP][PASSED] - click(findTestObject("Object Repository/tc32/Page_soca-ai-proctoring-dashboard/label_Male")): Object: 'Object Repository/tc32/Page_soca-ai-proctoring-dashboard/label_Male' is clicked on

2022-07-19 11:55:58 - [MESSAGE][PASSED] - Object: 'Object Repository/tc32/Page_soca-ai-proctoring-dashboard/label_Male' is clicked on

2022-07-19 11:55:58 - [TEST_STEP][PASSED] - click(findTestObject("Object Repository/tc32/Page_soca-ai-proctoring-dashboard/input_Exam Number_txt-exam-number"), STOP_ON_FAILURE): Object: 'Object Repository/tc32/Page_soca-ai-proctoring-dashboard/input_Exam Number_txt-exam-number' is clicked on

2022-07-19 11:55:58 - [MESSAGE][PASSED] - Object: 'Object Repository/tc32/Page_soca-ai-proctoring-dashboard/input_Exam Number_txt-exam-number' is clicked on

2022-07-19 11:55:58 - [TEST_STEP][PASSED] - click(findTestObject("Object Repository/tc32/Page_soca-ai-proctoring-dashboard/label_Wednesday, July 19, 2000")): Object: 'Object Repository/tc32/Page_soca-ai-proctoring-dashboard/label_Wednesday, July 19, 2000' is clicked on

2022-07-19 11:55:58 - [MESSAGE][PASSED] - Object: 'Object Repository/tc32/Page_soca-ai-proctoring-dashboard/label_Wednesday, July 19, 2000' is clicked on

2022-07-19 11:55:58 - [TEST_STEP][PASSED] - click(findTestObject("Object Repository/tc32/Page_soca-ai-proctoring-dashboard/svg_Wednesday, July 19, 2000_bi-chevron-lef_f041c2")): Object: 'Object Repository/tc32/Page_soca-ai-proctoring-dashboard/svg_Wednesday, July 19, 2000_bi-chevron-lef_f041c2' is clicked on

2022-07-19 11:55:59 - [MESSAGE][PASSED] - Object: 'Object Repository/tc32/Page_soca-ai-proctoring-dashboard/svg_Wednesday, July 19, 2000_bi-chevron-lef_f041c2' is clicked on

2022-07-19 11:55:59 - [TEST_STEP][PASSED] - click(findTestObject("Object Repository/tc32/Page_soca-ai-proctoring-dashboard/span_18")): Object: 'Object Repository/tc32/Page_soca-ai-proctoring-dashboard/span_18' is clicked on

2022-07-19 11:55:59 - [MESSAGE][PASSED] - Object: 'Object Repository/tc32/Page_soca-ai-proctoring-dashboard/span_18' is clicked on

2022-07-19 11:55:59 - [TEST_STEP][PASSED] - setText(findTestObject("Object Repository/tc32/Page_soca-ai-proctoring-dashboard/textarea_Address_txt-address"), "Grand Sharon Residence"): Text 'Grand Sharon Residence' is set on object 'Object Repository/tc32/Page_soca-ai-proctoring-dashboard/textarea_Address_txt-address'

2022-07-19 11:56:00 - [MESSAGE][PASSED] - Text 'Grand Sharon Residence' is set on object 'Object Repository/tc32/Page_soca-ai-proctoring-dashboard/textarea_Address_txt-address'

2022-07-19 11:56:00 - [TEST_STEP][PASSED] - click(findTestObject("Object Repository/tc32/Page_soca-ai-proctoring-dashboard/button_Submit")): Object: 'Object Repository/tc32/Page_soca-ai-proctoring-dashboard/button_Submit' is clicked on

2022-07-19 11:56:01 - [MESSAGE][PASSED] - Object: 'Object Repository/tc32/Page_soca-ai-proctoring-dashboard/button_Submit' is clicked on

2022-07-19 11:56:01 - [TEST_STEP][PASSED] - closeBrowser(): Browser is closed

2022-07-19 11:56:02 - [MESSAGE][PASSED] - Browser is closed]]></system-out>
         <system-err><![CDATA[]]></system-err>
      </testcase>
      <testcase name="Test Cases/TC_33" time="23.925" classname="Test Cases/TC_33" status="PASSED">
         <system-out><![CDATA[2022-07-19 11:56:02 - [TEST_CASE][PASSED] - Test Cases/TC_33: Test Cases/TC_33

2022-07-19 11:56:02 - [TEST_STEP][PASSED] - openBrowser(""): Browser is opened with url: ''

2022-07-19 11:56:02 - [MESSAGE][INFO] - Starting 'Chrome' driver

2022-07-19 11:56:02 - [MESSAGE][INFO] - Action delay is set to 0 milliseconds

2022-07-19 11:56:03 - [MESSAGE][PASSED] - Browser is opened with url: ''

2022-07-19 11:56:03 - [TEST_STEP][PASSED] - navigateToUrl("https://soca.ai/home"): Navigate to 'https://soca.ai/home' successfully

2022-07-19 11:56:06 - [MESSAGE][PASSED] - Navigate to 'https://soca.ai/home' successfully

2022-07-19 11:56:06 - [TEST_STEP][PASSED] - click(findTestObject("Object Repository/tc33/Page_soca.ai/a_Sign In")): Object: 'Object Repository/tc33/Page_soca.ai/a_Sign In' is clicked on

2022-07-19 11:56:10 - [MESSAGE][PASSED] - Object: 'Object Repository/tc33/Page_soca.ai/a_Sign In' is clicked on

2022-07-19 11:56:10 - [TEST_STEP][PASSED] - setText(findTestObject("Object Repository/tc33/Page_soca-dashboarduser/input_Email_form-control"), "kp3skp.dev@gmail.com"): Text 'kp3skp.dev@gmail.com' is set on object 'Object Repository/tc33/Page_soca-dashboarduser/input_Email_form-control'

2022-07-19 11:56:11 - [MESSAGE][PASSED] - Text 'kp3skp.dev@gmail.com' is set on object 'Object Repository/tc33/Page_soca-dashboarduser/input_Email_form-control'

2022-07-19 11:56:11 - [TEST_STEP][PASSED] - setEncryptedText(findTestObject("Object Repository/tc33/Page_soca-dashboarduser/input_Password_form-control mb-2"), "RigbBhfdqODKcAsiUrg+1Q=="): Text ****** has been set on object 'Object Repository/tc33/Page_soca-dashboarduser/input_Password_form-control mb-2'

2022-07-19 11:56:11 - [MESSAGE][PASSED] - Text ****** has been set on object 'Object Repository/tc33/Page_soca-dashboarduser/input_Password_form-control mb-2'

2022-07-19 11:56:11 - [TEST_STEP][PASSED] - click(findTestObject("Object Repository/tc33/Page_soca-dashboarduser/button_Sign In")): Object: 'Object Repository/tc33/Page_soca-dashboarduser/button_Sign In' is clicked on

2022-07-19 11:56:11 - [MESSAGE][PASSED] - Object: 'Object Repository/tc33/Page_soca-dashboarduser/button_Sign In' is clicked on

2022-07-19 11:56:11 - [TEST_STEP][PASSED] - click(findTestObject("Object Repository/tc33/Page_soca-dashboarduser/button_OK")): Object: 'Object Repository/tc33/Page_soca-dashboarduser/button_OK' is clicked on

2022-07-19 11:56:12 - [MESSAGE][PASSED] - Object: 'Object Repository/tc33/Page_soca-dashboarduser/button_OK' is clicked on

2022-07-19 11:56:12 - [TEST_STEP][PASSED] - click(findTestObject("Object Repository/tc33/Page_soca-dashboarduser/a_Projects")): Object: 'Object Repository/tc33/Page_soca-dashboarduser/a_Projects' is clicked on

2022-07-19 11:56:14 - [MESSAGE][PASSED] - Object: 'Object Repository/tc33/Page_soca-dashboarduser/a_Projects' is clicked on

2022-07-19 11:56:14 - [TEST_STEP][PASSED] - click(findTestObject("Object Repository/tc33/Page_soca-dashboarduser/button_Dashboard")): Object: 'Object Repository/tc33/Page_soca-dashboarduser/button_Dashboard' is clicked on

2022-07-19 11:56:15 - [MESSAGE][PASSED] - Object: 'Object Repository/tc33/Page_soca-dashboarduser/button_Dashboard' is clicked on

2022-07-19 11:56:15 - [TEST_STEP][PASSED] - click(findTestObject("Object Repository/tc33/Page_soca-ai-proctoring-dashboard/span_Master Users")): Object: 'Object Repository/tc33/Page_soca-ai-proctoring-dashboard/span_Master Users' is clicked on

2022-07-19 11:56:18 - [MESSAGE][PASSED] - Object: 'Object Repository/tc33/Page_soca-ai-proctoring-dashboard/span_Master Users' is clicked on

2022-07-19 11:56:18 - [TEST_STEP][PASSED] - click(findTestObject("Object Repository/tc33/Page_soca-ai-proctoring-dashboard/button_Add Users")): Object: 'Object Repository/tc33/Page_soca-ai-proctoring-dashboard/button_Add Users' is clicked on

2022-07-19 11:56:18 - [MESSAGE][PASSED] - Object: 'Object Repository/tc33/Page_soca-ai-proctoring-dashboard/button_Add Users' is clicked on

2022-07-19 11:56:18 - [TEST_STEP][PASSED] - click(findTestObject("Object Repository/tc33/Page_soca-ai-proctoring-dashboard/button_Upload Image")): Object: 'Object Repository/tc33/Page_soca-ai-proctoring-dashboard/button_Upload Image' is clicked on

2022-07-19 11:56:18 - [MESSAGE][PASSED] - Object: 'Object Repository/tc33/Page_soca-ai-proctoring-dashboard/button_Upload Image' is clicked on

2022-07-19 11:56:18 - [TEST_STEP][PASSED] - click(findTestObject("Object Repository/tc33/Page_soca-ai-proctoring-dashboard/button_Upload Image")): Object: 'Object Repository/tc33/Page_soca-ai-proctoring-dashboard/button_Upload Image' is clicked on

2022-07-19 11:56:19 - [MESSAGE][PASSED] - Object: 'Object Repository/tc33/Page_soca-ai-proctoring-dashboard/button_Upload Image' is clicked on

2022-07-19 11:56:19 - [TEST_STEP][PASSED] - click(findTestObject("Object Repository/tc33/Page_soca-ai-proctoring-dashboard/button_Upload Image")): Object: 'Object Repository/tc33/Page_soca-ai-proctoring-dashboard/button_Upload Image' is clicked on

2022-07-19 11:56:19 - [MESSAGE][PASSED] - Object: 'Object Repository/tc33/Page_soca-ai-proctoring-dashboard/button_Upload Image' is clicked on

2022-07-19 11:56:19 - [TEST_STEP][PASSED] - setText(findTestObject("Object Repository/tc33/Page_soca-ai-proctoring-dashboard/input_Unique Code_txt-unique"), "12345"): Text '12345' is set on object 'Object Repository/tc33/Page_soca-ai-proctoring-dashboard/input_Unique Code_txt-unique'

2022-07-19 11:56:20 - [MESSAGE][PASSED] - Text '12345' is set on object 'Object Repository/tc33/Page_soca-ai-proctoring-dashboard/input_Unique Code_txt-unique'

2022-07-19 11:56:20 - [TEST_STEP][PASSED] - setText(findTestObject("Object Repository/tc33/Page_soca-ai-proctoring-dashboard/input_Full Name_txt-full-name"), "Arpriansah"): Text 'Arpriansah' is set on object 'Object Repository/tc33/Page_soca-ai-proctoring-dashboard/input_Full Name_txt-full-name'

2022-07-19 11:56:21 - [MESSAGE][PASSED] - Text 'Arpriansah' is set on object 'Object Repository/tc33/Page_soca-ai-proctoring-dashboard/input_Full Name_txt-full-name'

2022-07-19 11:56:21 - [TEST_STEP][PASSED] - setText(findTestObject("Object Repository/tc33/Page_soca-ai-proctoring-dashboard/input_Email_txt-email"), "arpriansah@gmail.com"): Text 'arpriansah@gmail.com' is set on object 'Object Repository/tc33/Page_soca-ai-proctoring-dashboard/input_Email_txt-email'

2022-07-19 11:56:21 - [MESSAGE][PASSED] - Text 'arpriansah@gmail.com' is set on object 'Object Repository/tc33/Page_soca-ai-proctoring-dashboard/input_Email_txt-email'

2022-07-19 11:56:21 - [TEST_STEP][PASSED] - click(findTestObject("Object Repository/tc33/Page_soca-ai-proctoring-dashboard/label_Male")): Object: 'Object Repository/tc33/Page_soca-ai-proctoring-dashboard/label_Male' is clicked on

2022-07-19 11:56:22 - [MESSAGE][PASSED] - Object: 'Object Repository/tc33/Page_soca-ai-proctoring-dashboard/label_Male' is clicked on

2022-07-19 11:56:22 - [TEST_STEP][PASSED] - setText(findTestObject("Object Repository/tc33/Page_soca-ai-proctoring-dashboard/input_Exam Number_txt-exam-number"), "12345"): Text '12345' is set on object 'Object Repository/tc33/Page_soca-ai-proctoring-dashboard/input_Exam Number_txt-exam-number'

2022-07-19 11:56:22 - [MESSAGE][PASSED] - Text '12345' is set on object 'Object Repository/tc33/Page_soca-ai-proctoring-dashboard/input_Exam Number_txt-exam-number'

2022-07-19 11:56:22 - [TEST_STEP][PASSED] - click(findTestObject("Object Repository/tc33/Page_soca-ai-proctoring-dashboard/label_Wednesday, July 19, 2000")): Object: 'Object Repository/tc33/Page_soca-ai-proctoring-dashboard/label_Wednesday, July 19, 2000' is clicked on

2022-07-19 11:56:23 - [MESSAGE][PASSED] - Object: 'Object Repository/tc33/Page_soca-ai-proctoring-dashboard/label_Wednesday, July 19, 2000' is clicked on

2022-07-19 11:56:23 - [TEST_STEP][PASSED] - click(findTestObject("Object Repository/tc33/Page_soca-ai-proctoring-dashboard/svg_Wednesday, July 19, 2000_bi-chevron-lef_f041c2")): Object: 'Object Repository/tc33/Page_soca-ai-proctoring-dashboard/svg_Wednesday, July 19, 2000_bi-chevron-lef_f041c2' is clicked on

2022-07-19 11:56:23 - [MESSAGE][PASSED] - Object: 'Object Repository/tc33/Page_soca-ai-proctoring-dashboard/svg_Wednesday, July 19, 2000_bi-chevron-lef_f041c2' is clicked on

2022-07-19 11:56:23 - [TEST_STEP][PASSED] - click(findTestObject("Object Repository/tc33/Page_soca-ai-proctoring-dashboard/span_18")): Object: 'Object Repository/tc33/Page_soca-ai-proctoring-dashboard/span_18' is clicked on

2022-07-19 11:56:24 - [MESSAGE][PASSED] - Object: 'Object Repository/tc33/Page_soca-ai-proctoring-dashboard/span_18' is clicked on

2022-07-19 11:56:24 - [TEST_STEP][PASSED] - click(findTestObject("Object Repository/tc33/Page_soca-ai-proctoring-dashboard/textarea_Address_txt-address"), STOP_ON_FAILURE): Object: 'Object Repository/tc33/Page_soca-ai-proctoring-dashboard/textarea_Address_txt-address' is clicked on

2022-07-19 11:56:24 - [MESSAGE][PASSED] - Object: 'Object Repository/tc33/Page_soca-ai-proctoring-dashboard/textarea_Address_txt-address' is clicked on

2022-07-19 11:56:24 - [TEST_STEP][PASSED] - click(findTestObject("Object Repository/tc33/Page_soca-ai-proctoring-dashboard/button_Submit")): Object: 'Object Repository/tc33/Page_soca-ai-proctoring-dashboard/button_Submit' is clicked on

2022-07-19 11:56:25 - [MESSAGE][PASSED] - Object: 'Object Repository/tc33/Page_soca-ai-proctoring-dashboard/button_Submit' is clicked on

2022-07-19 11:56:25 - [TEST_STEP][PASSED] - closeBrowser(): Browser is closed

2022-07-19 11:56:25 - [MESSAGE][PASSED] - Browser is closed]]></system-out>
         <system-err><![CDATA[]]></system-err>
      </testcase>
      <system-out><![CDATA[2022-07-19 11:50:22 - [TEST_SUITE][PASSED] - FR_04: Test Cases/TC_33]]></system-out>
      <system-err><![CDATA[]]></system-err>
   </testsuite>
</testsuites>
