<?xml version="1.0" encoding="UTF-8"?>
<testsuites name="FR_03" time="184.988" tests="13" failures="0" errors="0">
   <testsuite name="FR_03" tests="13" failures="0" errors="0" time="184.988" skipped="0" timestamp="2022-07-15 11:06:56" hostname="ASUS - LAPTOP-U8BGHACE" id="Test Suites/FR_03">
      <properties>
         <property name="deviceName" value=""/>
         <property name="devicePlatform" value=""/>
         <property name="logFolder" value="E:\\Telkom University\\SEMESTER 7\\KP\\Magang - Birutekno\\QC\\Soca-AI\\Reports\\20220715_110654\\FR_03\\20220715_110654"/>
         <property name="logFiles" value="E:\\Telkom University\\SEMESTER 7\\KP\\Magang - Birutekno\\QC\\Soca-AI\\Reports\\20220715_110654\\FR_03\\20220715_110654\\execution0.log"/>
         <property name="attachments" value=""/>
         <property name="hostName" value="ASUS - LAPTOP-U8BGHACE"/>
         <property name="os" value="Windows 10 64bit"/>
         <property name="katalonVersion" value="8.4.0.208"/>
         <property name="browser" value="Chrome 103.0.5060.114"/>
         <property name="hostAddress" value="192.168.1.8"/>
         <property name="sessionId" value="d92fa7310d47bc9fe8471880abe1e2fc"/>
         <property name="seleniumVersion" value="3.141.59"/>
         <property name="proxyInformation" value="ProxyInformation { proxyOption=NO_PROXY, proxyServerType=HTTP, username=, password=********, proxyServerAddress=, proxyServerPort=0, executionList=&quot;&quot;, isApplyToDesiredCapabilities=true }"/>
         <property name="platform" value="Windows 10"/>
      </properties>
      <testcase name="Test Cases/TC_11" time="15.639" classname="Test Cases/TC_11" status="PASSED">
         <system-out><![CDATA[2022-07-15 11:06:56 - [TEST_CASE][PASSED] - Test Cases/TC_11: Test Cases/TC_11

2022-07-15 11:06:57 - [TEST_STEP][PASSED] - openBrowser(""): Browser is opened with url: ''

2022-07-15 11:06:57 - [MESSAGE][INFO] - Starting 'Chrome' driver

2022-07-15 11:06:57 - [MESSAGE][INFO] - Action delay is set to 0 milliseconds

2022-07-15 11:07:00 - [MESSAGE][PASSED] - Browser is opened with url: ''

2022-07-15 11:07:00 - [TEST_STEP][PASSED] - navigateToUrl("https://soca.ai/home"): Navigate to 'https://soca.ai/home' successfully

2022-07-15 11:07:02 - [MESSAGE][PASSED] - Navigate to 'https://soca.ai/home' successfully

2022-07-15 11:07:02 - [TEST_STEP][PASSED] - click(findTestObject("Object Repository/tc11/Page_soca.ai/a_Sign In")): Object: 'Object Repository/tc11/Page_soca.ai/a_Sign In' is clicked on

2022-07-15 11:07:05 - [MESSAGE][PASSED] - Object: 'Object Repository/tc11/Page_soca.ai/a_Sign In' is clicked on

2022-07-15 11:07:05 - [TEST_STEP][PASSED] - click(findTestObject("Object Repository/tc11/Page_soca-dashboarduser/a_Sign Up")): Object: 'Object Repository/tc11/Page_soca-dashboarduser/a_Sign Up' is clicked on

2022-07-15 11:07:06 - [MESSAGE][PASSED] - Object: 'Object Repository/tc11/Page_soca-dashboarduser/a_Sign Up' is clicked on

2022-07-15 11:07:06 - [TEST_STEP][PASSED] - setText(findTestObject("Object Repository/tc11/Page_soca-dashboarduser/input_Fullname_form-control"), "Arpriansah"): Text 'Arpriansah' is set on object 'Object Repository/tc11/Page_soca-dashboarduser/input_Fullname_form-control'

2022-07-15 11:07:06 - [MESSAGE][PASSED] - Text 'Arpriansah' is set on object 'Object Repository/tc11/Page_soca-dashboarduser/input_Fullname_form-control'

2022-07-15 11:07:06 - [TEST_STEP][PASSED] - setText(findTestObject("Object Repository/tc11/Page_soca-dashboarduser/input_Email_form-control"), "arpriansah@gmail.com"): Text 'arpriansah@gmail.com' is set on object 'Object Repository/tc11/Page_soca-dashboarduser/input_Email_form-control'

2022-07-15 11:07:07 - [MESSAGE][PASSED] - Text 'arpriansah@gmail.com' is set on object 'Object Repository/tc11/Page_soca-dashboarduser/input_Email_form-control'

2022-07-15 11:07:07 - [TEST_STEP][PASSED] - setEncryptedText(findTestObject("Object Repository/tc11/Page_soca-dashboarduser/input_Password_form-control mb-2"), "V4yhZFEx0HfNPf2ts0Yqfg=="): Text ****** has been set on object 'Object Repository/tc11/Page_soca-dashboarduser/input_Password_form-control mb-2'

2022-07-15 11:07:08 - [MESSAGE][PASSED] - Text ****** has been set on object 'Object Repository/tc11/Page_soca-dashboarduser/input_Password_form-control mb-2'

2022-07-15 11:07:08 - [TEST_STEP][PASSED] - setText(findTestObject("tc11/Page_soca-dashboarduser/input_Position_form-control"), "test"): Text 'test' is set on object 'Object Repository/tc11/Page_soca-dashboarduser/input_Position_form-control'

2022-07-15 11:07:08 - [MESSAGE][PASSED] - Text 'test' is set on object 'Object Repository/tc11/Page_soca-dashboarduser/input_Position_form-control'

2022-07-15 11:07:08 - [TEST_STEP][PASSED] - setText(findTestObject("Object Repository/tc11/Page_soca-dashboarduser/input_Phone_form-control mb-2"), "082123456789"): Text '082123456789' is set on object 'Object Repository/tc11/Page_soca-dashboarduser/input_Phone_form-control mb-2'

2022-07-15 11:07:09 - [MESSAGE][PASSED] - Text '082123456789' is set on object 'Object Repository/tc11/Page_soca-dashboarduser/input_Phone_form-control mb-2'

2022-07-15 11:07:09 - [TEST_STEP][PASSED] - setText(findTestObject("Object Repository/tc11/Page_soca-dashboarduser/textarea_Description_form-control-textarea mb-2"), "test"): Text 'test' is set on object 'Object Repository/tc11/Page_soca-dashboarduser/textarea_Description_form-control-textarea mb-2'

2022-07-15 11:07:10 - [MESSAGE][PASSED] - Text 'test' is set on object 'Object Repository/tc11/Page_soca-dashboarduser/textarea_Description_form-control-textarea mb-2'

2022-07-15 11:07:10 - [TEST_STEP][PASSED] - click(findTestObject("Object Repository/tc11/Page_soca-dashboarduser/input_I agree to SOCAand acknowledge SOCA_m_447596")): Object: 'Object Repository/tc11/Page_soca-dashboarduser/input_I agree to SOCAand acknowledge SOCA_m_447596' is clicked on

2022-07-15 11:07:10 - [MESSAGE][PASSED] - Object: 'Object Repository/tc11/Page_soca-dashboarduser/input_I agree to SOCAand acknowledge SOCA_m_447596' is clicked on

2022-07-15 11:07:10 - [TEST_STEP][PASSED] - click(findTestObject("Object Repository/tc11/Page_soca-dashboarduser/button_Sign Up")): Object: 'Object Repository/tc11/Page_soca-dashboarduser/button_Sign Up' is clicked on

2022-07-15 11:07:11 - [MESSAGE][PASSED] - Object: 'Object Repository/tc11/Page_soca-dashboarduser/button_Sign Up' is clicked on

2022-07-15 11:07:11 - [TEST_STEP][PASSED] - click(findTestObject("Object Repository/tc11/Page_soca-dashboarduser/button_OK")): Object: 'Object Repository/tc11/Page_soca-dashboarduser/button_OK' is clicked on

2022-07-15 11:07:11 - [MESSAGE][PASSED] - Object: 'Object Repository/tc11/Page_soca-dashboarduser/button_OK' is clicked on

2022-07-15 11:07:11 - [TEST_STEP][PASSED] - closeBrowser(): Browser is closed

2022-07-15 11:07:12 - [MESSAGE][PASSED] - Browser is closed]]></system-out>
         <system-err><![CDATA[]]></system-err>
      </testcase>
      <testcase name="Test Cases/TC_12" time="12.362" classname="Test Cases/TC_12" status="PASSED">
         <system-out><![CDATA[2022-07-15 11:07:12 - [TEST_CASE][PASSED] - Test Cases/TC_12: Test Cases/TC_12

2022-07-15 11:07:12 - [TEST_STEP][PASSED] - openBrowser(""): Browser is opened with url: ''

2022-07-15 11:07:12 - [MESSAGE][INFO] - Starting 'Chrome' driver

2022-07-15 11:07:12 - [MESSAGE][INFO] - Action delay is set to 0 milliseconds

2022-07-15 11:07:14 - [MESSAGE][PASSED] - Browser is opened with url: ''

2022-07-15 11:07:14 - [TEST_STEP][PASSED] - navigateToUrl("https://soca.ai/home"): Navigate to 'https://soca.ai/home' successfully

2022-07-15 11:07:16 - [MESSAGE][PASSED] - Navigate to 'https://soca.ai/home' successfully

2022-07-15 11:07:16 - [TEST_STEP][PASSED] - click(findTestObject("Object Repository/tc12/Page_soca.ai/a_Sign In")): Object: 'Object Repository/tc12/Page_soca.ai/a_Sign In' is clicked on

2022-07-15 11:07:18 - [MESSAGE][PASSED] - Object: 'Object Repository/tc12/Page_soca.ai/a_Sign In' is clicked on

2022-07-15 11:07:18 - [TEST_STEP][PASSED] - click(findTestObject("Object Repository/tc12/Page_soca-dashboarduser/a_Sign Up")): Object: 'Object Repository/tc12/Page_soca-dashboarduser/a_Sign Up' is clicked on

2022-07-15 11:07:19 - [MESSAGE][PASSED] - Object: 'Object Repository/tc12/Page_soca-dashboarduser/a_Sign Up' is clicked on

2022-07-15 11:07:19 - [TEST_STEP][PASSED] - click(findTestObject("Object Repository/tc12/Page_soca-dashboarduser/input_Fullname_form-control"), STOP_ON_FAILURE): Object: 'Object Repository/tc12/Page_soca-dashboarduser/input_Fullname_form-control' is clicked on

2022-07-15 11:07:19 - [MESSAGE][PASSED] - Object: 'Object Repository/tc12/Page_soca-dashboarduser/input_Fullname_form-control' is clicked on

2022-07-15 11:07:19 - [TEST_STEP][PASSED] - setText(findTestObject("Object Repository/tc12/Page_soca-dashboarduser/input_Email_form-control"), "arpriansah@gmail.com"): Text 'arpriansah@gmail.com' is set on object 'Object Repository/tc12/Page_soca-dashboarduser/input_Email_form-control'

2022-07-15 11:07:20 - [MESSAGE][PASSED] - Text 'arpriansah@gmail.com' is set on object 'Object Repository/tc12/Page_soca-dashboarduser/input_Email_form-control'

2022-07-15 11:07:20 - [TEST_STEP][PASSED] - setEncryptedText(findTestObject("Object Repository/tc12/Page_soca-dashboarduser/input_Password_form-control mb-2"), "V4yhZFEx0HfNPf2ts0Yqfg=="): Text ****** has been set on object 'Object Repository/tc12/Page_soca-dashboarduser/input_Password_form-control mb-2'

2022-07-15 11:07:20 - [MESSAGE][PASSED] - Text ****** has been set on object 'Object Repository/tc12/Page_soca-dashboarduser/input_Password_form-control mb-2'

2022-07-15 11:07:20 - [TEST_STEP][PASSED] - setText(findTestObject("tc12/Page_soca-dashboarduser/input_Position_form-control"), "test"): Text 'test' is set on object 'Object Repository/tc12/Page_soca-dashboarduser/input_Position_form-control'

2022-07-15 11:07:21 - [MESSAGE][PASSED] - Text 'test' is set on object 'Object Repository/tc12/Page_soca-dashboarduser/input_Position_form-control'

2022-07-15 11:07:21 - [TEST_STEP][PASSED] - setText(findTestObject("Object Repository/tc12/Page_soca-dashboarduser/input_Phone_form-control mb-2"), "082123456789"): Text '082123456789' is set on object 'Object Repository/tc12/Page_soca-dashboarduser/input_Phone_form-control mb-2'

2022-07-15 11:07:22 - [MESSAGE][PASSED] - Text '082123456789' is set on object 'Object Repository/tc12/Page_soca-dashboarduser/input_Phone_form-control mb-2'

2022-07-15 11:07:22 - [TEST_STEP][PASSED] - setText(findTestObject("Object Repository/tc12/Page_soca-dashboarduser/textarea_Description_form-control-textarea mb-2"), "test"): Text 'test' is set on object 'Object Repository/tc12/Page_soca-dashboarduser/textarea_Description_form-control-textarea mb-2'

2022-07-15 11:07:22 - [MESSAGE][PASSED] - Text 'test' is set on object 'Object Repository/tc12/Page_soca-dashboarduser/textarea_Description_form-control-textarea mb-2'

2022-07-15 11:07:22 - [TEST_STEP][PASSED] - click(findTestObject("Object Repository/tc12/Page_soca-dashboarduser/input_I agree to SOCAand acknowledge SOCA_m_447596")): Object: 'Object Repository/tc12/Page_soca-dashboarduser/input_I agree to SOCAand acknowledge SOCA_m_447596' is clicked on

2022-07-15 11:07:23 - [MESSAGE][PASSED] - Object: 'Object Repository/tc12/Page_soca-dashboarduser/input_I agree to SOCAand acknowledge SOCA_m_447596' is clicked on

2022-07-15 11:07:23 - [TEST_STEP][PASSED] - click(findTestObject("Object Repository/tc12/Page_soca-dashboarduser/button_Sign Up")): Object: 'Object Repository/tc12/Page_soca-dashboarduser/button_Sign Up' is clicked on

2022-07-15 11:07:23 - [MESSAGE][PASSED] - Object: 'Object Repository/tc12/Page_soca-dashboarduser/button_Sign Up' is clicked on

2022-07-15 11:07:23 - [TEST_STEP][PASSED] - closeBrowser(): Browser is closed

2022-07-15 11:07:24 - [MESSAGE][PASSED] - Browser is closed]]></system-out>
         <system-err><![CDATA[]]></system-err>
      </testcase>
      <testcase name="Test Cases/TC_13" time="12.853" classname="Test Cases/TC_13" status="PASSED">
         <system-out><![CDATA[2022-07-15 11:07:24 - [TEST_CASE][PASSED] - Test Cases/TC_13: Test Cases/TC_13

2022-07-15 11:07:25 - [TEST_STEP][PASSED] - openBrowser(""): Browser is opened with url: ''

2022-07-15 11:07:25 - [MESSAGE][INFO] - Starting 'Chrome' driver

2022-07-15 11:07:25 - [MESSAGE][INFO] - Action delay is set to 0 milliseconds

2022-07-15 11:07:27 - [MESSAGE][PASSED] - Browser is opened with url: ''

2022-07-15 11:07:27 - [TEST_STEP][PASSED] - navigateToUrl("https://soca.ai/home"): Navigate to 'https://soca.ai/home' successfully

2022-07-15 11:07:28 - [MESSAGE][PASSED] - Navigate to 'https://soca.ai/home' successfully

2022-07-15 11:07:28 - [TEST_STEP][PASSED] - click(findTestObject("Object Repository/tc13/Page_soca.ai/a_Sign In")): Object: 'Object Repository/tc13/Page_soca.ai/a_Sign In' is clicked on

2022-07-15 11:07:31 - [MESSAGE][PASSED] - Object: 'Object Repository/tc13/Page_soca.ai/a_Sign In' is clicked on

2022-07-15 11:07:31 - [TEST_STEP][PASSED] - click(findTestObject("Object Repository/tc13/Page_soca-dashboarduser/a_Sign Up")): Object: 'Object Repository/tc13/Page_soca-dashboarduser/a_Sign Up' is clicked on

2022-07-15 11:07:31 - [MESSAGE][PASSED] - Object: 'Object Repository/tc13/Page_soca-dashboarduser/a_Sign Up' is clicked on

2022-07-15 11:07:31 - [TEST_STEP][PASSED] - setText(findTestObject("Object Repository/tc13/Page_soca-dashboarduser/input_Fullname_form-control"), "Arpriansah"): Text 'Arpriansah' is set on object 'Object Repository/tc13/Page_soca-dashboarduser/input_Fullname_form-control'

2022-07-15 11:07:32 - [MESSAGE][PASSED] - Text 'Arpriansah' is set on object 'Object Repository/tc13/Page_soca-dashboarduser/input_Fullname_form-control'

2022-07-15 11:07:32 - [TEST_STEP][PASSED] - click(findTestObject("Object Repository/tc13/Page_soca-dashboarduser/input_Email_form-control"), STOP_ON_FAILURE): Object: 'Object Repository/tc13/Page_soca-dashboarduser/input_Email_form-control' is clicked on

2022-07-15 11:07:33 - [MESSAGE][PASSED] - Object: 'Object Repository/tc13/Page_soca-dashboarduser/input_Email_form-control' is clicked on

2022-07-15 11:07:33 - [TEST_STEP][PASSED] - setEncryptedText(findTestObject("Object Repository/tc13/Page_soca-dashboarduser/input_Password_form-control mb-2"), "V4yhZFEx0HfNPf2ts0Yqfg=="): Text ****** has been set on object 'Object Repository/tc13/Page_soca-dashboarduser/input_Password_form-control mb-2'

2022-07-15 11:07:33 - [MESSAGE][PASSED] - Text ****** has been set on object 'Object Repository/tc13/Page_soca-dashboarduser/input_Password_form-control mb-2'

2022-07-15 11:07:33 - [TEST_STEP][PASSED] - setText(findTestObject("tc13/Page_soca-dashboarduser/input_Position_form-control"), "test"): Text 'test' is set on object 'Object Repository/tc13/Page_soca-dashboarduser/input_Position_form-control'

2022-07-15 11:07:34 - [MESSAGE][PASSED] - Text 'test' is set on object 'Object Repository/tc13/Page_soca-dashboarduser/input_Position_form-control'

2022-07-15 11:07:34 - [TEST_STEP][PASSED] - setText(findTestObject("Object Repository/tc13/Page_soca-dashboarduser/input_Phone_form-control mb-2"), "082123456789"): Text '082123456789' is set on object 'Object Repository/tc13/Page_soca-dashboarduser/input_Phone_form-control mb-2'

2022-07-15 11:07:34 - [MESSAGE][PASSED] - Text '082123456789' is set on object 'Object Repository/tc13/Page_soca-dashboarduser/input_Phone_form-control mb-2'

2022-07-15 11:07:34 - [TEST_STEP][PASSED] - setText(findTestObject("Object Repository/tc13/Page_soca-dashboarduser/textarea_Description_form-control-textarea mb-2"), "test"): Text 'test' is set on object 'Object Repository/tc13/Page_soca-dashboarduser/textarea_Description_form-control-textarea mb-2'

2022-07-15 11:07:35 - [MESSAGE][PASSED] - Text 'test' is set on object 'Object Repository/tc13/Page_soca-dashboarduser/textarea_Description_form-control-textarea mb-2'

2022-07-15 11:07:35 - [TEST_STEP][PASSED] - click(findTestObject("Object Repository/tc13/Page_soca-dashboarduser/input_I agree to SOCAand acknowledge SOCA_m_447596")): Object: 'Object Repository/tc13/Page_soca-dashboarduser/input_I agree to SOCAand acknowledge SOCA_m_447596' is clicked on

2022-07-15 11:07:35 - [MESSAGE][PASSED] - Object: 'Object Repository/tc13/Page_soca-dashboarduser/input_I agree to SOCAand acknowledge SOCA_m_447596' is clicked on

2022-07-15 11:07:35 - [TEST_STEP][PASSED] - click(findTestObject("Object Repository/tc13/Page_soca-dashboarduser/button_Sign Up")): Object: 'Object Repository/tc13/Page_soca-dashboarduser/button_Sign Up' is clicked on

2022-07-15 11:07:36 - [MESSAGE][PASSED] - Object: 'Object Repository/tc13/Page_soca-dashboarduser/button_Sign Up' is clicked on

2022-07-15 11:07:36 - [TEST_STEP][PASSED] - closeBrowser(): Browser is closed

2022-07-15 11:07:37 - [MESSAGE][PASSED] - Browser is closed]]></system-out>
         <system-err><![CDATA[]]></system-err>
      </testcase>
      <testcase name="Test Cases/TC_14" time="11.402" classname="Test Cases/TC_14" status="PASSED">
         <system-out><![CDATA[2022-07-15 11:07:37 - [TEST_CASE][PASSED] - Test Cases/TC_14: Test Cases/TC_14

2022-07-15 11:07:37 - [TEST_STEP][PASSED] - openBrowser(""): Browser is opened with url: ''

2022-07-15 11:07:37 - [MESSAGE][INFO] - Starting 'Chrome' driver

2022-07-15 11:07:37 - [MESSAGE][INFO] - Action delay is set to 0 milliseconds

2022-07-15 11:07:39 - [MESSAGE][PASSED] - Browser is opened with url: ''

2022-07-15 11:07:39 - [TEST_STEP][PASSED] - navigateToUrl("https://soca.ai/home"): Navigate to 'https://soca.ai/home' successfully

2022-07-15 11:07:40 - [MESSAGE][PASSED] - Navigate to 'https://soca.ai/home' successfully

2022-07-15 11:07:40 - [TEST_STEP][PASSED] - click(findTestObject("Object Repository/tc14/Page_soca.ai/a_Sign In")): Object: 'Object Repository/tc14/Page_soca.ai/a_Sign In' is clicked on

2022-07-15 11:07:42 - [MESSAGE][PASSED] - Object: 'Object Repository/tc14/Page_soca.ai/a_Sign In' is clicked on

2022-07-15 11:07:42 - [TEST_STEP][PASSED] - click(findTestObject("Object Repository/tc14/Page_soca-dashboarduser/a_Sign Up")): Object: 'Object Repository/tc14/Page_soca-dashboarduser/a_Sign Up' is clicked on

2022-07-15 11:07:43 - [MESSAGE][PASSED] - Object: 'Object Repository/tc14/Page_soca-dashboarduser/a_Sign Up' is clicked on

2022-07-15 11:07:43 - [TEST_STEP][PASSED] - setText(findTestObject("Object Repository/tc14/Page_soca-dashboarduser/input_Fullname_form-control"), "Arpriansah"): Text 'Arpriansah' is set on object 'Object Repository/tc14/Page_soca-dashboarduser/input_Fullname_form-control'

2022-07-15 11:07:44 - [MESSAGE][PASSED] - Text 'Arpriansah' is set on object 'Object Repository/tc14/Page_soca-dashboarduser/input_Fullname_form-control'

2022-07-15 11:07:44 - [TEST_STEP][PASSED] - setText(findTestObject("Object Repository/tc14/Page_soca-dashboarduser/input_Email_form-control"), "arpriansah@gmail.com"): Text 'arpriansah@gmail.com' is set on object 'Object Repository/tc14/Page_soca-dashboarduser/input_Email_form-control'

2022-07-15 11:07:45 - [MESSAGE][PASSED] - Text 'arpriansah@gmail.com' is set on object 'Object Repository/tc14/Page_soca-dashboarduser/input_Email_form-control'

2022-07-15 11:07:45 - [TEST_STEP][PASSED] - setEncryptedText(findTestObject("Object Repository/tc14/Page_soca-dashboarduser/input_Password_form-control mb-2"), "V4yhZFEx0HfNPf2ts0Yqfg=="): Text ****** has been set on object 'Object Repository/tc14/Page_soca-dashboarduser/input_Password_form-control mb-2'

2022-07-15 11:07:45 - [MESSAGE][PASSED] - Text ****** has been set on object 'Object Repository/tc14/Page_soca-dashboarduser/input_Password_form-control mb-2'

2022-07-15 11:07:45 - [TEST_STEP][PASSED] - setText(findTestObject("tc14/Page_soca-dashboarduser/input_Position_form-control"), "test"): Text 'test' is set on object 'Object Repository/tc14/Page_soca-dashboarduser/input_Position_form-control'

2022-07-15 11:07:46 - [MESSAGE][PASSED] - Text 'test' is set on object 'Object Repository/tc14/Page_soca-dashboarduser/input_Position_form-control'

2022-07-15 11:07:46 - [TEST_STEP][PASSED] - setText(findTestObject("Object Repository/tc14/Page_soca-dashboarduser/textarea_Description_form-control-textarea mb-2"), "test"): Text 'test' is set on object 'Object Repository/tc14/Page_soca-dashboarduser/textarea_Description_form-control-textarea mb-2'

2022-07-15 11:07:46 - [MESSAGE][PASSED] - Text 'test' is set on object 'Object Repository/tc14/Page_soca-dashboarduser/textarea_Description_form-control-textarea mb-2'

2022-07-15 11:07:46 - [TEST_STEP][PASSED] - click(findTestObject("Object Repository/tc14/Page_soca-dashboarduser/input_I agree to SOCAand acknowledge SOCA_m_447596")): Object: 'Object Repository/tc14/Page_soca-dashboarduser/input_I agree to SOCAand acknowledge SOCA_m_447596' is clicked on

2022-07-15 11:07:47 - [MESSAGE][PASSED] - Object: 'Object Repository/tc14/Page_soca-dashboarduser/input_I agree to SOCAand acknowledge SOCA_m_447596' is clicked on

2022-07-15 11:07:47 - [TEST_STEP][PASSED] - click(findTestObject("Object Repository/tc14/Page_soca-dashboarduser/button_Sign Up")): Object: 'Object Repository/tc14/Page_soca-dashboarduser/button_Sign Up' is clicked on

2022-07-15 11:07:47 - [MESSAGE][PASSED] - Object: 'Object Repository/tc14/Page_soca-dashboarduser/button_Sign Up' is clicked on

2022-07-15 11:07:47 - [TEST_STEP][PASSED] - closeBrowser(): Browser is closed

2022-07-15 11:07:49 - [MESSAGE][PASSED] - Browser is closed]]></system-out>
         <system-err><![CDATA[]]></system-err>
      </testcase>
      <testcase name="Test Cases/TC_15" time="12.23" classname="Test Cases/TC_15" status="PASSED">
         <system-out><![CDATA[2022-07-15 11:07:49 - [TEST_CASE][PASSED] - Test Cases/TC_15: Test Cases/TC_15

2022-07-15 11:07:49 - [TEST_STEP][PASSED] - openBrowser(""): Browser is opened with url: ''

2022-07-15 11:07:49 - [MESSAGE][INFO] - Starting 'Chrome' driver

2022-07-15 11:07:49 - [MESSAGE][INFO] - Action delay is set to 0 milliseconds

2022-07-15 11:07:50 - [MESSAGE][PASSED] - Browser is opened with url: ''

2022-07-15 11:07:50 - [TEST_STEP][PASSED] - navigateToUrl("https://soca.ai/home"): Navigate to 'https://soca.ai/home' successfully

2022-07-15 11:07:52 - [MESSAGE][PASSED] - Navigate to 'https://soca.ai/home' successfully

2022-07-15 11:07:52 - [TEST_STEP][PASSED] - click(findTestObject("Object Repository/tc15/Page_soca.ai/a_Sign In")): Object: 'Object Repository/tc15/Page_soca.ai/a_Sign In' is clicked on

2022-07-15 11:07:55 - [MESSAGE][PASSED] - Object: 'Object Repository/tc15/Page_soca.ai/a_Sign In' is clicked on

2022-07-15 11:07:55 - [TEST_STEP][PASSED] - click(findTestObject("Object Repository/tc15/Page_soca-dashboarduser/a_Sign Up")): Object: 'Object Repository/tc15/Page_soca-dashboarduser/a_Sign Up' is clicked on

2022-07-15 11:07:55 - [MESSAGE][PASSED] - Object: 'Object Repository/tc15/Page_soca-dashboarduser/a_Sign Up' is clicked on

2022-07-15 11:07:55 - [TEST_STEP][PASSED] - setText(findTestObject("Object Repository/tc15/Page_soca-dashboarduser/input_Fullname_form-control"), "Arpriansah"): Text 'Arpriansah' is set on object 'Object Repository/tc15/Page_soca-dashboarduser/input_Fullname_form-control'

2022-07-15 11:07:56 - [MESSAGE][PASSED] - Text 'Arpriansah' is set on object 'Object Repository/tc15/Page_soca-dashboarduser/input_Fullname_form-control'

2022-07-15 11:07:56 - [TEST_STEP][PASSED] - setText(findTestObject("Object Repository/tc15/Page_soca-dashboarduser/input_Email_form-control"), "arpriansah@gmail.com"): Text 'arpriansah@gmail.com' is set on object 'Object Repository/tc15/Page_soca-dashboarduser/input_Email_form-control'

2022-07-15 11:07:57 - [MESSAGE][PASSED] - Text 'arpriansah@gmail.com' is set on object 'Object Repository/tc15/Page_soca-dashboarduser/input_Email_form-control'

2022-07-15 11:07:57 - [TEST_STEP][PASSED] - setEncryptedText(findTestObject("Object Repository/tc15/Page_soca-dashboarduser/input_Password_form-control mb-2"), "V4yhZFEx0HfNPf2ts0Yqfg=="): Text ****** has been set on object 'Object Repository/tc15/Page_soca-dashboarduser/input_Password_form-control mb-2'

2022-07-15 11:07:57 - [MESSAGE][PASSED] - Text ****** has been set on object 'Object Repository/tc15/Page_soca-dashboarduser/input_Password_form-control mb-2'

2022-07-15 11:07:57 - [TEST_STEP][PASSED] - click(findTestObject("tc15/Page_soca-dashboarduser/input_Position_form-control"), STOP_ON_FAILURE): Object: 'Object Repository/tc15/Page_soca-dashboarduser/input_Position_form-control' is clicked on

2022-07-15 11:07:58 - [MESSAGE][PASSED] - Object: 'Object Repository/tc15/Page_soca-dashboarduser/input_Position_form-control' is clicked on

2022-07-15 11:07:58 - [TEST_STEP][PASSED] - setText(findTestObject("Object Repository/tc15/Page_soca-dashboarduser/input_Phone_form-control mb-2"), "082123456789"): Text '082123456789' is set on object 'Object Repository/tc15/Page_soca-dashboarduser/input_Phone_form-control mb-2'

2022-07-15 11:07:58 - [MESSAGE][PASSED] - Text '082123456789' is set on object 'Object Repository/tc15/Page_soca-dashboarduser/input_Phone_form-control mb-2'

2022-07-15 11:07:58 - [TEST_STEP][PASSED] - setText(findTestObject("Object Repository/tc15/Page_soca-dashboarduser/textarea_Description_form-control-textarea mb-2"), "test"): Text 'test' is set on object 'Object Repository/tc15/Page_soca-dashboarduser/textarea_Description_form-control-textarea mb-2'

2022-07-15 11:07:59 - [MESSAGE][PASSED] - Text 'test' is set on object 'Object Repository/tc15/Page_soca-dashboarduser/textarea_Description_form-control-textarea mb-2'

2022-07-15 11:07:59 - [TEST_STEP][PASSED] - click(findTestObject("Object Repository/tc15/Page_soca-dashboarduser/input_I agree to SOCAand acknowledge SOCA_m_447596")): Object: 'Object Repository/tc15/Page_soca-dashboarduser/input_I agree to SOCAand acknowledge SOCA_m_447596' is clicked on

2022-07-15 11:07:59 - [MESSAGE][PASSED] - Object: 'Object Repository/tc15/Page_soca-dashboarduser/input_I agree to SOCAand acknowledge SOCA_m_447596' is clicked on

2022-07-15 11:07:59 - [TEST_STEP][PASSED] - click(findTestObject("Object Repository/tc15/Page_soca-dashboarduser/button_Sign Up")): Object: 'Object Repository/tc15/Page_soca-dashboarduser/button_Sign Up' is clicked on

2022-07-15 11:08:00 - [MESSAGE][PASSED] - Object: 'Object Repository/tc15/Page_soca-dashboarduser/button_Sign Up' is clicked on

2022-07-15 11:08:00 - [TEST_STEP][PASSED] - closeBrowser(): Browser is closed

2022-07-15 11:08:01 - [MESSAGE][PASSED] - Browser is closed]]></system-out>
         <system-err><![CDATA[]]></system-err>
      </testcase>
      <testcase name="Test Cases/TC_16" time="11.493" classname="Test Cases/TC_16" status="PASSED">
         <system-out><![CDATA[2022-07-15 11:08:01 - [TEST_CASE][PASSED] - Test Cases/TC_16: Test Cases/TC_16

2022-07-15 11:08:01 - [TEST_STEP][PASSED] - openBrowser(""): Browser is opened with url: ''

2022-07-15 11:08:01 - [MESSAGE][INFO] - Starting 'Chrome' driver

2022-07-15 11:08:01 - [MESSAGE][INFO] - Action delay is set to 0 milliseconds

2022-07-15 11:08:02 - [MESSAGE][PASSED] - Browser is opened with url: ''

2022-07-15 11:08:02 - [TEST_STEP][PASSED] - navigateToUrl("https://soca.ai/home"): Navigate to 'https://soca.ai/home' successfully

2022-07-15 11:08:03 - [MESSAGE][PASSED] - Navigate to 'https://soca.ai/home' successfully

2022-07-15 11:08:03 - [TEST_STEP][PASSED] - click(findTestObject("Object Repository/tc16/Page_soca.ai/a_Sign In")): Object: 'Object Repository/tc16/Page_soca.ai/a_Sign In' is clicked on

2022-07-15 11:08:06 - [MESSAGE][PASSED] - Object: 'Object Repository/tc16/Page_soca.ai/a_Sign In' is clicked on

2022-07-15 11:08:06 - [TEST_STEP][PASSED] - click(findTestObject("Object Repository/tc16/Page_soca-dashboarduser/a_Sign Up")): Object: 'Object Repository/tc16/Page_soca-dashboarduser/a_Sign Up' is clicked on

2022-07-15 11:08:07 - [MESSAGE][PASSED] - Object: 'Object Repository/tc16/Page_soca-dashboarduser/a_Sign Up' is clicked on

2022-07-15 11:08:07 - [TEST_STEP][PASSED] - setText(findTestObject("Object Repository/tc16/Page_soca-dashboarduser/input_Fullname_form-control"), "Arpriansah"): Text 'Arpriansah' is set on object 'Object Repository/tc16/Page_soca-dashboarduser/input_Fullname_form-control'

2022-07-15 11:08:07 - [MESSAGE][PASSED] - Text 'Arpriansah' is set on object 'Object Repository/tc16/Page_soca-dashboarduser/input_Fullname_form-control'

2022-07-15 11:08:07 - [TEST_STEP][PASSED] - setText(findTestObject("Object Repository/tc16/Page_soca-dashboarduser/input_Email_form-control"), "arpriansah@gmail.com"): Text 'arpriansah@gmail.com' is set on object 'Object Repository/tc16/Page_soca-dashboarduser/input_Email_form-control'

2022-07-15 11:08:08 - [MESSAGE][PASSED] - Text 'arpriansah@gmail.com' is set on object 'Object Repository/tc16/Page_soca-dashboarduser/input_Email_form-control'

2022-07-15 11:08:08 - [TEST_STEP][PASSED] - setEncryptedText(findTestObject("Object Repository/tc16/Page_soca-dashboarduser/input_Password_form-control mb-2"), "V4yhZFEx0HfNPf2ts0Yqfg=="): Text ****** has been set on object 'Object Repository/tc16/Page_soca-dashboarduser/input_Password_form-control mb-2'

2022-07-15 11:08:08 - [MESSAGE][PASSED] - Text ****** has been set on object 'Object Repository/tc16/Page_soca-dashboarduser/input_Password_form-control mb-2'

2022-07-15 11:08:08 - [TEST_STEP][PASSED] - setText(findTestObject("tc16/Page_soca-dashboarduser/input_Position_form-control"), "test"): Text 'test' is set on object 'Object Repository/tc16/Page_soca-dashboarduser/input_Position_form-control'

2022-07-15 11:08:09 - [MESSAGE][PASSED] - Text 'test' is set on object 'Object Repository/tc16/Page_soca-dashboarduser/input_Position_form-control'

2022-07-15 11:08:09 - [TEST_STEP][PASSED] - click(findTestObject("tc16/Page_soca-dashboarduser/input_Phone_form-control mb-2")): Object: 'Object Repository/tc16/Page_soca-dashboarduser/input_Phone_form-control mb-2' is clicked on

2022-07-15 11:08:09 - [MESSAGE][PASSED] - Object: 'Object Repository/tc16/Page_soca-dashboarduser/input_Phone_form-control mb-2' is clicked on

2022-07-15 11:08:09 - [TEST_STEP][PASSED] - setText(findTestObject("Object Repository/tc16/Page_soca-dashboarduser/textarea_Description_form-control-textarea mb-2"), "test"): Text 'test' is set on object 'Object Repository/tc16/Page_soca-dashboarduser/textarea_Description_form-control-textarea mb-2'

2022-07-15 11:08:10 - [MESSAGE][PASSED] - Text 'test' is set on object 'Object Repository/tc16/Page_soca-dashboarduser/textarea_Description_form-control-textarea mb-2'

2022-07-15 11:08:10 - [TEST_STEP][PASSED] - click(findTestObject("Object Repository/tc16/Page_soca-dashboarduser/input_I agree to SOCAand acknowledge SOCA_m_447596")): Object: 'Object Repository/tc16/Page_soca-dashboarduser/input_I agree to SOCAand acknowledge SOCA_m_447596' is clicked on

2022-07-15 11:08:11 - [MESSAGE][PASSED] - Object: 'Object Repository/tc16/Page_soca-dashboarduser/input_I agree to SOCAand acknowledge SOCA_m_447596' is clicked on

2022-07-15 11:08:11 - [TEST_STEP][PASSED] - click(findTestObject("Object Repository/tc16/Page_soca-dashboarduser/button_Sign Up")): Object: 'Object Repository/tc16/Page_soca-dashboarduser/button_Sign Up' is clicked on

2022-07-15 11:08:11 - [MESSAGE][PASSED] - Object: 'Object Repository/tc16/Page_soca-dashboarduser/button_Sign Up' is clicked on

2022-07-15 11:08:11 - [TEST_STEP][PASSED] - closeBrowser(): Browser is closed

2022-07-15 11:08:12 - [MESSAGE][PASSED] - Browser is closed]]></system-out>
         <system-err><![CDATA[]]></system-err>
      </testcase>
      <testcase name="Test Cases/TC_17" time="13.234" classname="Test Cases/TC_17" status="PASSED">
         <system-out><![CDATA[2022-07-15 11:08:12 - [TEST_CASE][PASSED] - Test Cases/TC_17: Test Cases/TC_17

2022-07-15 11:08:12 - [TEST_STEP][PASSED] - openBrowser(""): Browser is opened with url: ''

2022-07-15 11:08:12 - [MESSAGE][INFO] - Starting 'Chrome' driver

2022-07-15 11:08:12 - [MESSAGE][INFO] - Action delay is set to 0 milliseconds

2022-07-15 11:08:14 - [MESSAGE][PASSED] - Browser is opened with url: ''

2022-07-15 11:08:14 - [TEST_STEP][PASSED] - navigateToUrl("https://soca.ai/home"): Navigate to 'https://soca.ai/home' successfully

2022-07-15 11:08:15 - [MESSAGE][PASSED] - Navigate to 'https://soca.ai/home' successfully

2022-07-15 11:08:15 - [TEST_STEP][PASSED] - click(findTestObject("Object Repository/tc11/Page_soca.ai/a_Sign In")): Object: 'Object Repository/tc11/Page_soca.ai/a_Sign In' is clicked on

2022-07-15 11:08:19 - [MESSAGE][PASSED] - Object: 'Object Repository/tc11/Page_soca.ai/a_Sign In' is clicked on

2022-07-15 11:08:19 - [TEST_STEP][PASSED] - click(findTestObject("Object Repository/tc11/Page_soca-dashboarduser/a_Sign Up")): Object: 'Object Repository/tc11/Page_soca-dashboarduser/a_Sign Up' is clicked on

2022-07-15 11:08:19 - [MESSAGE][PASSED] - Object: 'Object Repository/tc11/Page_soca-dashboarduser/a_Sign Up' is clicked on

2022-07-15 11:08:19 - [TEST_STEP][PASSED] - setText(findTestObject("Object Repository/tc11/Page_soca-dashboarduser/input_Fullname_form-control"), "Arpriansah"): Text 'Arpriansah' is set on object 'Object Repository/tc11/Page_soca-dashboarduser/input_Fullname_form-control'

2022-07-15 11:08:20 - [MESSAGE][PASSED] - Text 'Arpriansah' is set on object 'Object Repository/tc11/Page_soca-dashboarduser/input_Fullname_form-control'

2022-07-15 11:08:20 - [TEST_STEP][PASSED] - setText(findTestObject("Object Repository/tc11/Page_soca-dashboarduser/input_Email_form-control"), "arpriansah@gmail.com"): Text 'arpriansah@gmail.com' is set on object 'Object Repository/tc11/Page_soca-dashboarduser/input_Email_form-control'

2022-07-15 11:08:21 - [MESSAGE][PASSED] - Text 'arpriansah@gmail.com' is set on object 'Object Repository/tc11/Page_soca-dashboarduser/input_Email_form-control'

2022-07-15 11:08:21 - [TEST_STEP][PASSED] - setEncryptedText(findTestObject("Object Repository/tc11/Page_soca-dashboarduser/input_Password_form-control mb-2"), "V4yhZFEx0HfNPf2ts0Yqfg=="): Text ****** has been set on object 'Object Repository/tc11/Page_soca-dashboarduser/input_Password_form-control mb-2'

2022-07-15 11:08:21 - [MESSAGE][PASSED] - Text ****** has been set on object 'Object Repository/tc11/Page_soca-dashboarduser/input_Password_form-control mb-2'

2022-07-15 11:08:21 - [TEST_STEP][PASSED] - setText(findTestObject("tc11/Page_soca-dashboarduser/input_Position_form-control"), "test"): Text 'test' is set on object 'Object Repository/tc11/Page_soca-dashboarduser/input_Position_form-control'

2022-07-15 11:08:22 - [MESSAGE][PASSED] - Text 'test' is set on object 'Object Repository/tc11/Page_soca-dashboarduser/input_Position_form-control'

2022-07-15 11:08:22 - [TEST_STEP][PASSED] - setText(findTestObject("Object Repository/tc11/Page_soca-dashboarduser/input_Phone_form-control mb-2"), "082123456789"): Text '082123456789' is set on object 'Object Repository/tc11/Page_soca-dashboarduser/input_Phone_form-control mb-2'

2022-07-15 11:08:23 - [MESSAGE][PASSED] - Text '082123456789' is set on object 'Object Repository/tc11/Page_soca-dashboarduser/input_Phone_form-control mb-2'

2022-07-15 11:08:23 - [TEST_STEP][PASSED] - setText(findTestObject("Object Repository/tc11/Page_soca-dashboarduser/textarea_Description_form-control-textarea mb-2"), "test"): Text 'test' is set on object 'Object Repository/tc11/Page_soca-dashboarduser/textarea_Description_form-control-textarea mb-2'

2022-07-15 11:08:23 - [MESSAGE][PASSED] - Text 'test' is set on object 'Object Repository/tc11/Page_soca-dashboarduser/textarea_Description_form-control-textarea mb-2'

2022-07-15 11:08:23 - [TEST_STEP][PASSED] - click(findTestObject("Object Repository/tc11/Page_soca-dashboarduser/input_I agree to SOCAand acknowledge SOCA_m_447596")): Object: 'Object Repository/tc11/Page_soca-dashboarduser/input_I agree to SOCAand acknowledge SOCA_m_447596' is clicked on

2022-07-15 11:08:24 - [MESSAGE][PASSED] - Object: 'Object Repository/tc11/Page_soca-dashboarduser/input_I agree to SOCAand acknowledge SOCA_m_447596' is clicked on

2022-07-15 11:08:24 - [TEST_STEP][PASSED] - click(findTestObject("Object Repository/tc11/Page_soca-dashboarduser/button_Sign Up")): Object: 'Object Repository/tc11/Page_soca-dashboarduser/button_Sign Up' is clicked on

2022-07-15 11:08:24 - [MESSAGE][PASSED] - Object: 'Object Repository/tc11/Page_soca-dashboarduser/button_Sign Up' is clicked on

2022-07-15 11:08:24 - [TEST_STEP][PASSED] - click(findTestObject("Object Repository/tc11/Page_soca-dashboarduser/button_OK")): Object: 'Object Repository/tc11/Page_soca-dashboarduser/button_OK' is clicked on

2022-07-15 11:08:25 - [MESSAGE][PASSED] - Object: 'Object Repository/tc11/Page_soca-dashboarduser/button_OK' is clicked on

2022-07-15 11:08:25 - [TEST_STEP][PASSED] - closeBrowser(): Browser is closed

2022-07-15 11:08:25 - [MESSAGE][PASSED] - Browser is closed]]></system-out>
         <system-err><![CDATA[]]></system-err>
      </testcase>
      <testcase name="Test Cases/TC_18" time="11.816" classname="Test Cases/TC_18" status="PASSED">
         <system-out><![CDATA[2022-07-15 11:08:25 - [TEST_CASE][PASSED] - Test Cases/TC_18: Test Cases/TC_18

2022-07-15 11:08:26 - [TEST_STEP][PASSED] - openBrowser(""): Browser is opened with url: ''

2022-07-15 11:08:26 - [MESSAGE][INFO] - Starting 'Chrome' driver

2022-07-15 11:08:26 - [MESSAGE][INFO] - Action delay is set to 0 milliseconds

2022-07-15 11:08:27 - [MESSAGE][PASSED] - Browser is opened with url: ''

2022-07-15 11:08:27 - [TEST_STEP][PASSED] - navigateToUrl("https://soca.ai/home"): Navigate to 'https://soca.ai/home' successfully

2022-07-15 11:08:28 - [MESSAGE][PASSED] - Navigate to 'https://soca.ai/home' successfully

2022-07-15 11:08:28 - [TEST_STEP][PASSED] - click(findTestObject("Object Repository/tc18/Page_soca.ai/a_Sign In")): Object: 'Object Repository/tc18/Page_soca.ai/a_Sign In' is clicked on

2022-07-15 11:08:31 - [MESSAGE][PASSED] - Object: 'Object Repository/tc18/Page_soca.ai/a_Sign In' is clicked on

2022-07-15 11:08:31 - [TEST_STEP][PASSED] - click(findTestObject("Object Repository/tc18/Page_soca-dashboarduser/a_Sign Up")): Object: 'Object Repository/tc18/Page_soca-dashboarduser/a_Sign Up' is clicked on

2022-07-15 11:08:32 - [MESSAGE][PASSED] - Object: 'Object Repository/tc18/Page_soca-dashboarduser/a_Sign Up' is clicked on

2022-07-15 11:08:32 - [TEST_STEP][PASSED] - setText(findTestObject("Object Repository/tc18/Page_soca-dashboarduser/input_Fullname_form-control"), "Arpriansah"): Text 'Arpriansah' is set on object 'Object Repository/tc18/Page_soca-dashboarduser/input_Fullname_form-control'

2022-07-15 11:08:33 - [MESSAGE][PASSED] - Text 'Arpriansah' is set on object 'Object Repository/tc18/Page_soca-dashboarduser/input_Fullname_form-control'

2022-07-15 11:08:33 - [TEST_STEP][PASSED] - setText(findTestObject("Object Repository/tc18/Page_soca-dashboarduser/input_Email_form-control"), "arpriansah@gmail.com"): Text 'arpriansah@gmail.com' is set on object 'Object Repository/tc18/Page_soca-dashboarduser/input_Email_form-control'

2022-07-15 11:08:34 - [MESSAGE][PASSED] - Text 'arpriansah@gmail.com' is set on object 'Object Repository/tc18/Page_soca-dashboarduser/input_Email_form-control'

2022-07-15 11:08:34 - [TEST_STEP][PASSED] - setEncryptedText(findTestObject("Object Repository/tc18/Page_soca-dashboarduser/input_Password_form-control mb-2"), "V4yhZFEx0HfNPf2ts0Yqfg=="): Text ****** has been set on object 'Object Repository/tc18/Page_soca-dashboarduser/input_Password_form-control mb-2'

2022-07-15 11:08:34 - [MESSAGE][PASSED] - Text ****** has been set on object 'Object Repository/tc18/Page_soca-dashboarduser/input_Password_form-control mb-2'

2022-07-15 11:08:34 - [TEST_STEP][PASSED] - setText(findTestObject("tc18/Page_soca-dashboarduser/Page_soca-dashboarduser/input_Position_form-control"), "test"): Text 'test' is set on object 'Object Repository/tc18/Page_soca-dashboarduser/Page_soca-dashboarduser/input_Position_form-control'

2022-07-15 11:08:35 - [MESSAGE][PASSED] - Text 'test' is set on object 'Object Repository/tc18/Page_soca-dashboarduser/Page_soca-dashboarduser/input_Position_form-control'

2022-07-15 11:08:35 - [TEST_STEP][PASSED] - setText(findTestObject("Object Repository/tc18/Page_soca-dashboarduser/input_Phone_form-control mb-2"), "082123456789"): Text '082123456789' is set on object 'Object Repository/tc18/Page_soca-dashboarduser/input_Phone_form-control mb-2'

2022-07-15 11:08:35 - [MESSAGE][PASSED] - Text '082123456789' is set on object 'Object Repository/tc18/Page_soca-dashboarduser/input_Phone_form-control mb-2'

2022-07-15 11:08:35 - [TEST_STEP][PASSED] - setText(findTestObject("Object Repository/tc18/Page_soca-dashboarduser/textarea_Description_form-control-textarea mb-2"), "test"): Text 'test' is set on object 'Object Repository/tc18/Page_soca-dashboarduser/textarea_Description_form-control-textarea mb-2'

2022-07-15 11:08:36 - [MESSAGE][PASSED] - Text 'test' is set on object 'Object Repository/tc18/Page_soca-dashboarduser/textarea_Description_form-control-textarea mb-2'

2022-07-15 11:08:36 - [TEST_STEP][PASSED] - closeBrowser(): Browser is closed

2022-07-15 11:08:37 - [MESSAGE][PASSED] - Browser is closed]]></system-out>
         <system-err><![CDATA[]]></system-err>
      </testcase>
      <testcase name="Test Cases/TC_19" time="19.108" classname="Test Cases/TC_19" status="PASSED">
         <system-out><![CDATA[2022-07-15 11:08:37 - [TEST_CASE][PASSED] - Test Cases/TC_19: Test Cases/TC_19

2022-07-15 11:08:38 - [TEST_STEP][PASSED] - openBrowser(""): Browser is opened with url: ''

2022-07-15 11:08:38 - [MESSAGE][INFO] - Starting 'Chrome' driver

2022-07-15 11:08:38 - [MESSAGE][INFO] - Action delay is set to 0 milliseconds

2022-07-15 11:08:39 - [MESSAGE][PASSED] - Browser is opened with url: ''

2022-07-15 11:08:39 - [TEST_STEP][PASSED] - navigateToUrl("https://soca.ai/home"): Navigate to 'https://soca.ai/home' successfully

2022-07-15 11:08:41 - [MESSAGE][PASSED] - Navigate to 'https://soca.ai/home' successfully

2022-07-15 11:08:41 - [TEST_STEP][PASSED] - click(findTestObject("Object Repository/tc19/Page_soca.ai/a_Sign In")): Object: 'Object Repository/tc19/Page_soca.ai/a_Sign In' is clicked on

2022-07-15 11:08:45 - [MESSAGE][PASSED] - Object: 'Object Repository/tc19/Page_soca.ai/a_Sign In' is clicked on

2022-07-15 11:08:45 - [TEST_STEP][PASSED] - click(findTestObject("Object Repository/tc19/Page_soca-dashboarduser/a_Sign Up")): Object: 'Object Repository/tc19/Page_soca-dashboarduser/a_Sign Up' is clicked on

2022-07-15 11:08:46 - [MESSAGE][PASSED] - Object: 'Object Repository/tc19/Page_soca-dashboarduser/a_Sign Up' is clicked on

2022-07-15 11:08:46 - [TEST_STEP][PASSED] - setText(findTestObject("Object Repository/tc19/Page_soca-dashboarduser/input_Fullname_form-control"), "Arpriansah"): Text 'Arpriansah' is set on object 'Object Repository/tc19/Page_soca-dashboarduser/input_Fullname_form-control'

2022-07-15 11:08:47 - [MESSAGE][PASSED] - Text 'Arpriansah' is set on object 'Object Repository/tc19/Page_soca-dashboarduser/input_Fullname_form-control'

2022-07-15 11:08:47 - [TEST_STEP][PASSED] - setText(findTestObject("Object Repository/tc19/Page_soca-dashboarduser/input_Email_form-control"), "arpriansah@gmail.com"): Text 'arpriansah@gmail.com' is set on object 'Object Repository/tc19/Page_soca-dashboarduser/input_Email_form-control'

2022-07-15 11:08:47 - [MESSAGE][PASSED] - Text 'arpriansah@gmail.com' is set on object 'Object Repository/tc19/Page_soca-dashboarduser/input_Email_form-control'

2022-07-15 11:08:47 - [TEST_STEP][PASSED] - setEncryptedText(findTestObject("Object Repository/tc19/Page_soca-dashboarduser/input_Password_form-control mb-2"), "V4yhZFEx0HfNPf2ts0Yqfg=="): Text ****** has been set on object 'Object Repository/tc19/Page_soca-dashboarduser/input_Password_form-control mb-2'

2022-07-15 11:08:48 - [MESSAGE][PASSED] - Text ****** has been set on object 'Object Repository/tc19/Page_soca-dashboarduser/input_Password_form-control mb-2'

2022-07-15 11:08:48 - [TEST_STEP][PASSED] - setText(findTestObject("tc19/Page_soca-dashboarduser/input_Position_form-control"), "test"): Text 'test' is set on object 'Object Repository/tc19/Page_soca-dashboarduser/input_Position_form-control'

2022-07-15 11:08:48 - [MESSAGE][PASSED] - Text 'test' is set on object 'Object Repository/tc19/Page_soca-dashboarduser/input_Position_form-control'

2022-07-15 11:08:48 - [TEST_STEP][PASSED] - setText(findTestObject("Object Repository/tc19/Page_soca-dashboarduser/input_Phone_form-control mb-2"), "082123456789"): Text '082123456789' is set on object 'Object Repository/tc19/Page_soca-dashboarduser/input_Phone_form-control mb-2'

2022-07-15 11:08:49 - [MESSAGE][PASSED] - Text '082123456789' is set on object 'Object Repository/tc19/Page_soca-dashboarduser/input_Phone_form-control mb-2'

2022-07-15 11:08:49 - [TEST_STEP][PASSED] - setText(findTestObject("Object Repository/tc19/Page_soca-dashboarduser/textarea_Description_form-control-textarea mb-2"), "test"): Text 'test' is set on object 'Object Repository/tc19/Page_soca-dashboarduser/textarea_Description_form-control-textarea mb-2'

2022-07-15 11:08:50 - [MESSAGE][PASSED] - Text 'test' is set on object 'Object Repository/tc19/Page_soca-dashboarduser/textarea_Description_form-control-textarea mb-2'

2022-07-15 11:08:50 - [TEST_STEP][PASSED] - selectOptionByValue(findTestObject("Object Repository/tc19/Page_soca-dashboarduser/select_IndividualCompany"), "company", true): All options with value 'company' are selected in object 'Object Repository/tc19/Page_soca-dashboarduser/select_IndividualCompany'  using regular expression

2022-07-15 11:08:51 - [MESSAGE][PASSED] - All options with value 'company' are selected in object 'Object Repository/tc19/Page_soca-dashboarduser/select_IndividualCompany'  using regular expression

2022-07-15 11:08:51 - [TEST_STEP][PASSED] - setText(findTestObject("tc19/Page_soca-dashboarduser/input_Company Name_form-control"), "Birutekno"): Text 'Birutekno' is set on object 'Object Repository/tc19/Page_soca-dashboarduser/input_Company Name_form-control'

2022-07-15 11:08:52 - [MESSAGE][PASSED] - Text 'Birutekno' is set on object 'Object Repository/tc19/Page_soca-dashboarduser/input_Company Name_form-control'

2022-07-15 11:08:52 - [TEST_STEP][PASSED] - setText(findTestObject("tc19/Page_soca-dashboarduser/input_Email Company_form-control"), "birutekno@gmail.com"): Text 'birutekno@gmail.com' is set on object 'Object Repository/tc19/Page_soca-dashboarduser/input_Email Company_form-control'

2022-07-15 11:08:52 - [MESSAGE][PASSED] - Text 'birutekno@gmail.com' is set on object 'Object Repository/tc19/Page_soca-dashboarduser/input_Email Company_form-control'

2022-07-15 11:08:52 - [TEST_STEP][PASSED] - selectOptionByValue(findTestObject("Object Repository/tc19/Page_soca-dashboarduser/select_Industries"), "industries", true): All options with value 'industries' are selected in object 'Object Repository/tc19/Page_soca-dashboarduser/select_Industries'  using regular expression

2022-07-15 11:08:53 - [MESSAGE][PASSED] - All options with value 'industries' are selected in object 'Object Repository/tc19/Page_soca-dashboarduser/select_Industries'  using regular expression

2022-07-15 11:08:53 - [TEST_STEP][PASSED] - setText(findTestObject("tc19/Page_soca-dashboarduser/textarea_Address_form-control-textarea mb-2"), "Grand Sharon Residence"): Text 'Grand Sharon Residence' is set on object 'Object Repository/tc19/Page_soca-dashboarduser/textarea_Address_form-control-textarea mb-2'

2022-07-15 11:08:54 - [MESSAGE][PASSED] - Text 'Grand Sharon Residence' is set on object 'Object Repository/tc19/Page_soca-dashboarduser/textarea_Address_form-control-textarea mb-2'

2022-07-15 11:08:54 - [TEST_STEP][PASSED] - click(findTestObject("Object Repository/tc19/Page_soca-dashboarduser/input_I agree to SOCAand acknowledge SOCA_m_447596")): Object: 'Object Repository/tc19/Page_soca-dashboarduser/input_I agree to SOCAand acknowledge SOCA_m_447596' is clicked on

2022-07-15 11:08:54 - [MESSAGE][PASSED] - Object: 'Object Repository/tc19/Page_soca-dashboarduser/input_I agree to SOCAand acknowledge SOCA_m_447596' is clicked on

2022-07-15 11:08:54 - [TEST_STEP][PASSED] - click(findTestObject("Object Repository/tc19/Page_soca-dashboarduser/button_Sign Up")): Object: 'Object Repository/tc19/Page_soca-dashboarduser/button_Sign Up' is clicked on

2022-07-15 11:08:55 - [MESSAGE][PASSED] - Object: 'Object Repository/tc19/Page_soca-dashboarduser/button_Sign Up' is clicked on

2022-07-15 11:08:55 - [TEST_STEP][PASSED] - click(findTestObject("Object Repository/tc19/Page_soca-dashboarduser/button_OK")): Object: 'Object Repository/tc19/Page_soca-dashboarduser/button_OK' is clicked on

2022-07-15 11:08:56 - [MESSAGE][PASSED] - Object: 'Object Repository/tc19/Page_soca-dashboarduser/button_OK' is clicked on

2022-07-15 11:08:56 - [TEST_STEP][PASSED] - closeBrowser(): Browser is closed

2022-07-15 11:08:56 - [MESSAGE][PASSED] - Browser is closed]]></system-out>
         <system-err><![CDATA[]]></system-err>
      </testcase>
      <testcase name="Test Cases/TC_20" time="15.277" classname="Test Cases/TC_20" status="PASSED">
         <system-out><![CDATA[2022-07-15 11:08:56 - [TEST_CASE][PASSED] - Test Cases/TC_20: Test Cases/TC_20

2022-07-15 11:08:57 - [TEST_STEP][PASSED] - openBrowser(""): Browser is opened with url: ''

2022-07-15 11:08:57 - [MESSAGE][INFO] - Starting 'Chrome' driver

2022-07-15 11:08:57 - [MESSAGE][INFO] - Action delay is set to 0 milliseconds

2022-07-15 11:08:58 - [MESSAGE][PASSED] - Browser is opened with url: ''

2022-07-15 11:08:58 - [TEST_STEP][PASSED] - navigateToUrl("https://soca.ai/home"): Navigate to 'https://soca.ai/home' successfully

2022-07-15 11:09:00 - [MESSAGE][PASSED] - Navigate to 'https://soca.ai/home' successfully

2022-07-15 11:09:00 - [TEST_STEP][PASSED] - click(findTestObject("Object Repository/tc20/Page_soca.ai/a_Sign In")): Object: 'Object Repository/tc20/Page_soca.ai/a_Sign In' is clicked on

2022-07-15 11:09:02 - [MESSAGE][PASSED] - Object: 'Object Repository/tc20/Page_soca.ai/a_Sign In' is clicked on

2022-07-15 11:09:02 - [TEST_STEP][PASSED] - click(findTestObject("Object Repository/tc20/Page_soca-dashboarduser/a_Sign Up")): Object: 'Object Repository/tc20/Page_soca-dashboarduser/a_Sign Up' is clicked on

2022-07-15 11:09:03 - [MESSAGE][PASSED] - Object: 'Object Repository/tc20/Page_soca-dashboarduser/a_Sign Up' is clicked on

2022-07-15 11:09:03 - [TEST_STEP][PASSED] - setText(findTestObject("Object Repository/tc20/Page_soca-dashboarduser/input_Fullname_form-control"), "Arpriansah"): Text 'Arpriansah' is set on object 'Object Repository/tc20/Page_soca-dashboarduser/input_Fullname_form-control'

2022-07-15 11:09:04 - [MESSAGE][PASSED] - Text 'Arpriansah' is set on object 'Object Repository/tc20/Page_soca-dashboarduser/input_Fullname_form-control'

2022-07-15 11:09:04 - [TEST_STEP][PASSED] - setText(findTestObject("Object Repository/tc20/Page_soca-dashboarduser/input_Email_form-control"), "tes@gmail.com"): Text 'tes@gmail.com' is set on object 'Object Repository/tc20/Page_soca-dashboarduser/input_Email_form-control'

2022-07-15 11:09:05 - [MESSAGE][PASSED] - Text 'tes@gmail.com' is set on object 'Object Repository/tc20/Page_soca-dashboarduser/input_Email_form-control'

2022-07-15 11:09:05 - [TEST_STEP][PASSED] - setEncryptedText(findTestObject("Object Repository/tc20/Page_soca-dashboarduser/input_Password_form-control mb-2"), "V4yhZFEx0HfNPf2ts0Yqfg=="): Text ****** has been set on object 'Object Repository/tc20/Page_soca-dashboarduser/input_Password_form-control mb-2'

2022-07-15 11:09:05 - [MESSAGE][PASSED] - Text ****** has been set on object 'Object Repository/tc20/Page_soca-dashboarduser/input_Password_form-control mb-2'

2022-07-15 11:09:05 - [TEST_STEP][PASSED] - setText(findTestObject("tc20/Page_soca-dashboarduser/input_Position_form-control"), "test"): Text 'test' is set on object 'Object Repository/tc20/Page_soca-dashboarduser/input_Position_form-control'

2022-07-15 11:09:06 - [MESSAGE][PASSED] - Text 'test' is set on object 'Object Repository/tc20/Page_soca-dashboarduser/input_Position_form-control'

2022-07-15 11:09:06 - [TEST_STEP][PASSED] - setText(findTestObject("Object Repository/tc20/Page_soca-dashboarduser/input_Phone_form-control mb-2"), "082123456789"): Text '082123456789' is set on object 'Object Repository/tc20/Page_soca-dashboarduser/input_Phone_form-control mb-2'

2022-07-15 11:09:06 - [MESSAGE][PASSED] - Text '082123456789' is set on object 'Object Repository/tc20/Page_soca-dashboarduser/input_Phone_form-control mb-2'

2022-07-15 11:09:06 - [TEST_STEP][PASSED] - setText(findTestObject("Object Repository/tc20/Page_soca-dashboarduser/textarea_Description_form-control-textarea mb-2"), "test"): Text 'test' is set on object 'Object Repository/tc20/Page_soca-dashboarduser/textarea_Description_form-control-textarea mb-2'

2022-07-15 11:09:07 - [MESSAGE][PASSED] - Text 'test' is set on object 'Object Repository/tc20/Page_soca-dashboarduser/textarea_Description_form-control-textarea mb-2'

2022-07-15 11:09:07 - [TEST_STEP][PASSED] - selectOptionByValue(findTestObject("Object Repository/tc20/Page_soca-dashboarduser/select_IndividualCompany"), "company", true): All options with value 'company' are selected in object 'Object Repository/tc20/Page_soca-dashboarduser/select_IndividualCompany'  using regular expression

2022-07-15 11:09:08 - [MESSAGE][PASSED] - All options with value 'company' are selected in object 'Object Repository/tc20/Page_soca-dashboarduser/select_IndividualCompany'  using regular expression

2022-07-15 11:09:08 - [TEST_STEP][PASSED] - setText(findTestObject("tc20/Page_soca-dashboarduser/input_Email Company_form-control"), "birutekno@gmail.com"): Text 'birutekno@gmail.com' is set on object 'Object Repository/tc20/Page_soca-dashboarduser/input_Email Company_form-control'

2022-07-15 11:09:09 - [MESSAGE][PASSED] - Text 'birutekno@gmail.com' is set on object 'Object Repository/tc20/Page_soca-dashboarduser/input_Email Company_form-control'

2022-07-15 11:09:09 - [TEST_STEP][PASSED] - setText(findTestObject("tc20/Page_soca-dashboarduser/textarea_Address_form-control-textarea mb-2"), "Grand Sharon Residence"): Text 'Grand Sharon Residence' is set on object 'Object Repository/tc20/Page_soca-dashboarduser/textarea_Address_form-control-textarea mb-2'

2022-07-15 11:09:09 - [MESSAGE][PASSED] - Text 'Grand Sharon Residence' is set on object 'Object Repository/tc20/Page_soca-dashboarduser/textarea_Address_form-control-textarea mb-2'

2022-07-15 11:09:09 - [TEST_STEP][PASSED] - click(findTestObject("Object Repository/tc20/Page_soca-dashboarduser/input_I agree to SOCAand acknowledge SOCA_m_447596")): Object: 'Object Repository/tc20/Page_soca-dashboarduser/input_I agree to SOCAand acknowledge SOCA_m_447596' is clicked on

2022-07-15 11:09:10 - [MESSAGE][PASSED] - Object: 'Object Repository/tc20/Page_soca-dashboarduser/input_I agree to SOCAand acknowledge SOCA_m_447596' is clicked on

2022-07-15 11:09:10 - [TEST_STEP][PASSED] - click(findTestObject("Object Repository/tc20/Page_soca-dashboarduser/button_Sign Up")): Object: 'Object Repository/tc20/Page_soca-dashboarduser/button_Sign Up' is clicked on

2022-07-15 11:09:10 - [MESSAGE][PASSED] - Object: 'Object Repository/tc20/Page_soca-dashboarduser/button_Sign Up' is clicked on

2022-07-15 11:09:10 - [TEST_STEP][PASSED] - click(findTestObject("Object Repository/tc20/Page_soca-dashboarduser/button_OK")): Object: 'Object Repository/tc20/Page_soca-dashboarduser/button_OK' is clicked on

2022-07-15 11:09:11 - [MESSAGE][PASSED] - Object: 'Object Repository/tc20/Page_soca-dashboarduser/button_OK' is clicked on

2022-07-15 11:09:11 - [TEST_STEP][PASSED] - closeBrowser(): Browser is closed

2022-07-15 11:09:12 - [MESSAGE][PASSED] - Browser is closed]]></system-out>
         <system-err><![CDATA[]]></system-err>
      </testcase>
      <testcase name="Test Cases/TC_21" time="16.856" classname="Test Cases/TC_21" status="PASSED">
         <system-out><![CDATA[2022-07-15 11:09:12 - [TEST_CASE][PASSED] - Test Cases/TC_21: Test Cases/TC_21

2022-07-15 11:09:12 - [TEST_STEP][PASSED] - openBrowser(""): Browser is opened with url: ''

2022-07-15 11:09:12 - [MESSAGE][INFO] - Starting 'Chrome' driver

2022-07-15 11:09:12 - [MESSAGE][INFO] - Action delay is set to 0 milliseconds

2022-07-15 11:09:14 - [MESSAGE][PASSED] - Browser is opened with url: ''

2022-07-15 11:09:14 - [TEST_STEP][PASSED] - navigateToUrl("https://soca.ai/home"): Navigate to 'https://soca.ai/home' successfully

2022-07-15 11:09:15 - [MESSAGE][PASSED] - Navigate to 'https://soca.ai/home' successfully

2022-07-15 11:09:15 - [TEST_STEP][PASSED] - click(findTestObject("Object Repository/tc21/Page_soca.ai/a_Sign In")): Object: 'Object Repository/tc21/Page_soca.ai/a_Sign In' is clicked on

2022-07-15 11:09:18 - [MESSAGE][PASSED] - Object: 'Object Repository/tc21/Page_soca.ai/a_Sign In' is clicked on

2022-07-15 11:09:18 - [TEST_STEP][PASSED] - click(findTestObject("Object Repository/tc21/Page_soca-dashboarduser/a_Sign Up")): Object: 'Object Repository/tc21/Page_soca-dashboarduser/a_Sign Up' is clicked on

2022-07-15 11:09:19 - [MESSAGE][PASSED] - Object: 'Object Repository/tc21/Page_soca-dashboarduser/a_Sign Up' is clicked on

2022-07-15 11:09:19 - [TEST_STEP][PASSED] - setText(findTestObject("Object Repository/tc21/Page_soca-dashboarduser/input_Fullname_form-control"), "Arpriansah"): Text 'Arpriansah' is set on object 'Object Repository/tc21/Page_soca-dashboarduser/input_Fullname_form-control'

2022-07-15 11:09:19 - [MESSAGE][PASSED] - Text 'Arpriansah' is set on object 'Object Repository/tc21/Page_soca-dashboarduser/input_Fullname_form-control'

2022-07-15 11:09:19 - [TEST_STEP][PASSED] - setText(findTestObject("Object Repository/tc21/Page_soca-dashboarduser/input_Email_form-control"), "arpriansah@gmail.com"): Text 'arpriansah@gmail.com' is set on object 'Object Repository/tc21/Page_soca-dashboarduser/input_Email_form-control'

2022-07-15 11:09:20 - [MESSAGE][PASSED] - Text 'arpriansah@gmail.com' is set on object 'Object Repository/tc21/Page_soca-dashboarduser/input_Email_form-control'

2022-07-15 11:09:20 - [TEST_STEP][PASSED] - setEncryptedText(findTestObject("Object Repository/tc21/Page_soca-dashboarduser/input_Password_form-control mb-2"), "V4yhZFEx0HfNPf2ts0Yqfg=="): Text ****** has been set on object 'Object Repository/tc21/Page_soca-dashboarduser/input_Password_form-control mb-2'

2022-07-15 11:09:20 - [MESSAGE][PASSED] - Text ****** has been set on object 'Object Repository/tc21/Page_soca-dashboarduser/input_Password_form-control mb-2'

2022-07-15 11:09:20 - [TEST_STEP][PASSED] - setText(findTestObject("tc21/Page_soca-dashboarduser/input_Position_form-control"), "test"): Text 'test' is set on object 'Object Repository/tc21/Page_soca-dashboarduser/input_Position_form-control'

2022-07-15 11:09:21 - [MESSAGE][PASSED] - Text 'test' is set on object 'Object Repository/tc21/Page_soca-dashboarduser/input_Position_form-control'

2022-07-15 11:09:21 - [TEST_STEP][PASSED] - setText(findTestObject("Object Repository/tc21/Page_soca-dashboarduser/input_Phone_form-control mb-2"), "082123456789"): Text '082123456789' is set on object 'Object Repository/tc21/Page_soca-dashboarduser/input_Phone_form-control mb-2'

2022-07-15 11:09:22 - [MESSAGE][PASSED] - Text '082123456789' is set on object 'Object Repository/tc21/Page_soca-dashboarduser/input_Phone_form-control mb-2'

2022-07-15 11:09:22 - [TEST_STEP][PASSED] - setText(findTestObject("Object Repository/tc21/Page_soca-dashboarduser/textarea_Description_form-control-textarea mb-2"), "test"): Text 'test' is set on object 'Object Repository/tc21/Page_soca-dashboarduser/textarea_Description_form-control-textarea mb-2'

2022-07-15 11:09:22 - [MESSAGE][PASSED] - Text 'test' is set on object 'Object Repository/tc21/Page_soca-dashboarduser/textarea_Description_form-control-textarea mb-2'

2022-07-15 11:09:22 - [TEST_STEP][PASSED] - selectOptionByValue(findTestObject("Object Repository/tc21/Page_soca-dashboarduser/select_IndividualCompany"), "company", true): All options with value 'company' are selected in object 'Object Repository/tc21/Page_soca-dashboarduser/select_IndividualCompany'  using regular expression

2022-07-15 11:09:23 - [MESSAGE][PASSED] - All options with value 'company' are selected in object 'Object Repository/tc21/Page_soca-dashboarduser/select_IndividualCompany'  using regular expression

2022-07-15 11:09:23 - [TEST_STEP][PASSED] - setText(findTestObject("tc21/Page_soca-dashboarduser/input_Company Name_form-control"), "Birutekno"): Text 'Birutekno' is set on object 'Object Repository/tc21/Page_soca-dashboarduser/input_Company Name_form-control'

2022-07-15 11:09:24 - [MESSAGE][PASSED] - Text 'Birutekno' is set on object 'Object Repository/tc21/Page_soca-dashboarduser/input_Company Name_form-control'

2022-07-15 11:09:24 - [TEST_STEP][PASSED] - click(findTestObject("tc21/Page_soca-dashboarduser/input_Email Company_form-control"), STOP_ON_FAILURE): Object: 'Object Repository/tc21/Page_soca-dashboarduser/input_Email Company_form-control' is clicked on

2022-07-15 11:09:25 - [MESSAGE][PASSED] - Object: 'Object Repository/tc21/Page_soca-dashboarduser/input_Email Company_form-control' is clicked on

2022-07-15 11:09:25 - [TEST_STEP][PASSED] - selectOptionByValue(findTestObject("Object Repository/tc21/Page_soca-dashboarduser/select_Industries"), "industries", true): All options with value 'industries' are selected in object 'Object Repository/tc21/Page_soca-dashboarduser/select_Industries'  using regular expression

2022-07-15 11:09:26 - [MESSAGE][PASSED] - All options with value 'industries' are selected in object 'Object Repository/tc21/Page_soca-dashboarduser/select_Industries'  using regular expression

2022-07-15 11:09:26 - [TEST_STEP][PASSED] - setText(findTestObject("tc21/Page_soca-dashboarduser/textarea_Address_form-control-textarea mb-2"), "Grand Sharon Residence"): Text 'Grand Sharon Residence' is set on object 'Object Repository/tc21/Page_soca-dashboarduser/textarea_Address_form-control-textarea mb-2'

2022-07-15 11:09:26 - [MESSAGE][PASSED] - Text 'Grand Sharon Residence' is set on object 'Object Repository/tc21/Page_soca-dashboarduser/textarea_Address_form-control-textarea mb-2'

2022-07-15 11:09:26 - [TEST_STEP][PASSED] - click(findTestObject("Object Repository/tc21/Page_soca-dashboarduser/input_I agree to SOCAand acknowledge SOCA_m_447596")): Object: 'Object Repository/tc21/Page_soca-dashboarduser/input_I agree to SOCAand acknowledge SOCA_m_447596' is clicked on

2022-07-15 11:09:27 - [MESSAGE][PASSED] - Object: 'Object Repository/tc21/Page_soca-dashboarduser/input_I agree to SOCAand acknowledge SOCA_m_447596' is clicked on

2022-07-15 11:09:27 - [TEST_STEP][PASSED] - click(findTestObject("Object Repository/tc21/Page_soca-dashboarduser/button_Sign Up")): Object: 'Object Repository/tc21/Page_soca-dashboarduser/button_Sign Up' is clicked on

2022-07-15 11:09:27 - [MESSAGE][PASSED] - Object: 'Object Repository/tc21/Page_soca-dashboarduser/button_Sign Up' is clicked on

2022-07-15 11:09:27 - [TEST_STEP][PASSED] - click(findTestObject("Object Repository/tc21/Page_soca-dashboarduser/button_OK")): Object: 'Object Repository/tc21/Page_soca-dashboarduser/button_OK' is clicked on

2022-07-15 11:09:28 - [MESSAGE][PASSED] - Object: 'Object Repository/tc21/Page_soca-dashboarduser/button_OK' is clicked on

2022-07-15 11:09:28 - [TEST_STEP][PASSED] - closeBrowser(): Browser is closed

2022-07-15 11:09:29 - [MESSAGE][PASSED] - Browser is closed]]></system-out>
         <system-err><![CDATA[]]></system-err>
      </testcase>
      <testcase name="Test Cases/TC_22" time="18.194" classname="Test Cases/TC_22" status="PASSED">
         <system-out><![CDATA[2022-07-15 11:09:29 - [TEST_CASE][PASSED] - Test Cases/TC_22: Test Cases/TC_22

2022-07-15 11:09:29 - [TEST_STEP][PASSED] - openBrowser(""): Browser is opened with url: ''

2022-07-15 11:09:29 - [MESSAGE][INFO] - Starting 'Chrome' driver

2022-07-15 11:09:29 - [MESSAGE][INFO] - Action delay is set to 0 milliseconds

2022-07-15 11:09:30 - [MESSAGE][PASSED] - Browser is opened with url: ''

2022-07-15 11:09:30 - [TEST_STEP][PASSED] - navigateToUrl("https://soca.ai/home"): Navigate to 'https://soca.ai/home' successfully

2022-07-15 11:09:31 - [MESSAGE][PASSED] - Navigate to 'https://soca.ai/home' successfully

2022-07-15 11:09:31 - [TEST_STEP][PASSED] - click(findTestObject("Object Repository/tc22/Page_soca.ai/a_Sign In")): Object: 'Object Repository/tc22/Page_soca.ai/a_Sign In' is clicked on

2022-07-15 11:09:37 - [MESSAGE][PASSED] - Object: 'Object Repository/tc22/Page_soca.ai/a_Sign In' is clicked on

2022-07-15 11:09:37 - [TEST_STEP][PASSED] - click(findTestObject("Object Repository/tc22/Page_soca-dashboarduser/a_Sign Up")): Object: 'Object Repository/tc22/Page_soca-dashboarduser/a_Sign Up' is clicked on

2022-07-15 11:09:37 - [MESSAGE][PASSED] - Object: 'Object Repository/tc22/Page_soca-dashboarduser/a_Sign Up' is clicked on

2022-07-15 11:09:37 - [TEST_STEP][PASSED] - setText(findTestObject("Object Repository/tc22/Page_soca-dashboarduser/input_Fullname_form-control"), "Arpriansah"): Text 'Arpriansah' is set on object 'Object Repository/tc22/Page_soca-dashboarduser/input_Fullname_form-control'

2022-07-15 11:09:38 - [MESSAGE][PASSED] - Text 'Arpriansah' is set on object 'Object Repository/tc22/Page_soca-dashboarduser/input_Fullname_form-control'

2022-07-15 11:09:38 - [TEST_STEP][PASSED] - setText(findTestObject("Object Repository/tc22/Page_soca-dashboarduser/input_Email_form-control"), "arpriansah@gmail.com"): Text 'arpriansah@gmail.com' is set on object 'Object Repository/tc22/Page_soca-dashboarduser/input_Email_form-control'

2022-07-15 11:09:39 - [MESSAGE][PASSED] - Text 'arpriansah@gmail.com' is set on object 'Object Repository/tc22/Page_soca-dashboarduser/input_Email_form-control'

2022-07-15 11:09:39 - [TEST_STEP][PASSED] - setEncryptedText(findTestObject("Object Repository/tc22/Page_soca-dashboarduser/input_Password_form-control mb-2"), "V4yhZFEx0HfNPf2ts0Yqfg=="): Text ****** has been set on object 'Object Repository/tc22/Page_soca-dashboarduser/input_Password_form-control mb-2'

2022-07-15 11:09:39 - [MESSAGE][PASSED] - Text ****** has been set on object 'Object Repository/tc22/Page_soca-dashboarduser/input_Password_form-control mb-2'

2022-07-15 11:09:39 - [TEST_STEP][PASSED] - setText(findTestObject("tc22/Page_soca-dashboarduser/input_Position_form-control"), "test"): Text 'test' is set on object 'Object Repository/tc22/Page_soca-dashboarduser/input_Position_form-control'

2022-07-15 11:09:40 - [MESSAGE][PASSED] - Text 'test' is set on object 'Object Repository/tc22/Page_soca-dashboarduser/input_Position_form-control'

2022-07-15 11:09:40 - [TEST_STEP][PASSED] - setText(findTestObject("Object Repository/tc22/Page_soca-dashboarduser/input_Phone_form-control mb-2"), "082123456789"): Text '082123456789' is set on object 'Object Repository/tc22/Page_soca-dashboarduser/input_Phone_form-control mb-2'

2022-07-15 11:09:41 - [MESSAGE][PASSED] - Text '082123456789' is set on object 'Object Repository/tc22/Page_soca-dashboarduser/input_Phone_form-control mb-2'

2022-07-15 11:09:41 - [TEST_STEP][PASSED] - setText(findTestObject("Object Repository/tc22/Page_soca-dashboarduser/textarea_Description_form-control-textarea mb-2"), "test"): Text 'test' is set on object 'Object Repository/tc22/Page_soca-dashboarduser/textarea_Description_form-control-textarea mb-2'

2022-07-15 11:09:41 - [MESSAGE][PASSED] - Text 'test' is set on object 'Object Repository/tc22/Page_soca-dashboarduser/textarea_Description_form-control-textarea mb-2'

2022-07-15 11:09:41 - [TEST_STEP][PASSED] - selectOptionByValue(findTestObject("Object Repository/tc22/Page_soca-dashboarduser/select_IndividualCompany"), "company", true): All options with value 'company' are selected in object 'Object Repository/tc22/Page_soca-dashboarduser/select_IndividualCompany'  using regular expression

2022-07-15 11:09:42 - [MESSAGE][PASSED] - All options with value 'company' are selected in object 'Object Repository/tc22/Page_soca-dashboarduser/select_IndividualCompany'  using regular expression

2022-07-15 11:09:42 - [TEST_STEP][PASSED] - click(findTestObject("tc22/Page_soca-dashboarduser/input_Company Name_form-control"), STOP_ON_FAILURE): Object: 'Object Repository/tc22/Page_soca-dashboarduser/input_Company Name_form-control' is clicked on

2022-07-15 11:09:43 - [MESSAGE][PASSED] - Object: 'Object Repository/tc22/Page_soca-dashboarduser/input_Company Name_form-control' is clicked on

2022-07-15 11:09:43 - [TEST_STEP][PASSED] - click(findTestObject("tc22/Page_soca-dashboarduser/input_Email Company_form-control"), STOP_ON_FAILURE): Object: 'Object Repository/tc22/Page_soca-dashboarduser/input_Email Company_form-control' is clicked on

2022-07-15 11:09:43 - [MESSAGE][PASSED] - Object: 'Object Repository/tc22/Page_soca-dashboarduser/input_Email Company_form-control' is clicked on

2022-07-15 11:09:43 - [TEST_STEP][PASSED] - selectOptionByValue(findTestObject("Object Repository/tc22/Page_soca-dashboarduser/select_Industries"), "industries", true): All options with value 'industries' are selected in object 'Object Repository/tc22/Page_soca-dashboarduser/select_Industries'  using regular expression

2022-07-15 11:09:44 - [MESSAGE][PASSED] - All options with value 'industries' are selected in object 'Object Repository/tc22/Page_soca-dashboarduser/select_Industries'  using regular expression

2022-07-15 11:09:44 - [TEST_STEP][PASSED] - click(findTestObject("tc22/Page_soca-dashboarduser/textarea_Address_form-control-textarea mb-2"), STOP_ON_FAILURE): Object: 'Object Repository/tc22/Page_soca-dashboarduser/textarea_Address_form-control-textarea mb-2' is clicked on

2022-07-15 11:09:45 - [MESSAGE][PASSED] - Object: 'Object Repository/tc22/Page_soca-dashboarduser/textarea_Address_form-control-textarea mb-2' is clicked on

2022-07-15 11:09:45 - [TEST_STEP][PASSED] - click(findTestObject("Object Repository/tc21/Page_soca-dashboarduser/input_I agree to SOCAand acknowledge SOCA_m_447596")): Object: 'Object Repository/tc21/Page_soca-dashboarduser/input_I agree to SOCAand acknowledge SOCA_m_447596' is clicked on

2022-07-15 11:09:45 - [MESSAGE][PASSED] - Object: 'Object Repository/tc21/Page_soca-dashboarduser/input_I agree to SOCAand acknowledge SOCA_m_447596' is clicked on

2022-07-15 11:09:45 - [TEST_STEP][PASSED] - click(findTestObject("Object Repository/tc22/Page_soca-dashboarduser/button_Sign Up")): Object: 'Object Repository/tc22/Page_soca-dashboarduser/button_Sign Up' is clicked on

2022-07-15 11:09:45 - [MESSAGE][PASSED] - Object: 'Object Repository/tc22/Page_soca-dashboarduser/button_Sign Up' is clicked on

2022-07-15 11:09:45 - [TEST_STEP][PASSED] - click(findTestObject("Object Repository/tc22/Page_soca-dashboarduser/button_OK")): Object: 'Object Repository/tc22/Page_soca-dashboarduser/button_OK' is clicked on

2022-07-15 11:09:46 - [MESSAGE][PASSED] - Object: 'Object Repository/tc22/Page_soca-dashboarduser/button_OK' is clicked on

2022-07-15 11:09:46 - [TEST_STEP][PASSED] - closeBrowser(): Browser is closed

2022-07-15 11:09:47 - [MESSAGE][PASSED] - Browser is closed]]></system-out>
         <system-err><![CDATA[]]></system-err>
      </testcase>
      <testcase name="Test Cases/TC_23" time="14.276" classname="Test Cases/TC_23" status="PASSED">
         <system-out><![CDATA[2022-07-15 11:09:47 - [TEST_CASE][PASSED] - Test Cases/TC_23: Test Cases/TC_23

2022-07-15 11:09:47 - [TEST_STEP][PASSED] - openBrowser(""): Browser is opened with url: ''

2022-07-15 11:09:47 - [MESSAGE][INFO] - Starting 'Chrome' driver

2022-07-15 11:09:47 - [MESSAGE][INFO] - Action delay is set to 0 milliseconds

2022-07-15 11:09:48 - [MESSAGE][PASSED] - Browser is opened with url: ''

2022-07-15 11:09:48 - [TEST_STEP][PASSED] - navigateToUrl("https://soca.ai/home"): Navigate to 'https://soca.ai/home' successfully

2022-07-15 11:09:49 - [MESSAGE][PASSED] - Navigate to 'https://soca.ai/home' successfully

2022-07-15 11:09:49 - [TEST_STEP][PASSED] - click(findTestObject("Object Repository/tc23/Page_soca.ai/a_Sign In")): Object: 'Object Repository/tc23/Page_soca.ai/a_Sign In' is clicked on

2022-07-15 11:09:52 - [MESSAGE][PASSED] - Object: 'Object Repository/tc23/Page_soca.ai/a_Sign In' is clicked on

2022-07-15 11:09:52 - [TEST_STEP][PASSED] - click(findTestObject("Object Repository/tc23/Page_soca-dashboarduser/a_Sign Up")): Object: 'Object Repository/tc23/Page_soca-dashboarduser/a_Sign Up' is clicked on

2022-07-15 11:09:52 - [MESSAGE][PASSED] - Object: 'Object Repository/tc23/Page_soca-dashboarduser/a_Sign Up' is clicked on

2022-07-15 11:09:52 - [TEST_STEP][PASSED] - setText(findTestObject("Object Repository/tc23/Page_soca-dashboarduser/input_Fullname_form-control"), "Arpriansah"): Text 'Arpriansah' is set on object 'Object Repository/tc23/Page_soca-dashboarduser/input_Fullname_form-control'

2022-07-15 11:09:53 - [MESSAGE][PASSED] - Text 'Arpriansah' is set on object 'Object Repository/tc23/Page_soca-dashboarduser/input_Fullname_form-control'

2022-07-15 11:09:53 - [TEST_STEP][PASSED] - setText(findTestObject("Object Repository/tc23/Page_soca-dashboarduser/input_Email_form-control"), "arpriansah@gmail.com"): Text 'arpriansah@gmail.com' is set on object 'Object Repository/tc23/Page_soca-dashboarduser/input_Email_form-control'

2022-07-15 11:09:54 - [MESSAGE][PASSED] - Text 'arpriansah@gmail.com' is set on object 'Object Repository/tc23/Page_soca-dashboarduser/input_Email_form-control'

2022-07-15 11:09:54 - [TEST_STEP][PASSED] - setEncryptedText(findTestObject("Object Repository/tc23/Page_soca-dashboarduser/input_Password_form-control mb-2"), "V4yhZFEx0HfNPf2ts0Yqfg=="): Text ****** has been set on object 'Object Repository/tc23/Page_soca-dashboarduser/input_Password_form-control mb-2'

2022-07-15 11:09:54 - [MESSAGE][PASSED] - Text ****** has been set on object 'Object Repository/tc23/Page_soca-dashboarduser/input_Password_form-control mb-2'

2022-07-15 11:09:54 - [TEST_STEP][PASSED] - setText(findTestObject("tc23/Page_soca-dashboarduser/input_Position_form-control"), "test"): Text 'test' is set on object 'Object Repository/tc23/Page_soca-dashboarduser/input_Position_form-control'

2022-07-15 11:09:55 - [MESSAGE][PASSED] - Text 'test' is set on object 'Object Repository/tc23/Page_soca-dashboarduser/input_Position_form-control'

2022-07-15 11:09:55 - [TEST_STEP][PASSED] - setText(findTestObject("Object Repository/tc23/Page_soca-dashboarduser/input_Phone_form-control mb-2"), "082123456789"): Text '082123456789' is set on object 'Object Repository/tc23/Page_soca-dashboarduser/input_Phone_form-control mb-2'

2022-07-15 11:09:56 - [MESSAGE][PASSED] - Text '082123456789' is set on object 'Object Repository/tc23/Page_soca-dashboarduser/input_Phone_form-control mb-2'

2022-07-15 11:09:56 - [TEST_STEP][PASSED] - setText(findTestObject("Object Repository/tc23/Page_soca-dashboarduser/textarea_Description_form-control-textarea mb-2"), "test"): Text 'test' is set on object 'Object Repository/tc23/Page_soca-dashboarduser/textarea_Description_form-control-textarea mb-2'

2022-07-15 11:09:56 - [MESSAGE][PASSED] - Text 'test' is set on object 'Object Repository/tc23/Page_soca-dashboarduser/textarea_Description_form-control-textarea mb-2'

2022-07-15 11:09:56 - [TEST_STEP][PASSED] - selectOptionByValue(findTestObject("Object Repository/tc23/Page_soca-dashboarduser/select_IndividualCompany"), "company", true): All options with value 'company' are selected in object 'Object Repository/tc23/Page_soca-dashboarduser/select_IndividualCompany'  using regular expression

2022-07-15 11:09:57 - [MESSAGE][PASSED] - All options with value 'company' are selected in object 'Object Repository/tc23/Page_soca-dashboarduser/select_IndividualCompany'  using regular expression

2022-07-15 11:09:57 - [TEST_STEP][PASSED] - setText(findTestObject("tc23/Page_soca-dashboarduser/input_Company Name_form-control"), "Birutekno"): Text 'Birutekno' is set on object 'Object Repository/tc23/Page_soca-dashboarduser/input_Company Name_form-control'

2022-07-15 11:09:58 - [MESSAGE][PASSED] - Text 'Birutekno' is set on object 'Object Repository/tc23/Page_soca-dashboarduser/input_Company Name_form-control'

2022-07-15 11:09:58 - [TEST_STEP][PASSED] - setText(findTestObject("tc23/Page_soca-dashboarduser/input_Email Company_form-control"), "birutekno@gmail.com"): Text 'birutekno@gmail.com' is set on object 'Object Repository/tc23/Page_soca-dashboarduser/input_Email Company_form-control'

2022-07-15 11:09:59 - [MESSAGE][PASSED] - Text 'birutekno@gmail.com' is set on object 'Object Repository/tc23/Page_soca-dashboarduser/input_Email Company_form-control'

2022-07-15 11:09:59 - [TEST_STEP][PASSED] - selectOptionByValue(findTestObject("Object Repository/tc23/Page_soca-dashboarduser/select_Industries"), "industries", true): All options with value 'industries' are selected in object 'Object Repository/tc23/Page_soca-dashboarduser/select_Industries'  using regular expression

2022-07-15 11:10:00 - [MESSAGE][PASSED] - All options with value 'industries' are selected in object 'Object Repository/tc23/Page_soca-dashboarduser/select_Industries'  using regular expression

2022-07-15 11:10:00 - [TEST_STEP][PASSED] - setText(findTestObject("tc23/Page_soca-dashboarduser/textarea_Address_form-control-textarea mb-2"), "Grand Sharon Residence"): Text 'Grand Sharon Residence' is set on object 'Object Repository/tc23/Page_soca-dashboarduser/textarea_Address_form-control-textarea mb-2'

2022-07-15 11:10:00 - [MESSAGE][PASSED] - Text 'Grand Sharon Residence' is set on object 'Object Repository/tc23/Page_soca-dashboarduser/textarea_Address_form-control-textarea mb-2'

2022-07-15 11:10:00 - [TEST_STEP][PASSED] - closeBrowser(): Browser is closed

2022-07-15 11:10:01 - [MESSAGE][PASSED] - Browser is closed]]></system-out>
         <system-err><![CDATA[]]></system-err>
      </testcase>
      <system-out><![CDATA[2022-07-15 11:06:56 - [TEST_SUITE][PASSED] - FR_03: Test Cases/TC_23]]></system-out>
      <system-err><![CDATA[]]></system-err>
   </testsuite>
</testsuites>
