<?xml version="1.0" encoding="UTF-8"?>
<testsuites name="FR_01" time="37.215" tests="4" failures="0" errors="0">
   <testsuite name="FR_01" tests="4" failures="0" errors="0" time="37.215" skipped="0" timestamp="2022-07-15 10:58:38" hostname="ASUS - LAPTOP-U8BGHACE" id="Test Suites/FR_01">
      <properties>
         <property name="deviceName" value=""/>
         <property name="devicePlatform" value=""/>
         <property name="logFolder" value="E:\\Telkom University\\SEMESTER 7\\KP\\Magang - Birutekno\\QC\\Soca-AI\\Reports\\20220715_105836\\FR_01\\20220715_105836"/>
         <property name="logFiles" value="E:\\Telkom University\\SEMESTER 7\\KP\\Magang - Birutekno\\QC\\Soca-AI\\Reports\\20220715_105836\\FR_01\\20220715_105836\\execution0.log"/>
         <property name="attachments" value=""/>
         <property name="hostName" value="ASUS - LAPTOP-U8BGHACE"/>
         <property name="os" value="Windows 10 64bit"/>
         <property name="katalonVersion" value="8.4.0.208"/>
         <property name="browser" value="Chrome 103.0.5060.114"/>
         <property name="hostAddress" value="192.168.1.8"/>
         <property name="sessionId" value="87c6e4886ba8849508e8f7e30e7fd659"/>
         <property name="seleniumVersion" value="3.141.59"/>
         <property name="proxyInformation" value="ProxyInformation { proxyOption=NO_PROXY, proxyServerType=HTTP, username=, password=********, proxyServerAddress=, proxyServerPort=0, executionList=&quot;&quot;, isApplyToDesiredCapabilities=true }"/>
         <property name="platform" value="Windows 10"/>
      </properties>
      <testcase name="Test Cases/TC_01" time="9.423" classname="Test Cases/TC_01" status="PASSED">
         <system-out><![CDATA[2022-07-15 10:58:38 - [TEST_CASE][PASSED] - Test Cases/TC_01: Test Cases/TC_01

2022-07-15 10:58:38 - [TEST_STEP][PASSED] - openBrowser(""): Browser is opened with url: ''

2022-07-15 10:58:39 - [MESSAGE][INFO] - Starting 'Chrome' driver

2022-07-15 10:58:39 - [MESSAGE][INFO] - Action delay is set to 0 milliseconds

2022-07-15 10:58:41 - [MESSAGE][PASSED] - Browser is opened with url: ''

2022-07-15 10:58:41 - [TEST_STEP][PASSED] - navigateToUrl("https://soca.ai/home"): Navigate to 'https://soca.ai/home' successfully

2022-07-15 10:58:42 - [MESSAGE][PASSED] - Navigate to 'https://soca.ai/home' successfully

2022-07-15 10:58:42 - [TEST_STEP][PASSED] - click(findTestObject("Object Repository/tc01/Page_soca.ai/a_Sign In")): Object: 'Object Repository/tc01/Page_soca.ai/a_Sign In' is clicked on

2022-07-15 10:58:45 - [MESSAGE][PASSED] - Object: 'Object Repository/tc01/Page_soca.ai/a_Sign In' is clicked on

2022-07-15 10:58:45 - [TEST_STEP][PASSED] - setText(findTestObject("Object Repository/tc01/Page_soca-dashboarduser/input_Email_form-control"), "kp3skp.dev@gmail.com"): Text 'kp3skp.dev@gmail.com' is set on object 'Object Repository/tc01/Page_soca-dashboarduser/input_Email_form-control'

2022-07-15 10:58:45 - [MESSAGE][PASSED] - Text 'kp3skp.dev@gmail.com' is set on object 'Object Repository/tc01/Page_soca-dashboarduser/input_Email_form-control'

2022-07-15 10:58:45 - [TEST_STEP][PASSED] - setEncryptedText(findTestObject("Object Repository/tc01/Page_soca-dashboarduser/input_Password_form-control mb-2"), "RigbBhfdqODKcAsiUrg+1Q=="): Text ****** has been set on object 'Object Repository/tc01/Page_soca-dashboarduser/input_Password_form-control mb-2'

2022-07-15 10:58:46 - [MESSAGE][PASSED] - Text ****** has been set on object 'Object Repository/tc01/Page_soca-dashboarduser/input_Password_form-control mb-2'

2022-07-15 10:58:46 - [TEST_STEP][PASSED] - sendKeys(findTestObject("Object Repository/tc01/Page_soca-dashboarduser/input_Password_form-control mb-2"), Keys.chord(ENTER)): Keys 'ENTER + ' sent to object: 'Object Repository/tc01/Page_soca-dashboarduser/input_Password_form-control mb-2'

2022-07-15 10:58:46 - [MESSAGE][PASSED] - Keys 'ENTER + ' sent to object: 'Object Repository/tc01/Page_soca-dashboarduser/input_Password_form-control mb-2'

2022-07-15 10:58:46 - [TEST_STEP][PASSED] - click(findTestObject("Object Repository/tc01/Page_soca-dashboarduser/button_OK")): Object: 'Object Repository/tc01/Page_soca-dashboarduser/button_OK' is clicked on

2022-07-15 10:58:47 - [MESSAGE][PASSED] - Object: 'Object Repository/tc01/Page_soca-dashboarduser/button_OK' is clicked on

2022-07-15 10:58:47 - [TEST_STEP][PASSED] - closeBrowser(): Browser is closed

2022-07-15 10:58:48 - [MESSAGE][PASSED] - Browser is closed]]></system-out>
         <system-err><![CDATA[]]></system-err>
      </testcase>
      <testcase name="Test Cases/TC_02" time="9.453" classname="Test Cases/TC_02" status="PASSED">
         <system-out><![CDATA[2022-07-15 10:58:48 - [TEST_CASE][PASSED] - Test Cases/TC_02: Test Cases/TC_02

2022-07-15 10:58:48 - [TEST_STEP][PASSED] - openBrowser(""): Browser is opened with url: ''

2022-07-15 10:58:48 - [MESSAGE][INFO] - Starting 'Chrome' driver

2022-07-15 10:58:48 - [MESSAGE][INFO] - Action delay is set to 0 milliseconds

2022-07-15 10:58:49 - [MESSAGE][PASSED] - Browser is opened with url: ''

2022-07-15 10:58:49 - [TEST_STEP][PASSED] - navigateToUrl("https://soca.ai/home"): Navigate to 'https://soca.ai/home' successfully

2022-07-15 10:58:51 - [MESSAGE][PASSED] - Navigate to 'https://soca.ai/home' successfully

2022-07-15 10:58:51 - [TEST_STEP][PASSED] - click(findTestObject("Object Repository/tc02/Page_soca.ai/a_Sign In")): Object: 'Object Repository/tc02/Page_soca.ai/a_Sign In' is clicked on

2022-07-15 10:58:53 - [MESSAGE][PASSED] - Object: 'Object Repository/tc02/Page_soca.ai/a_Sign In' is clicked on

2022-07-15 10:58:53 - [TEST_STEP][PASSED] - setText(findTestObject("Object Repository/tc02/Page_soca-dashboarduser/input_Email_form-control"), "kp3skp.dev@gmail.com"): Text 'kp3skp.dev@gmail.com' is set on object 'Object Repository/tc02/Page_soca-dashboarduser/input_Email_form-control'

2022-07-15 10:58:54 - [MESSAGE][PASSED] - Text 'kp3skp.dev@gmail.com' is set on object 'Object Repository/tc02/Page_soca-dashboarduser/input_Email_form-control'

2022-07-15 10:58:54 - [TEST_STEP][PASSED] - setEncryptedText(findTestObject("Object Repository/tc02/Page_soca-dashboarduser/input_Password_form-control mb-2"), "nbPRAawFRnE="): Text ****** has been set on object 'Object Repository/tc02/Page_soca-dashboarduser/input_Password_form-control mb-2'

2022-07-15 10:58:55 - [MESSAGE][PASSED] - Text ****** has been set on object 'Object Repository/tc02/Page_soca-dashboarduser/input_Password_form-control mb-2'

2022-07-15 10:58:55 - [TEST_STEP][PASSED] - sendKeys(findTestObject("Object Repository/tc02/Page_soca-dashboarduser/input_Password_form-control mb-2"), Keys.chord(ENTER)): Keys 'ENTER + ' sent to object: 'Object Repository/tc02/Page_soca-dashboarduser/input_Password_form-control mb-2'

2022-07-15 10:58:55 - [MESSAGE][PASSED] - Keys 'ENTER + ' sent to object: 'Object Repository/tc02/Page_soca-dashboarduser/input_Password_form-control mb-2'

2022-07-15 10:58:55 - [TEST_STEP][PASSED] - click(findTestObject("Object Repository/tc02/Page_soca-dashboarduser/button_OK")): Object: 'Object Repository/tc02/Page_soca-dashboarduser/button_OK' is clicked on

2022-07-15 10:58:56 - [MESSAGE][PASSED] - Object: 'Object Repository/tc02/Page_soca-dashboarduser/button_OK' is clicked on

2022-07-15 10:58:56 - [TEST_STEP][PASSED] - closeBrowser(): Browser is closed

2022-07-15 10:58:57 - [MESSAGE][PASSED] - Browser is closed]]></system-out>
         <system-err><![CDATA[]]></system-err>
      </testcase>
      <testcase name="Test Cases/TC_03" time="9.295" classname="Test Cases/TC_03" status="PASSED">
         <system-out><![CDATA[2022-07-15 10:58:57 - [TEST_CASE][PASSED] - Test Cases/TC_03: Test Cases/TC_03

2022-07-15 10:58:57 - [TEST_STEP][PASSED] - openBrowser(""): Browser is opened with url: ''

2022-07-15 10:58:57 - [MESSAGE][INFO] - Starting 'Chrome' driver

2022-07-15 10:58:57 - [MESSAGE][INFO] - Action delay is set to 0 milliseconds

2022-07-15 10:58:58 - [MESSAGE][PASSED] - Browser is opened with url: ''

2022-07-15 10:58:58 - [TEST_STEP][PASSED] - navigateToUrl("https://soca.ai/home"): Navigate to 'https://soca.ai/home' successfully

2022-07-15 10:59:00 - [MESSAGE][PASSED] - Navigate to 'https://soca.ai/home' successfully

2022-07-15 10:59:00 - [TEST_STEP][PASSED] - click(findTestObject("Object Repository/tc03/Page_soca.ai/a_Sign In")): Object: 'Object Repository/tc03/Page_soca.ai/a_Sign In' is clicked on

2022-07-15 10:59:03 - [MESSAGE][PASSED] - Object: 'Object Repository/tc03/Page_soca.ai/a_Sign In' is clicked on

2022-07-15 10:59:03 - [TEST_STEP][PASSED] - setText(findTestObject("Object Repository/tc03/Page_soca-dashboarduser/input_Email_form-control"), "qwerty@gmail.com"): Text 'qwerty@gmail.com' is set on object 'Object Repository/tc03/Page_soca-dashboarduser/input_Email_form-control'

2022-07-15 10:59:04 - [MESSAGE][PASSED] - Text 'qwerty@gmail.com' is set on object 'Object Repository/tc03/Page_soca-dashboarduser/input_Email_form-control'

2022-07-15 10:59:04 - [TEST_STEP][PASSED] - setEncryptedText(findTestObject("Object Repository/tc03/Page_soca-dashboarduser/input_Password_form-control mb-2"), "RigbBhfdqODKcAsiUrg+1Q=="): Text ****** has been set on object 'Object Repository/tc03/Page_soca-dashboarduser/input_Password_form-control mb-2'

2022-07-15 10:59:05 - [MESSAGE][PASSED] - Text ****** has been set on object 'Object Repository/tc03/Page_soca-dashboarduser/input_Password_form-control mb-2'

2022-07-15 10:59:05 - [TEST_STEP][PASSED] - sendKeys(findTestObject("Object Repository/tc03/Page_soca-dashboarduser/input_Password_form-control mb-2"), Keys.chord(ENTER)): Keys 'ENTER + ' sent to object: 'Object Repository/tc03/Page_soca-dashboarduser/input_Password_form-control mb-2'

2022-07-15 10:59:05 - [MESSAGE][PASSED] - Keys 'ENTER + ' sent to object: 'Object Repository/tc03/Page_soca-dashboarduser/input_Password_form-control mb-2'

2022-07-15 10:59:05 - [TEST_STEP][PASSED] - click(findTestObject("Object Repository/tc03/Page_soca-dashboarduser/button_OK")): Object: 'Object Repository/tc03/Page_soca-dashboarduser/button_OK' is clicked on

2022-07-15 10:59:06 - [MESSAGE][PASSED] - Object: 'Object Repository/tc03/Page_soca-dashboarduser/button_OK' is clicked on

2022-07-15 10:59:06 - [TEST_STEP][PASSED] - closeBrowser(): Browser is closed

2022-07-15 10:59:06 - [MESSAGE][PASSED] - Browser is closed]]></system-out>
         <system-err><![CDATA[]]></system-err>
      </testcase>
      <testcase name="Test Cases/TC_04" time="8.807" classname="Test Cases/TC_04" status="PASSED">
         <system-out><![CDATA[2022-07-15 10:59:06 - [TEST_CASE][PASSED] - Test Cases/TC_04: Test Cases/TC_04

2022-07-15 10:59:06 - [TEST_STEP][PASSED] - openBrowser(""): Browser is opened with url: ''

2022-07-15 10:59:06 - [MESSAGE][INFO] - Starting 'Chrome' driver

2022-07-15 10:59:06 - [MESSAGE][INFO] - Action delay is set to 0 milliseconds

2022-07-15 10:59:08 - [MESSAGE][PASSED] - Browser is opened with url: ''

2022-07-15 10:59:08 - [TEST_STEP][PASSED] - navigateToUrl("https://soca.ai/home"): Navigate to 'https://soca.ai/home' successfully

2022-07-15 10:59:09 - [MESSAGE][PASSED] - Navigate to 'https://soca.ai/home' successfully

2022-07-15 10:59:09 - [TEST_STEP][PASSED] - click(findTestObject("Object Repository/tc04/Page_soca.ai/a_Sign In")): Object: 'Object Repository/tc04/Page_soca.ai/a_Sign In' is clicked on

2022-07-15 10:59:12 - [MESSAGE][PASSED] - Object: 'Object Repository/tc04/Page_soca.ai/a_Sign In' is clicked on

2022-07-15 10:59:12 - [TEST_STEP][PASSED] - setText(findTestObject("Object Repository/tc04/Page_soca-dashboarduser/input_Email_form-control"), "qwerty@gmail.com"): Text 'qwerty@gmail.com' is set on object 'Object Repository/tc04/Page_soca-dashboarduser/input_Email_form-control'

2022-07-15 10:59:13 - [MESSAGE][PASSED] - Text 'qwerty@gmail.com' is set on object 'Object Repository/tc04/Page_soca-dashboarduser/input_Email_form-control'

2022-07-15 10:59:13 - [TEST_STEP][PASSED] - setEncryptedText(findTestObject("Object Repository/tc04/Page_soca-dashboarduser/input_Password_form-control mb-2"), "nbPRAawFRnE="): Text ****** has been set on object 'Object Repository/tc04/Page_soca-dashboarduser/input_Password_form-control mb-2'

2022-07-15 10:59:13 - [MESSAGE][PASSED] - Text ****** has been set on object 'Object Repository/tc04/Page_soca-dashboarduser/input_Password_form-control mb-2'

2022-07-15 10:59:13 - [TEST_STEP][PASSED] - sendKeys(findTestObject("Object Repository/tc04/Page_soca-dashboarduser/input_Password_form-control mb-2"), Keys.chord(ENTER)): Keys 'ENTER + ' sent to object: 'Object Repository/tc04/Page_soca-dashboarduser/input_Password_form-control mb-2'

2022-07-15 10:59:14 - [MESSAGE][PASSED] - Keys 'ENTER + ' sent to object: 'Object Repository/tc04/Page_soca-dashboarduser/input_Password_form-control mb-2'

2022-07-15 10:59:14 - [TEST_STEP][PASSED] - click(findTestObject("Object Repository/tc04/Page_soca-dashboarduser/button_OK")): Object: 'Object Repository/tc04/Page_soca-dashboarduser/button_OK' is clicked on

2022-07-15 10:59:14 - [MESSAGE][PASSED] - Object: 'Object Repository/tc04/Page_soca-dashboarduser/button_OK' is clicked on

2022-07-15 10:59:14 - [TEST_STEP][PASSED] - closeBrowser(): Browser is closed

2022-07-15 10:59:15 - [MESSAGE][PASSED] - Browser is closed]]></system-out>
         <system-err><![CDATA[]]></system-err>
      </testcase>
      <system-out><![CDATA[2022-07-15 10:58:38 - [TEST_SUITE][PASSED] - FR_01: Test Cases/TC_04]]></system-out>
      <system-err><![CDATA[]]></system-err>
   </testsuite>
</testsuites>
